member_activates_role1,member_activates_role2,member_deactivates_role2
---
0,0,0;0,1,1;1,0,0;0,0,1;1,0,0;1,1,0;0,1,1;0,0,1;0,0,0;0,0,1
0,0,0;1,1,1;1,1,1;1,1,1;0,0,0;1,0,1;1,0,1;0,0,1;1,0,1;1,1,1
0,0,1;1,1,1;0,1,1;1,0,1;0,0,1;0,1,1;1,1,1;0,1,1;1,1,0;0,0,0
0,0,1;0,0,0;1,0,0;1,1,0;0,0,1;0,1,1;0,0,1;0,0,1;0,0,0;0,1,0
0,0,1;0,0,1;1,1,0;0,0,1;0,0,1;1,0,0;0,0,0;0,0,1;0,0,1;0,1,0
0,0,1;0,0,0;1,0,1;1,0,0;1,0,0;0,0,0;0,1,1;1,0,1;1,1,1;0,0,1
0,0,1;1,1,1;0,0,1;0,0,1;0,1,0;0,1,1;0,0,1;1,1,1;1,0,1;1,0,1
0,0,0;0,1,1;0,1,0;0,1,1;0,1,1;1,0,0;1,1,1;0,1,1;0,1,0;0,1,0
0,1,1;0,0,0;0,0,1;0,0,1;1,1,0;0,0,1;1,0,1;1,0,1;1,1,0;0,1,1
0,0,1;0,0,1;1,0,1;1,1,1;1,1,0;0,1,1;1,1,1;1,0,1;0,0,1;1,1,0
0,0,1;0,1,0;0,0,0;0,1,1;1,0,1;0,0,1;1,1,0;0,0,1;1,0,0;0,0,0
0,0,1;1,0,1;1,0,1;0,0,0;1,0,1;1,0,1;0,1,1;0,1,1;1,1,1;0,1,1
0,1,1;1,1,1;0,0,1;0,0,1;0,0,0;0,0,0;0,1,1;1,0,1;0,0,0;1,0,1
0,1,1;0,1,1;0,0,0;1,0,0;1,1,1;0,0,1;1,0,1;1,0,1;1,0,0;1,0,1
0,1,0;0,1,1;0,0,0;1,1,1;1,0,0;0,0,0;1,0,1;1,0,1;0,1,1;1,1,0
0,0,0;0,1,1;0,0,0;0,0,1;1,1,0;0,0,0;0,1,1;1,1,0;0,0,0;0,1,1
0,0,0;1,0,1;1,0,0;1,1,1;1,1,1;1,0,1;0,0,0;0,0,0;1,1,1;1,1,0
0,1,1;1,0,1;0,0,1;0,0,0;1,0,1;1,0,1;1,0,1;0,0,1;0,0,0;0,1,0
0,0,0;1,0,0;1,1,1;0,1,0;0,1,0;0,0,1;1,1,0;0,0,0;0,1,1;0,1,1
0,1,1;0,0,1;1,1,1;1,1,1;1,1,1;1,0,0;1,1,1;1,0,1;1,1,1;1,0,1
0,1,0;0,1,1;1,0,1;0,1,0;0,0,1;0,1,0;0,1,1;0,0,0;0,0,0;1,0,1
0,0,0;0,0,1;0,0,1;0,0,1;1,0,0;0,0,1;0,0,1;0,1,0;0,1,1;1,0,0
0,0,0;1,1,1;0,1,1;0,1,1;0,0,1;1,1,1;1,1,1;1,0,1;1,1,1;0,0,0
0,0,0;1,1,1;0,0,0;0,0,1;1,0,0;0,1,1;1,0,0;0,1,1;0,0,0;0,0,1
0,0,0;1,1,0;0,1,0;0,1,1;1,0,1;0,1,1;1,0,1;0,0,1;1,1,1;1,1,1
0,0,0;1,1,0;0,1,1;0,1,1;1,0,0;1,1,1;0,1,0;0,1,1;1,1,1;1,0,1
0,0,0;1,1,1;1,1,0;0,1,0;0,1,0;0,1,0;0,0,1;1,1,1;0,0,1;0,1,1
0,0,0;1,0,0;1,1,0;0,1,1;0,0,1;0,1,1;1,1,0;0,1,1;1,0,0;0,1,0
0,1,1;0,0,1;1,1,1;1,0,1;1,1,1;1,1,1;1,0,1;1,0,0;1,0,1;1,0,0
0,0,0;0,1,1;0,0,0;0,1,0;0,1,1;1,0,1;0,1,0;0,0,1;0,0,0;1,0,0
0,1,0;0,1,1;0,1,1;1,0,1;0,0,1;1,1,1;0,0,0;1,1,1;1,1,1;0,0,0
0,1,1;0,0,1;0,1,0;0,0,0;0,1,1;1,1,0;0,1,1;1,0,0;1,1,1;0,0,1
0,0,0;1,0,1;0,0,1;0,1,0;0,0,0;0,0,0;0,0,0;0,1,1;1,0,1;1,1,1
0,0,1;0,1,0;0,1,1;0,0,1;1,1,1;0,0,0;1,1,1;0,1,0;0,1,1;0,1,1
0,1,0;0,1,1;1,1,0;0,0,1;1,0,1;0,0,0;0,0,0;1,1,0;0,1,1;1,0,1
0,0,0;0,1,1;0,0,1;0,1,1;1,1,1;1,0,0;0,1,1;1,0,1;0,1,0;0,1,0
0,0,0;1,0,1;1,1,1;0,1,1;1,1,0;0,1,1;0,0,1;1,1,1;1,0,1;1,1,0
0,1,1;1,1,1;0,0,0;0,0,1;1,0,0;1,0,1;1,0,0;1,1,1;1,1,1;0,1,0
0,0,0;1,1,0;0,0,0;0,0,1;1,1,1;1,0,1;0,0,0;1,1,1;0,0,0;1,1,1
0,0,0;1,0,0;0,0,0;1,0,1;0,1,0;0,1,1;1,0,1;1,0,0;0,1,1;1,1,0
0,0,1;0,0,0;0,0,1;1,0,1;0,1,0;0,0,1;1,0,0;0,0,0;0,0,0;1,1,0
0,1,1;0,0,0;1,1,1;0,1,1;1,0,0;0,0,1;0,0,0;1,0,1;1,1,0;0,1,0
0,0,0;1,1,1;0,1,1;0,1,1;0,0,1;1,0,0;0,0,0;0,0,0;1,0,1;0,1,1
0,1,1;1,1,1;0,0,0;1,0,1;0,1,0;0,1,1;1,0,0;0,1,1;0,1,0;0,0,1
0,0,1;1,0,1;0,0,0;1,0,1;0,1,0;0,1,1;0,1,1;0,0,1;1,1,1;1,1,0
0,0,0;0,1,1;0,0,0;0,1,1;0,0,0;0,0,0;0,0,1;0,1,1;1,0,1;1,1,0
0,0,0;1,1,1;0,0,1;1,1,1;0,0,1;0,0,1;1,1,1;0,0,0;0,0,0;1,0,1
0,1,1;0,0,1;0,1,1;1,0,0;0,1,1;1,0,1;0,1,0;0,0,0;0,1,0;0,1,1
0,1,1;0,1,1;1,0,0;0,0,1;0,0,0;0,0,1;1,1,0;0,0,0;0,0,1;1,0,0
0,1,1;1,0,1;0,1,1;1,1,1;0,0,0;1,0,1;0,0,1;1,0,0;1,1,0;0,0,1
0,0,1;0,1,0;0,0,1;0,1,1;0,0,1;0,0,0;0,0,1;1,1,1;1,1,1;0,0,1
0,0,0;1,1,1;0,1,1;1,1,0;0,0,1;1,0,0;0,1,1;0,0,0;0,1,1;0,1,1
0,1,0;0,0,1;1,0,1;1,0,0;0,0,1;0,1,1;0,1,1;1,1,1;0,1,0;0,1,1
0,1,0;0,0,0;0,1,1;1,0,0;1,0,1;1,0,0;1,0,1;0,0,0;0,1,1;0,1,1
0,0,0;1,1,0;0,0,1;0,1,1;1,0,1;1,1,1;0,0,0;0,0,1;0,1,0;0,1,1
0,1,0;0,0,1;1,0,1;1,1,1;1,1,1;0,1,1;1,0,1;0,0,1;0,1,1;1,1,0
0,1,1;1,0,0;1,1,1;1,1,1;1,0,1;0,0,0;0,0,0;1,0,0;1,0,1;0,0,0
0,1,1;0,0,0;0,0,1;1,1,1;0,1,1;0,0,1;0,0,0;1,0,0;1,0,0;0,0,1
0,1,1;0,1,1;1,0,0;1,0,1;1,1,1;0,0,1;0,1,0;0,0,1;1,0,0;1,0,0
0,1,1;0,0,1;0,1,1;1,0,0;1,1,1;0,0,0;0,1,1;1,0,0;1,1,0;0,0,1
0,1,1;0,0,1;0,1,1;0,1,1;1,0,0;1,0,1;0,1,1;1,0,1;1,0,1;1,1,1
0,0,1;1,0,0;1,0,0;1,0,1;0,1,1;1,0,0;1,1,0;0,0,1;0,1,1;0,0,0
0,1,0;0,1,0;0,1,1;1,0,0;0,0,1;0,0,1;0,1,0;0,0,1;1,0,1;0,1,1
0,0,0;0,1,1;0,0,1;0,1,1;0,0,0;1,1,1;0,1,1;0,1,0;0,0,1;0,1,1
0,1,1;0,0,0;0,0,1;0,0,0;1,0,1;0,1,1;0,0,0;0,1,1;0,0,0;0,0,0
0,1,1;1,1,0;0,1,1;1,1,0;0,1,0;0,0,1;1,0,0;1,0,0;0,0,0;0,1,1
0,1,1;1,0,1;0,1,0;0,1,1;1,0,1;0,0,1;0,0,1;0,1,1;0,0,0;0,0,0
0,0,1;1,1,1;1,1,0;0,1,0;0,1,1;1,1,1;1,0,0;0,1,1;0,1,1;0,0,0
0,1,1;1,0,1;1,0,1;1,1,1;0,0,0;0,0,1;1,0,1;1,0,0;0,1,1;1,0,1
0,1,1;1,1,1;1,0,0;0,1,0;0,1,1;0,1,1;1,0,0;1,0,0;1,1,0;0,1,0
0,0,1;0,0,1;0,0,0;1,0,1;1,1,1;0,0,1;0,1,1;0,0,0;1,1,1;0,1,0
0,0,0;1,0,0;1,1,1;0,1,0;0,1,1;1,1,1;1,0,1;0,0,1;0,1,1;1,1,0
0,1,1;1,1,1;0,0,0;0,0,1;1,1,1;1,1,1;0,0,0;1,0,0;1,1,1;1,1,0
0,0,1;1,0,1;0,1,0;0,0,1;1,1,0;0,0,1;0,0,1;1,0,0;0,1,1;1,0,0
0,0,1;1,0,1;0,1,1;1,0,1;1,0,0;1,0,1;0,0,0;0,1,1;0,1,1;0,0,1
0,0,0;1,0,0;1,0,0;0,0,1;1,0,1;0,1,1;1,0,0;1,1,1;1,0,0;1,1,1
0,1,1;0,1,0;0,1,1;1,0,1;1,0,1;0,0,1;1,0,0;0,1,1;0,1,1;1,1,1
0,0,0;1,0,1;0,1,1;0,0,1;1,0,1;1,1,0;0,0,1;0,1,1;0,0,1;1,0,0
0,1,0;0,1,0;0,1,0;0,1,1;1,0,1;0,1,1;1,1,1;1,1,0;0,0,0;0,0,0
0,0,0;1,1,1;0,1,1;0,1,0;0,1,0;0,1,1;1,1,1;0,0,0;0,0,0;1,1,0
0,0,0;1,0,0;1,1,1;1,0,0;1,0,0;1,0,0;1,0,1;1,1,1;0,0,0;1,0,0
0,0,0;0,0,1;0,1,1;0,0,1;1,0,1;0,0,1;0,1,1;0,0,1;0,1,1;1,0,0
0,0,0;0,0,0;0,1,0;0,1,0;0,1,0;0,1,0;0,0,1;1,0,0;1,1,1;0,1,1
0,0,0;1,0,0;1,0,0;1,0,0;0,1,0;0,1,0;0,1,1;0,1,1;1,0,1;0,0,1
0,1,0;0,1,1;0,0,0;1,1,0;0,0,1;1,0,0;1,1,1;0,1,1;0,0,1;1,0,1
0,0,1;0,0,1;0,1,1;1,0,1;0,0,0;0,0,1;0,0,1;1,0,0;1,0,1;0,1,0
0,1,1;0,0,0;1,1,1;1,0,1;1,1,1;0,1,1;1,1,1;1,1,1;0,0,1;1,1,1
0,0,0;1,0,1;1,1,0;0,0,1;1,0,1;1,0,0;0,1,1;0,0,1;1,0,1;0,1,1
0,0,1;0,0,0;0,1,1;0,0,0;0,0,1;0,0,1;1,0,0;0,1,1;0,0,1;0,1,1
0,1,0;0,1,1;1,0,1;0,0,1;0,0,1;0,1,0;0,0,1;0,0,1;1,0,1;0,0,1
0,1,0;0,1,1;1,0,1;1,0,0;1,0,0;0,0,0;0,1,1;0,0,0;0,1,0;0,0,1
0,0,0;0,1,1;1,0,1;1,1,0;0,0,1;1,0,0;0,1,1;1,1,1;0,0,0;1,0,0
0,1,0;0,0,1;0,0,1;0,0,0;1,1,1;0,0,1;0,0,1;1,0,0;0,1,1;1,0,1
0,0,1;0,0,1;0,0,0;0,0,1;1,1,1;0,0,1;1,0,0;1,0,0;1,1,0;0,0,0
0,1,1;0,1,1;1,1,0;0,0,1;1,1,1;1,0,1;0,0,1;0,1,1;0,1,0;0,0,1
0,0,0;0,1,1;0,1,1;0,1,1;1,0,0;1,1,1;0,0,1;0,1,0;0,0,1;0,1,0
0,1,0;0,1,1;1,0,1;0,1,1;0,1,0;0,1,1;1,0,1;0,0,0;0,1,1;0,0,1
0,0,0;0,1,0;0,0,1;1,1,0;0,1,1;1,0,0;0,0,0;0,0,0;1,1,1;0,0,0
0,0,0;1,0,0;1,0,0;0,0,1;0,1,1;1,0,0;0,0,1;1,0,1;1,1,1;1,1,0
0,0,0;0,0,0;0,0,0;1,0,1;0,0,1;1,0,0;0,0,0;1,0,1;0,1,1;0,0,1
0,0,0;0,0,1;1,1,1;1,1,1;0,1,1;1,1,1;0,1,0;0,1,0;0,0,1;0,0,0
0,0,0;1,0,1;1,1,0;0,1,1;0,1,1;0,0,0;0,1,0;0,1,0;0,1,1;1,1,0
0,1,0;0,1,1;0,0,1;1,0,0;0,0,1;1,0,1;1,1,0;0,1,1;0,1,0;0,1,1
0,0,0;0,0,1;1,0,0;1,1,1;0,0,1;1,0,0;0,1,1;1,1,1;1,1,1;0,1,0
0,0,0;0,0,1;0,0,0;1,1,1;0,1,1;1,1,1;1,0,0;0,0,1;0,0,1;0,0,1
0,0,1;1,1,1;0,1,1;1,0,0;0,0,1;1,0,1;1,0,1;0,1,1;0,0,1;1,0,0
0,0,0;1,1,0;0,0,0;0,1,1;1,0,1;1,1,1;1,1,0;0,1,0;0,1,1;0,0,1
0,1,1;0,1,1;1,0,1;0,1,0;0,1,0;0,0,1;1,1,1;0,1,1;1,1,1;1,1,1
0,0,0;0,0,0;0,0,0;1,0,0;1,0,1;1,1,0;0,1,1;0,1,1;0,0,1;0,1,0
0,0,1;1,0,0;1,0,0;1,0,0;1,1,1;1,0,0;1,0,1;0,0,0;0,0,1;1,1,1
0,0,1;0,0,0;1,0,1;1,0,1;0,1,1;1,0,1;0,1,1;0,1,0;0,0,1;1,1,0
0,1,1;1,0,1;1,1,1;1,1,1;0,1,1;0,0,1;0,0,1;0,0,0;0,0,1;1,1,1
0,1,1;1,0,0;0,1,1;1,0,1;1,0,1;1,0,1;0,0,1;0,1,1;1,0,1;0,1,0
0,1,1;0,0,0;1,1,0;0,0,0;0,1,1;1,1,1;0,1,0;0,0,1;1,0,1;1,0,0
0,0,0;0,1,1;0,0,0;1,0,0;1,1,1;1,0,0;0,0,1;1,0,0;1,1,1;0,1,0
0,1,1;1,1,0;0,1,1;1,0,1;0,0,0;1,0,1;0,1,0;0,0,1;0,0,1;1,0,1
0,0,0;1,0,1;1,0,1;1,1,0;0,1,0;0,1,0;0,1,1;1,0,0;0,0,0;0,1,0
0,1,0;0,1,0;0,0,1;1,1,1;0,0,1;0,1,1;0,1,1;0,1,1;1,0,1;0,0,1
0,0,0;1,1,1;1,1,1;0,0,1;1,1,1;0,1,0;0,1,0;0,0,1;1,0,0;1,1,0
0,0,0;1,1,1;1,0,1;0,1,1;1,1,1;0,0,0;1,1,1;0,1,0;0,0,0;0,0,1
0,1,1;0,1,1;1,1,0;0,1,1;1,0,0;1,0,1;0,1,0;0,1,1;1,0,0;1,1,0
0,1,1;1,0,0;0,0,0;1,0,0;0,1,1;0,0,1;0,1,0;0,0,1;0,1,1;0,1,1
0,1,1;0,1,1;0,1,1;1,0,1;1,0,1;0,0,1;1,1,1;0,0,0;0,1,0;0,0,0
0,1,1;0,1,1;1,1,1;1,0,1;0,1,1;1,0,0;0,0,0;0,0,1;0,0,0;0,0,0
0,1,1;1,0,0;0,0,1;1,1,1;0,0,0;0,0,0;1,0,1;0,0,0;0,0,1;0,0,1
0,0,0;1,0,1;1,0,0;0,1,1;1,1,1;0,0,1;0,0,0;0,0,1;1,1,0;0,0,1
0,1,1;0,0,1;1,0,1;1,0,1;0,1,0;0,1,0;0,0,1;0,0,0;1,0,0;1,0,0
0,1,1;0,0,1;1,0,1;0,0,0;1,1,1;0,0,0;1,0,1;1,1,0;0,1,1;0,1,1
0,0,1;1,0,1;1,0,1;0,0,1;1,0,1;1,1,1;0,1,1;0,1,1;0,0,1;1,1,0
0,1,1;0,0,1;0,1,1;1,1,0;0,1,1;1,0,0;1,1,1;0,1,1;1,1,1;0,1,1
0,1,0;0,1,1;1,1,1;1,1,1;0,1,1;0,0,0;0,1,1;0,1,1;0,1,0;0,1,0
0,0,1;1,0,1;0,0,1;0,0,0;1,0,1;0,1,1;0,1,1;0,1,1;0,0,0;0,0,0
0,1,0;0,0,1;1,1,0;0,1,1;1,0,1;0,0,1;1,0,0;1,1,0;0,1,1;0,0,0
0,0,1;1,0,0;0,0,1;1,1,0;0,1,1;0,1,0;0,1,1;1,0,0;1,1,1;1,1,0
0,0,0;1,0,1;1,0,0;1,1,1;0,1,0;0,0,1;0,1,1;1,0,1;0,0,0;1,1,0
0,1,1;0,0,1;0,0,1;0,0,0;0,1,0;0,1,1;1,1,1;1,0,1;0,1,1;0,0,0
0,0,0;1,0,0;1,0,1;1,0,1;1,1,0;0,1,1;0,1,1;0,0,0;1,1,1;0,1,0
0,0,0;0,0,1;1,0,1;0,0,0;1,0,1;1,1,1;1,1,1;1,1,1;1,0,0;0,0,1
0,1,0;0,0,0;0,0,1;0,0,1;0,0,0;0,0,1;0,1,1;1,0,1;1,1,0;0,1,1
0,0,0;0,0,0;1,0,1;0,1,0;0,1,1;1,0,0;1,1,0;0,1,1;1,0,1;0,0,1
0,0,1;1,0,1;1,0,0;1,1,0;0,1,0;0,1,0;0,1,0;0,1,1;0,0,1;0,1,0
0,0,0;1,0,1;1,0,1;1,1,0;0,0,1;0,0,1;0,1,0;0,1,1;1,0,1;1,1,1
0,1,1;1,0,1;1,0,1;1,0,0;0,0,0;1,0,1;0,1,1;0,0,0;1,0,1;0,1,1
0,0,1;0,0,1;1,1,1;1,1,0;0,0,1;1,0,1;1,1,1;0,1,1;0,0,1;0,0,0
0,1,0;0,1,1;1,0,0;1,0,0;0,0,0;1,0,0;1,1,1;1,1,1;1,0,1;0,0,0
0,1,1;0,0,1;1,1,0;0,1,1;1,0,1;0,1,1;0,0,1;0,0,0;1,0,1;1,0,1
0,0,1;0,1,0;0,0,1;0,1,0;0,1,1;1,1,0;0,1,1;0,1,0;0,1,0;0,1,0
0,1,0;0,1,1;0,1,1;1,0,1;0,1,1;1,0,0;1,1,1;1,1,0;0,1,1;0,0,1
0,0,1;1,1,1;0,1,1;0,1,1;0,1,1;0,0,1;0,0,1;1,1,1;1,0,1;0,0,0
0,0,1;1,1,0;0,1,1;0,0,0;0,0,1;1,0,1;1,0,1;0,0,0;1,1,0;0,1,0
0,0,0;0,1,1;1,0,0;0,1,1;0,0,0;0,0,1;0,0,0;0,0,0;0,0,1;1,1,0
0,0,0;1,0,0;0,1,1;0,0,1;1,0,1;1,0,0;1,1,1;1,0,1;1,0,1;0,0,1
0,0,1;1,0,1;1,1,1;0,1,0;0,0,1;0,0,0;1,0,0;0,0,1;1,1,1;1,1,0
0,0,1;0,0,1;1,0,0;0,1,0;0,0,1;1,0,1;1,0,1;1,1,1;1,1,1;0,0,1
0,1,1;0,1,1;0,1,0;0,1,0;0,1,1;1,0,0;0,1,1;1,0,1;0,0,1;1,0,0
0,1,1;0,1,1;0,0,1;0,0,0;0,0,0;0,0,0;1,0,1;0,0,1;1,1,0;0,1,1
0,0,0;0,1,0;0,1,0;0,1,1;0,1,1;0,1,0;0,1,1;0,1,1;1,0,1;1,0,1
0,1,1;1,1,1;1,0,1;1,1,1;1,1,0;0,1,0;0,1,1;1,0,1;1,1,1;0,0,1
0,0,0;0,0,1;1,0,0;1,0,1;0,0,1;0,1,1;0,0,1;0,1,1;0,0,0;0,0,1
0,0,1;1,0,0;0,0,1;0,1,1;1,1,1;1,0,0;0,0,0;0,0,1;1,1,0;0,0,0
0,0,1;0,0,1;1,0,0;0,0,0;1,1,1;1,1,0;0,1,1;1,0,0;1,1,1;0,0,1
0,0,0;0,1,0;0,1,1;0,1,1;0,1,1;1,1,1;1,0,0;0,1,0;0,0,1;1,1,1
0,0,0;0,1,1;0,1,1;1,0,0;1,0,1;0,0,1;0,0,1;1,0,0;1,0,0;1,0,0
0,0,1;1,0,1;1,0,0;1,1,1;1,1,0;0,1,1;0,0,1;0,1,1;1,1,0;0,0,0
0,0,1;1,0,0;0,0,1;1,0,0;0,0,0;1,1,1;1,1,0;0,0,1;0,0,1;0,1,1
0,0,1;1,0,0;1,1,0;0,1,1;0,1,1;1,1,1;1,1,1;0,0,0;0,0,1;0,1,1
0,1,1;0,0,1;0,1,0;0,1,1;0,1,1;1,0,0;0,0,1;1,1,1;0,1,1;1,0,0
0,0,1;0,0,1;1,0,1;0,0,1;0,0,0;0,0,0;1,0,1;1,1,1;0,0,1;1,1,1
0,0,1;1,1,1;0,1,1;1,0,0;0,1,0;0,1,0;0,1,0;0,0,1;0,1,1;0,1,1
0,1,1;1,1,1;0,1,1;0,0,1;1,1,1;1,0,0;1,0,1;1,0,1;0,1,1;0,0,0
0,1,1;1,1,1;0,1,1;1,0,0;1,1,1;1,1,1;1,0,1;1,0,1;1,0,0;1,0,0
0,1,1;1,1,1;1,1,1;0,0,0;1,0,1;1,0,1;1,0,1;0,1,1;0,1,1;0,1,0
0,1,0;0,1,0;0,0,1;0,0,0;1,0,0;0,1,1;0,1,1;0,0,1;0,0,0;0,1,0
0,1,0;0,1,1;1,0,0;1,1,1;1,0,1;1,0,0;0,1,0;0,0,0;0,0,1;0,1,1
0,1,0;0,0,1;0,0,0;1,0,1;1,1,1;1,1,0;0,1,1;1,1,1;0,0,1;0,1,1
0,0,0;1,1,0;0,1,1;1,0,0;0,0,1;1,0,0;0,1,0;0,1,0;0,1,1;1,1,1
0,1,1;0,0,0;1,0,1;1,1,1;1,0,1;1,1,0;0,1,0;0,1,1;0,1,0;0,1,1
0,0,1;1,1,0;0,1,1;1,1,1;1,0,1;0,1,1;0,1,1;1,1,1;1,0,1;1,0,0
0,1,1;0,1,1;0,1,0;0,0,1;0,0,0;1,0,1;0,0,1;0,1,1;0,0,0;0,0,1
0,0,0;0,0,0;0,0,1;0,1,0;0,0,1;0,0,1;0,1,0;0,0,0;0,1,1;0,0,1
0,1,0;0,0,1;0,1,0;0,1,1;0,1,1;0,1,0;0,1,1;0,0,1;0,0,0;0,0,1
0,1,1;0,0,0;1,1,1;1,0,1;0,1,0;0,0,1;1,0,1;0,0,0;0,0,1;0,0,1
0,1,1;0,0,0;1,0,1;1,0,0;1,0,1;0,0,1;1,1,0;0,1,0;0,0,0;0,0,0
0,0,0;0,0,1;0,0,1;1,1,1;0,1,1;1,0,1;0,0,1;0,0,0;1,0,0;1,1,1
0,0,0;0,1,1;1,0,1;1,0,1;0,1,1;1,0,0;0,0,0;1,0,1;0,1,1;0,1,1
0,1,1;1,0,0;1,1,0;0,0,1;1,0,1;0,1,1;0,0,0;1,0,0;0,0,1;0,0,1
0,0,1;0,0,0;1,0,0;0,0,1;1,1,1;1,0,1;0,1,1;0,0,0;1,0,0;1,1,1
0,1,0;0,0,0;0,1,1;1,1,1;0,0,1;0,0,0;0,1,1;1,1,0;0,0,1;0,0,0
0,1,1;1,0,1;0,0,0;0,0,0;1,0,0;1,0,1;0,1,1;1,0,1;1,0,1;1,1,1
0,1,1;1,0,0;1,0,0;0,0,1;1,1,1;0,0,0;0,0,0;0,1,0;0,1,1;0,0,0
0,0,0;1,0,0;0,1,1;1,1,1;1,0,0;0,0,1;1,0,1;1,1,0;0,0,1;1,0,1
0,1,1;0,1,1;1,0,0;0,1,1;1,0,0;1,0,1;1,0,0;1,1,1;1,0,0;1,1,1
0,0,0;0,1,1;0,1,0;0,0,0;0,1,1;1,1,1;1,1,0;0,0,1;1,0,1;1,1,0
0,1,0;0,1,1;0,0,1;1,0,0;0,1,0;0,0,0;0,1,0;0,0,1;0,1,1;0,0,1
0,1,1;1,1,1;1,0,0;1,0,1;1,1,1;0,0,1;0,1,1;1,1,1;1,1,1;0,0,0
0,0,0;0,1,1;0,0,1;1,1,0;0,1,1;0,0,0;1,1,0;0,1,0;0,0,0;0,1,0
0,1,0;0,1,0;0,1,1;1,0,1;1,1,1;0,0,1;0,0,0;0,1,1;0,1,0;0,1,0
0,1,1;0,0,0;0,0,1;0,0,0;1,0,0;1,0,1;1,1,1;1,0,1;0,1,1;1,0,1
0,0,0;0,0,1;1,1,0;0,1,1;0,1,0;0,0,0;0,0,0;0,1,0;0,1,1;0,1,0
0,0,1;1,1,0;0,1,1;1,0,1;0,1,1;1,0,0;1,1,1;1,1,1;1,1,1;1,1,1
0,0,0;1,1,0;0,1,1;0,1,1;0,0,1;0,0,1;0,1,0;0,1,1;1,1,1;1,1,0
0,0,1;1,1,1;0,0,1;1,1,1;0,0,1;0,0,0;1,0,0;0,1,0;0,1,1;0,1,1
0,1,1;1,0,1;1,0,0;1,0,0;1,0,0;1,1,1;0,1,1;1,1,1;0,0,0;0,0,1
0,0,1;0,1,1;0,0,0;1,0,0;0,1,0;0,1,0;0,1,1;1,0,1;0,1,1;0,1,0
0,0,0;1,1,1;1,0,0;1,0,1;1,0,1;1,1,1;1,1,1;1,1,1;0,0,0;1,1,1
0,0,1;0,0,1;1,0,0;0,0,0;1,1,1;0,0,0;1,1,1;1,1,0;0,0,1;1,0,0
0,1,1;1,1,1;1,0,0;0,1,0;0,0,1;0,1,1;0,0,0;0,0,0;0,0,0;0,0,0
0,0,1;1,0,0;0,1,1;1,0,1;1,1,1;1,0,1;1,1,1;1,1,1;1,0,0;1,1,0
0,0,0;0,0,0;1,1,1;0,0,0;0,0,0;1,0,1;0,1,1;0,1,0;0,0,1;0,0,0
0,1,1;0,1,0;0,0,1;0,1,0;0,0,1;1,0,0;0,1,1;0,0,1;0,0,1;1,1,1
0,0,0;1,1,1;0,0,0;1,0,1;0,1,1;1,0,0;1,1,1;1,1,1;1,0,0;1,0,0
0,0,1;1,0,0;1,0,1;0,0,0;0,1,0;0,1,0;0,0,1;1,0,0;0,0,0;0,0,0
0,0,1;1,1,1;1,0,0;1,0,1;0,0,0;1,1,1;1,0,1;1,0,1;1,0,0;0,0,0
0,0,1;1,1,1;1,1,0;0,1,0;0,1,0;0,1,0;0,0,1;1,1,1;1,0,1;1,1,0
0,0,1;0,0,1;0,0,1;0,0,1;0,1,0;0,0,1;1,1,1;1,1,1;0,1,1;0,1,0
0,1,1;0,1,0;0,1,1;1,0,0;1,1,0;0,0,0;0,1,1;1,1,1;1,1,1;0,0,1
0,1,1;1,1,1;1,1,1;0,1,1;0,1,0;0,0,1;0,0,1;1,0,0;1,0,0;0,1,0
0,0,1;0,0,1;0,1,0;0,1,0;0,0,0;0,0,1;0,1,0;0,1,0;0,1,1;1,1,1
0,0,0;0,0,0;1,0,0;1,1,0;0,0,1;1,0,0;1,0,0;0,1,0;0,0,0;0,0,0
0,1,1;1,0,0;1,1,1;1,0,0;1,0,1;1,1,1;0,0,0;0,1,0;0,0,1;0,0,1
0,1,1;1,0,1;0,0,1;1,0,0;1,0,0;0,1,1;1,0,0;0,0,1;0,1,0;0,1,0
0,1,1;1,0,0;1,1,0;0,0,1;0,1,1;0,1,0;0,0,1;1,0,0;0,1,1;0,0,1
0,0,1;1,0,1;0,0,0;1,1,0;0,1,1;0,1,1;0,0,0;1,0,1;1,0,1;1,1,0
0,1,1;1,1,0;0,0,1;0,1,1;0,1,0;0,0,1;0,0,0;0,1,1;1,1,1;0,1,0
0,0,0;1,1,0;0,0,0;0,1,1;1,0,1;1,1,1;1,1,1;0,0,1;0,0,0;0,0,0
0,0,1;1,0,0;1,0,0;0,1,1;1,1,1;0,1,0;0,1,1;1,1,1;0,1,1;0,0,1
0,0,1;0,1,1;1,0,1;0,0,1;1,0,0;1,1,1;0,1,1;0,1,1;0,0,0;1,0,1
0,1,1;1,0,0;1,1,0;0,0,1;1,0,0;0,1,1;1,1,0;0,1,1;0,0,1;1,0,1
0,0,0;1,1,1;1,0,0;0,0,0;0,0,1;0,0,0;0,1,0;0,1,1;1,0,1;1,1,1
0,1,0;0,0,1;1,0,1;0,0,0;0,0,1;0,1,1;0,1,0;0,0,1;1,0,1;1,1,0
0,0,0;1,1,0;0,1,1;0,0,1;0,1,0;0,0,1;1,0,1;0,1,1;1,0,0;0,1,1
0,0,1;1,0,0;0,1,0;0,1,1;0,0,0;0,0,1;0,0,1;1,0,0;1,1,1;0,0,0
0,0,1;0,1,0;0,0,1;1,1,0;0,0,1;1,1,1;0,0,1;1,1,1;0,0,0;1,1,1
0,1,1;0,0,1;0,1,0;0,1,1;1,0,1;0,0,1;1,0,1;0,0,1;0,1,1;0,0,0
0,0,0;1,1,1;1,0,1;0,0,1;1,1,1;1,0,1;1,0,0;0,1,1;0,1,1;1,0,0
0,0,0;0,0,0;1,0,1;1,0,1;1,0,1;1,0,1;0,0,1;1,0,1;0,0,1;1,1,0
0,0,1;0,0,0;1,0,1;0,1,1;1,1,1;0,0,0;1,0,1;1,1,0;0,1,0;0,1,1
0,0,1;0,0,1;1,1,1;0,0,0;0,0,1;0,1,1;1,0,0;1,0,0;0,0,1;1,0,1
0,0,1;0,0,1;0,0,1;0,0,1;0,1,0;0,0,1;0,1,0;0,1,1;0,0,1;1,0,1
0,0,0;0,1,1;0,0,1;0,1,1;0,0,0;1,0,0;1,0,0;0,1,1;0,0,0;0,1,1
0,1,1;1,1,0;0,1,1;0,0,0;1,1,1;0,1,1;1,0,1;0,0,1;0,0,0;1,0,0
0,0,0;0,1,0;0,1,0;0,0,1;1,1,1;1,0,0;1,0,0;1,1,1;0,0,1;1,0,1
0,1,1;0,1,1;0,0,1;0,0,0;0,1,1;1,0,1;1,1,0;0,1,0;0,1,0;0,1,1
0,1,0;0,0,1;0,0,1;0,0,1;0,0,1;1,0,1;1,1,1;1,0,0;0,1,1;1,1,1
0,0,1;1,1,0;0,1,1;1,1,0;0,1,1;1,0,0;1,0,1;0,0,0;1,1,0;0,0,0
0,1,0;0,1,1;1,1,1;0,0,1;1,0,1;1,1,0;0,0,1;0,1,0;0,0,1;1,1,0
0,0,1;1,1,1;0,0,0;0,1,0;0,0,1;0,1,1;1,0,0;1,0,0;0,0,1;0,1,1
0,1,1;0,0,0;0,1,1;0,1,0;0,0,1;0,0,1;0,1,0;0,0,1;0,1,0;0,1,0
0,0,1;1,1,1;1,0,0;0,1,1;1,1,1;0,0,0;1,0,0;1,1,0;0,0,1;0,0,1
0,0,0;1,1,1;0,1,1;0,0,0;0,0,1;1,1,1;1,0,0;1,1,1;1,0,0;1,0,0
0,0,0;1,0,0;1,0,0;0,1,1;0,1,1;1,1,1;1,0,1;0,0,0;1,0,0;1,0,1
0,1,1;0,1,0;0,1,1;0,1,0;0,1,0;0,0,1;1,1,0;0,1,1;1,0,1;1,0,1
0,1,1;1,0,1;1,0,0;0,1,1;1,0,1;1,0,0;0,1,1;0,0,0;1,1,1;1,1,0
0,0,1;0,1,1;1,0,1;1,0,1;1,0,1;0,0,1;0,0,0;0,0,1;1,1,1;1,0,0
0,0,1;1,0,1;1,0,0;1,1,1;1,1,1;0,1,1;0,1,0;0,0,1;0,1,1;0,1,0
0,1,1;0,0,0;1,1,1;1,0,0;1,0,0;0,1,1;0,0,1;0,0,1;1,0,1;0,0,0
0,1,1;1,1,1;1,0,0;0,1,1;1,1,1;0,1,1;0,0,1;1,1,1;1,1,1;1,1,0
0,0,1;0,0,0;1,0,0;0,0,0;0,0,0;1,0,1;1,0,1;0,1,1;0,0,1;0,1,1
0,0,1;1,0,0;0,0,0;1,1,1;0,1,1;0,0,0;1,0,0;0,1,0;0,0,1;1,1,0
0,0,1;1,1,1;1,1,1;1,0,0;0,0,0;0,0,0;1,0,1;0,0,0;1,0,0;0,0,1
0,1,1;1,1,1;0,1,1;0,0,0;0,1,0;0,0,1;1,1,0;0,1,1;0,1,1;1,1,1
0,0,0;0,1,1;0,1,1;1,1,1;1,1,1;0,1,0;0,0,0;0,0,1;1,0,1;1,0,1
0,1,0;0,1,1;0,0,1;1,1,1;0,1,1;0,1,1;1,0,0;0,1,1;0,0,0;0,0,0
0,0,0;0,1,1;0,0,0;0,1,1;0,0,0;0,0,0;0,0,0;1,0,1;1,0,0;0,0,0
0,1,1;0,0,1;1,1,1;0,0,0;0,1,0;0,0,1;1,0,1;0,0,1;0,1,1;1,0,1
0,1,0;0,1,0;0,1,1;1,1,1;0,0,1;1,1,1;1,0,0;0,1,0;0,0,0;0,0,1
0,0,0;0,0,1;1,0,1;1,0,0;0,0,1;1,0,1;0,1,0;0,0,1;0,0,0;1,0,0
0,0,0;1,0,1;1,0,0;1,0,0;0,1,0;0,0,0;0,1,1;0,0,0;0,0,1;0,1,0
0,0,1;1,1,1;0,1,1;1,0,0;0,0,1;1,0,1;1,1,1;0,1,1;1,0,0;1,0,1
0,0,1;0,1,1;0,1,1;0,0,0;1,0,0;1,1,0;0,0,0;0,1,1;0,1,1;1,0,1
0,0,0;1,1,0;0,1,1;0,1,1;1,0,1;1,0,0;1,0,1;0,0,0;1,0,0;0,0,1
0,0,1;0,1,1;1,0,1;0,1,0;0,0,0;0,0,1;0,1,1;1,1,1;0,1,1;1,0,1
0,0,0;0,0,1;1,0,0;0,1,0;0,0,1;0,1,1;0,1,1;0,0,1;1,0,1;0,0,1
0,0,0;0,0,1;0,1,1;0,0,1;1,0,1;0,0,1;0,0,0;0,0,1;0,0,0;1,1,1
0,1,1;0,1,0;0,1,1;1,1,0;0,1,1;1,0,1;0,1,1;1,0,1;1,1,0;0,1,1
0,0,0;0,1,1;1,1,0;0,1,1;0,1,1;0,1,1;0,0,1;1,1,1;0,0,1;1,1,1
0,0,1;1,0,1;0,1,1;1,1,0;0,1,1;0,0,1;0,0,0;1,0,0;0,1,1;0,0,0
0,0,1;1,1,1;1,0,0;1,0,0;0,1,1;1,1,1;0,0,0;0,0,1;1,0,1;1,1,1
0,1,1;1,1,0;0,1,1;0,0,0;1,0,1;0,0,0;1,1,1;0,0,1;0,0,0;1,0,1
0,1,0;0,0,1;0,1,1;0,0,1;1,1,1;1,1,1;0,1,1;0,0,1;1,1,1;0,0,0
0,0,1;0,0,1;1,0,1;1,0,1;1,1,0;0,1,1;0,0,1;1,1,0;0,1,0;0,0,0
0,0,0;1,0,0;0,0,0;0,0,0;0,0,0;1,0,1;1,0,1;1,0,0;1,0,0;1,1,1
0,0,0;0,1,1;1,1,1;1,0,0;0,0,1;1,0,0;1,0,1;1,1,1;1,0,1;0,1,0
0,0,1;1,1,1;1,1,1;1,0,1;0,0,1;0,0,1;0,0,1;0,0,0;0,0,1;1,0,0
0,1,1;1,1,0;0,1,1;1,1,1;1,0,0;0,0,1;1,0,1;0,1,0;0,0,1;0,0,0
0,1,1;0,1,0;0,1,1;1,0,1;1,1,1;0,0,1;1,0,0;1,1,1;1,0,0;0,1,1
0,1,1;1,1,1;0,0,0;1,1,1;0,0,1;0,1,1;1,0,0;0,1,1;1,0,1;0,0,1
0,0,1;1,0,0;1,0,0;1,1,0;0,0,0;0,0,1;1,0,0;0,0,0;1,0,0;1,1,0
0,1,1;0,1,0;0,0,1;0,1,1;0,0,0;0,1,0;0,0,1;0,1,1;0,0,0;0,1,1
0,0,0;0,0,1;1,0,1;0,0,0;1,0,0;1,1,1;0,0,0;0,1,1;0,0,0;1,1,1
0,1,1;0,0,1;0,1,1;0,1,0;0,0,1;1,0,0;1,0,1;1,1,0;0,1,0;0,1,0
0,1,0;0,0,1;0,0,1;0,1,1;0,0,0;1,0,0;0,0,1;1,1,1;0,1,1;1,1,1
0,1,0;0,0,0;0,1,1;1,0,1;1,1,1;0,0,0;0,0,1;1,0,0;0,0,0;1,0,0
0,0,0;0,1,0;0,1,0;0,1,1;0,0,1;1,0,1;1,0,1;0,1,0;0,1,1;1,1,0
0,0,0;1,0,0;1,1,1;0,1,1;0,0,0;1,0,1;0,1,0;0,0,1;0,0,0;0,0,1
0,0,1;1,0,0;1,1,0;0,1,0;0,0,1;0,1,1;1,0,0;0,1,0;0,1,0;0,1,0
0,0,1;1,0,1;0,0,1;1,0,0;0,1,0;0,0,1;1,0,1;0,0,0;1,0,0;0,1,1
0,0,1;0,1,1;1,0,0;0,0,0;0,1,0;0,1,1;0,0,1;1,1,1;1,1,1;0,0,1
0,0,0;0,0,1;1,1,1;1,0,0;1,1,1;0,0,1;1,1,0;0,0,1;0,1,1;0,1,1
0,0,1;0,0,0;0,1,1;0,1,1;1,0,0;0,0,1;0,1,0;0,1,1;1,1,1;0,0,1
0,1,1;0,0,0;0,0,0;1,1,0;0,0,1;0,1,1;1,1,1;0,1,1;1,1,1;0,1,1
0,0,0;0,0,0;0,0,0;0,1,1;0,0,1;1,0,0;1,1,0;0,1,1;1,0,1;1,1,1
0,1,1;1,1,1;1,0,0;0,0,0;0,1,1;0,0,0;1,1,0;0,0,1;1,0,1;1,0,1
0,1,1;1,1,1;1,1,1;1,0,1;1,0,0;1,1,0;0,1,0;0,0,1;1,0,1;1,1,1
0,0,1;1,0,1;0,0,0;1,1,0;0,0,1;0,0,0;0,1,1;1,0,1;1,0,1;0,0,1
0,0,1;1,0,0;0,0,1;1,0,0;0,0,0;1,0,1;1,1,1;1,0,1;0,1,1;0,0,0
0,0,1;1,1,1;1,0,0;1,1,1;0,0,0;1,1,1;1,1,0;0,0,1;0,1,1;0,0,0
0,0,0;0,0,0;0,0,1;1,0,1;1,0,0;0,0,0;1,0,0;1,1,1;0,0,1;0,0,1
0,0,0;1,0,1;1,0,1;1,0,0;0,1,1;0,0,0;1,1,0;0,1,1;1,0,0;0,1,0
0,1,1;1,1,1;0,1,1;1,0,0;0,0,0;1,1,1;1,0,1;0,0,0;0,0,0;0,0,1
0,1,1;0,1,0;0,0,1;0,0,1;0,0,0;0,0,1;1,0,0;0,0,1;1,0,1;0,0,0
0,0,1;1,0,1;0,0,0;1,0,1;0,1,1;1,1,1;1,0,1;0,0,1;0,0,1;0,0,0
0,0,1;1,1,1;1,1,1;1,1,0;0,1,1;1,1,1;0,0,1;1,1,1;1,0,0;1,0,1
0,1,1;0,0,1;1,1,1;0,1,1;1,0,0;1,1,1;1,0,0;1,1,1;0,1,1;0,0,1
0,0,1;1,0,0;0,0,1;1,0,0;1,0,1;1,0,1;1,0,1;0,1,1;0,0,1;0,1,0
0,0,0;1,1,1;1,0,0;0,0,1;0,0,0;1,1,1;1,0,0;1,1,0;0,0,1;0,1,0
0,0,1;1,1,1;1,0,1;1,0,1;1,0,0;0,1,1;0,1,1;1,1,1;1,0,0;0,1,1
0,0,1;1,1,1;1,0,0;0,1,1;1,0,1;1,1,1;0,1,0;0,1,1;0,1,1;0,0,0
0,0,1;1,0,1;1,0,0;1,0,1;0,0,0;0,1,1;0,1,0;0,1,1;1,0,0;0,1,0
0,0,1;0,0,0;1,1,0;0,1,1;1,0,0;1,1,0;0,0,1;1,1,1;0,1,0;0,1,0
0,0,1;1,1,0;0,1,1;1,0,0;1,0,0;0,1,0;0,1,0;0,1,1;0,1,1;0,1,1
0,0,1;0,0,0;1,0,0;0,0,0;0,0,0;0,1,0;0,1,1;1,1,1;1,1,0;0,0,1
0,1,1;1,0,0;1,0,1;1,0,1;0,0,1;0,0,1;1,0,0;0,1,1;1,0,1;1,0,0
0,1,1;1,0,0;1,0,0;1,0,0;1,0,1;0,0,0;0,0,1;1,0,0;1,1,1;0,1,1
0,0,0;1,0,0;0,1,0;0,1,0;0,0,0;0,1,0;0,1,1;0,1,0;0,0,0;0,0,0
0,0,0;0,1,1;1,1,1;0,0,0;0,0,0;0,1,0;0,1,0;0,1,1;0,0,0;1,0,1
0,1,1;0,1,1;0,0,1;0,1,1;0,0,1;1,1,0;0,0,0;0,0,1;0,1,0;0,0,0
0,0,0;1,0,0;1,0,1;0,0,1;1,0,1;1,1,1;0,0,1;0,1,1;0,0,1;1,1,0
0,1,0;0,1,0;0,0,1;1,1,1;0,1,1;0,0,1;1,0,1;1,0,0;0,0,1;0,1,0
0,1,1;0,0,1;0,1,1;0,1,0;0,1,1;1,0,1;1,0,1;1,0,0;0,1,0;0,0,1
0,0,0;0,1,1;1,1,0;0,0,1;0,1,0;0,1,1;0,1,1;1,1,1;1,0,1;0,1,1
0,1,0;0,1,0;0,1,1;0,1,1;1,1,1;0,1,1;1,0,1;1,0,1;0,0,0;1,1,0
0,0,0;0,1,1;1,0,1;0,0,1;0,1,1;1,1,1;0,0,1;1,0,0;0,0,0;0,0,1
0,0,1;1,1,0;0,0,1;0,1,1;1,0,0;1,0,1;0,0,1;0,0,1;1,0,1;0,1,1
0,0,0;1,0,1;1,1,1;1,1,1;1,0,0;1,1,0;0,1,0;0,0,0;0,0,1;0,1,0
0,0,0;1,1,0;0,0,1;0,0,1;0,0,0;0,1,1;0,1,1;1,0,1;0,0,0;0,1,1
0,0,1;0,0,1;0,0,0;0,0,0;0,0,0;1,0,1;1,1,1;1,1,1;0,0,0;1,1,0
0,0,1;0,0,1;1,0,0;1,0,0;0,0,1;1,0,1;1,1,1;0,1,1;0,0,0;0,0,1
0,1,0;0,1,1;0,0,1;1,0,1;0,1,1;1,1,1;0,0,1;0,1,1;1,0,0;0,1,1
0,0,0;0,0,1;1,1,0;0,0,0;0,1,1;1,1,0;0,1,0;0,1,0;0,1,1;0,0,0
0,0,1;0,0,0;0,0,0;1,0,0;1,0,0;1,1,1;1,1,1;1,1,1;1,0,1;1,1,0
0,0,1;0,0,0;0,0,1;0,0,1;1,0,0;0,1,1;1,1,1;1,0,0;0,1,1;1,0,0
0,0,0;0,0,0;1,0,0;0,0,1;0,0,1;1,0,1;0,0,0;1,1,1;1,1,1;1,1,0
0,0,1;0,1,1;1,1,1;1,0,0;1,1,1;0,1,0;0,0,1;1,1,0;0,1,1;0,0,1
0,0,0;1,0,0;1,1,0;0,0,1;0,0,0;1,1,1;0,0,1;1,0,0;0,0,0;0,0,0
0,1,0;0,1,1;1,1,1;1,0,1;1,0,1;0,1,1;1,0,0;1,1,1;0,1,1;0,0,1
0,0,1;0,1,1;0,1,1;1,0,0;1,1,1;1,0,1;0,0,1;0,0,1;0,1,0;0,0,0
0,0,1;1,0,0;1,0,0;1,0,1;0,1,1;1,1,1;1,0,1;1,1,1;1,0,1;1,1,0
0,0,1;0,0,1;1,1,1;0,0,0;0,1,1;0,0,0;1,1,0;0,1,1;1,0,0;0,0,0
0,0,1;0,0,1;0,0,1;1,0,1;0,1,1;1,1,1;1,0,1;0,0,1;1,1,1;0,1,0
0,1,1;0,0,1;1,0,0;0,1,1;1,1,1;1,1,1;0,1,0;0,0,1;1,1,1;1,0,0
0,0,0;0,0,0;1,0,1;0,0,0;0,0,0;0,1,0;0,1,0;0,0,1;1,0,1;1,1,0
0,0,1;1,0,0;1,1,1;0,1,1;0,0,0;0,1,1;1,1,1;1,1,1;1,0,0;1,1,0
0,0,1;1,0,1;1,0,0;0,0,1;1,0,1;1,0,1;1,0,1;0,1,1;1,0,1;1,0,0
0,0,1;0,0,0;1,1,1;0,0,0;1,0,1;0,1,0;0,1,1;1,0,1;1,1,1;1,1,1
0,0,1;1,0,0;0,1,1;1,0,0;1,0,1;1,0,1;1,0,0;0,1,0;0,0,0;0,0,1
0,1,1;1,0,1;1,0,1;1,1,0;0,0,0;0,0,1;0,1,1;1,0,0;1,0,0;1,0,0
0,0,1;0,1,0;0,0,1;1,1,1;1,1,1;0,0,1;1,0,1;1,0,1;1,0,0;1,0,1
0,1,0;0,0,0;0,1,1;1,1,1;1,0,1;1,0,0;1,0,0;1,0,0;0,0,0;0,0,0
0,1,1;1,1,1;1,0,1;0,0,0;1,0,1;1,0,0;1,1,0;0,1,1;0,0,0;1,1,0
0,1,1;1,1,1;1,0,0;1,1,1;1,0,0;1,1,1;0,0,0;1,1,0;0,0,1;0,1,1
0,1,1;1,0,1;0,1,0;0,1,1;1,1,1;1,1,1;0,0,1;0,0,0;1,1,1;0,0,1
0,1,1;0,0,1;1,1,0;0,1,1;1,1,0;0,0,1;0,1,0;0,0,0;0,1,1;0,1,1
0,0,0;0,0,0;1,1,1;1,1,1;0,0,0;0,0,1;1,1,1;1,0,0;1,1,1;0,1,0
0,1,1;0,1,1;1,0,0;1,0,1;0,0,1;0,0,1;1,0,0;0,0,1;0,0,0;1,1,0
0,1,1;0,0,0;0,0,0;1,0,1;1,1,1;0,1,1;1,0,0;0,0,0;1,1,0;0,1,0
0,0,1;0,1,0;0,0,0;0,1,0;0,0,1;1,1,1;0,0,0;0,0,1;0,1,1;1,0,1
0,0,1;1,1,1;0,1,1;0,0,0;0,1,1;1,0,1;1,1,1;1,0,1;1,0,0;1,0,1
0,0,1;1,1,1;1,0,1;1,0,0;1,1,1;0,0,0;0,0,1;0,1,1;0,1,1;0,0,0
0,0,0;0,1,0;0,1,1;0,0,1;0,0,1;0,0,1;1,1,1;0,0,0;0,0,0;0,1,0
0,0,0;1,1,1;0,0,1;1,1,1;1,1,1;1,0,0;1,1,1;1,1,1;0,0,1;0,1,1
0,1,1;1,1,1;0,0,1;1,0,1;0,1,1;1,0,0;1,1,0;0,0,0;0,1,0;0,1,1
0,1,1;1,0,0;1,1,1;0,1,1;0,1,0;0,1,1;1,0,0;1,1,0;0,1,1;1,0,1
0,1,1;0,1,1;0,0,0;1,0,0;1,1,1;0,0,1;1,0,0;1,0,0;1,0,0;0,1,0
0,1,0;0,1,1;1,0,1;0,0,0;0,1,1;0,0,0;1,0,0;1,1,1;0,0,0;1,0,1
0,0,0;1,0,0;0,1,0;0,0,1;0,1,1;0,0,0;0,0,0;1,0,0;0,0,0;1,0,1
0,1,0;0,0,0;0,0,1;1,1,1;0,0,0;1,0,0;1,1,1;0,0,1;0,1,1;1,1,0
0,0,1;1,1,0;0,0,1;0,0,1;0,0,1;0,1,1;0,0,0;1,1,1;0,1,1;1,1,1
0,1,0;0,1,1;1,0,0;0,0,1;0,0,1;0,0,1;1,0,0;0,1,0;0,1,1;1,1,0
0,1,1;0,0,0;1,0,0;0,0,0;0,0,1;0,1,1;1,0,1;1,0,0;1,1,0;0,1,0
0,1,1;1,0,1;0,0,1;1,1,1;1,0,0;1,0,0;0,0,1;1,1,1;1,0,1;1,1,1
0,0,0;0,1,1;1,1,1;0,0,0;1,0,1;1,1,0;0,0,0;0,1,1;1,0,1;0,0,1
0,1,1;1,1,1;1,1,1;1,1,0;0,1,0;0,0,1;1,1,1;1,0,0;0,0,1;1,1,0
0,0,1;1,0,0;0,1,0;0,1,1;0,0,0;0,0,0;1,0,0;0,0,0;0,1,1;0,1,0
0,0,0;1,0,1;0,0,0;0,1,1;1,1,0;0,1,0;0,1,1;0,1,1;1,1,1;0,1,1
0,1,1;1,0,0;1,0,1;0,0,0;1,0,1;0,0,1;0,0,1;0,1,0;0,1,1;0,0,0
0,1,1;1,0,1;0,1,0;0,0,1;1,1,0;0,1,1;0,0,0;0,1,1;1,0,0;1,0,1
0,0,0;0,1,0;0,0,1;1,0,0;0,0,0;0,1,1;1,0,0;0,0,0;1,1,0;0,0,0
0,0,0;0,0,0;0,0,1;0,1,0;0,0,0;0,1,1;1,0,0;0,0,0;0,0,1;0,0,1
0,1,0;0,1,1;0,0,0;1,1,1;1,0,1;0,0,1;1,1,1;0,0,1;1,0,0;1,0,0
0,0,1;1,0,1;1,1,1;1,0,0;1,0,1;0,1,0;0,1,0;0,0,0;0,0,1;1,1,0
0,0,0;1,0,0;1,0,1;1,0,1;1,0,0;0,0,1;0,1,1;1,1,1;1,0,0;1,0,0
0,0,1;0,1,0;0,0,1;1,1,1;0,0,0;0,0,1;0,0,1;0,0,1;0,0,0;1,0,1
0,0,1;1,0,1;0,1,0;0,0,1;1,1,1;1,0,0;1,1,1;0,0,0;1,0,0;0,0,1
0,0,0;1,0,1;0,1,1;1,1,1;0,1,1;0,0,1;0,0,1;0,1,1;1,1,1;0,0,0
0,0,0;0,1,0;0,0,1;1,1,1;1,0,1;1,0,0;0,0,0;1,1,0;0,0,1;0,1,1
0,1,1;0,0,1;0,0,1;1,1,1;1,0,0;1,1,1;0,1,1;1,0,1;1,0,0;1,0,1
0,1,1;1,1,1;1,0,1;1,0,0;1,0,0;0,0,0;1,0,1;1,1,1;0,0,1;1,0,1
0,0,0;0,0,0;0,0,0;0,0,1;1,1,1;1,0,1;1,1,0;0,1,1;1,0,0;0,0,1
0,0,1;1,1,1;1,0,0;1,0,1;0,0,1;0,1,1;0,1,0;0,1,0;0,1,1;0,0,0
0,1,1;1,0,0;1,1,1;1,1,1;0,1,1;1,1,0;0,0,1;0,0,0;0,0,1;0,0,0
0,1,0;0,1,1;1,0,0;1,0,1;1,1,0;0,0,0;0,0,1;0,1,1;1,1,1;1,1,0
0,0,0;0,1,1;0,0,1;0,0,0;1,0,1;1,0,0;0,1,0;0,0,1;0,0,1;1,1,1
0,0,0;0,1,1;1,0,0;1,1,1;1,1,1;0,0,0;1,0,0;1,1,1;0,1,0;0,0,1
0,1,1;0,0,1;1,1,1;1,0,0;1,0,1;0,0,0;1,0,0;1,0,1;0,0,1;0,0,0
0,1,1;0,0,0;0,1,1;1,0,0;1,0,0;1,0,0;1,1,0;0,1,1;1,1,1;1,1,1
0,0,0;1,1,0;0,1,1;0,1,1;1,0,0;0,0,1;0,1,0;0,0,0;0,0,0;0,1,1
0,0,1;0,1,0;0,0,1;1,0,1;0,0,1;1,0,0;0,1,1;0,1,1;0,1,0;0,0,0
0,1,1;0,0,0;0,1,1;1,1,0;0,0,1;1,1,1;0,0,0;0,0,0;1,1,1;0,1,0
0,1,0;0,0,1;1,0,1;1,0,1;1,1,1;1,0,1;1,0,0;0,1,1;0,1,0;0,0,1
0,0,0;0,1,1;0,0,0;0,0,0;1,1,1;0,1,1;0,1,0;0,0,1;0,1,1;1,0,1
0,0,1;0,1,1;0,1,1;1,1,1;1,0,1;0,1,0;0,0,1;0,0,0;0,0,0;1,0,1
0,0,1;1,1,1;1,1,0;0,1,1;0,1,1;1,1,0;0,1,0;0,1,1;1,0,0;1,1,1
0,1,0;0,1,1;0,0,1;1,1,1;0,1,1;0,0,1;1,0,0;1,1,1;1,1,0;0,1,1
0,0,0;1,0,1;0,0,1;1,1,1;0,0,1;1,0,1;1,1,1;0,1,1;0,0,0;1,0,1
0,1,0;0,1,1;0,0,0;1,1,1;1,1,0;0,0,1;1,1,0;0,1,0;0,0,1;0,0,0
0,1,1;1,1,0;0,1,1;1,1,0;0,1,1;1,0,0;1,0,1;0,1,1;1,0,0;1,0,1
0,1,1;0,1,0;0,0,0;0,1,1;1,0,0;0,1,1;1,0,0;1,0,0;0,0,1;0,0,0
0,0,0;1,0,0;0,0,0;0,0,0;0,0,0;0,0,0;0,1,1;1,0,1;1,0,0;0,0,1
0,0,0;0,0,0;1,0,0;0,0,1;0,1,1;1,0,0;0,0,0;1,0,0;0,0,0;1,0,0
0,0,0;1,0,0;0,0,1;0,1,1;0,0,0;1,0,0;0,1,1;0,0,0;1,1,1;0,0,1
0,0,0;1,0,1;1,1,0;0,1,1;1,1,0;0,1,0;0,0,1;1,1,1;1,1,1;0,0,1
0,0,1;1,0,0;0,1,1;1,0,1;0,0,1;1,0,1;1,1,1;0,0,1;0,0,1;1,1,0
0,1,0;0,0,1;0,0,1;1,0,0;0,0,1;1,1,0;0,0,0;0,1,0;0,0,1;1,0,0
0,1,0;0,1,0;0,1,0;0,0,0;0,1,0;0,1,1;0,0,1;1,0,1;0,0,0;1,1,0
0,0,1;1,1,0;0,0,1;1,1,1;0,1,0;0,0,0;0,0,1;1,1,1;0,0,1;1,0,1
0,0,0;0,0,1;0,1,1;1,0,1;0,0,0;0,0,0;1,0,0;0,0,1;1,1,1;1,1,0
0,0,1;0,0,0;1,0,1;0,0,1;0,0,0;1,0,1;1,0,1;1,0,1;1,1,1;0,0,1
0,0,1;0,0,0;0,0,0;1,1,1;1,0,1;0,0,1;1,1,1;0,0,0;1,0,0;0,0,1
0,0,0;0,1,1;0,0,0;0,1,1;1,1,0;0,1,1;1,1,0;0,1,1;0,1,1;0,0,1
0,0,1;1,0,0;0,1,1;1,0,0;1,0,1;0,0,0;1,1,1;0,0,0;1,1,1;1,1,1
0,0,0;0,1,1;1,0,0;0,1,0;0,0,1;1,0,0;1,1,1;0,1,1;0,1,0;0,1,1
0,0,0;1,1,1;0,1,1;1,0,0;0,0,0;0,0,1;1,1,1;1,1,1;0,1,1;1,1,1
0,0,0;1,1,0;0,1,1;0,1,0;0,0,1;0,1,1;1,1,1;0,0,1;1,0,0;1,0,0
0,0,1;1,1,1;1,1,1;1,0,0;1,0,0;0,1,1;1,1,1;1,0,1;0,0,0;0,0,1
0,1,1;0,1,1;1,1,0;0,0,1;0,0,0;1,0,0;0,1,1;0,0,0;0,1,1;0,1,0
0,0,1;1,0,1;1,1,1;1,1,1;0,1,1;0,1,0;0,0,1;0,1,1;0,0,0;0,0,0
0,1,0;0,1,1;1,1,0;0,0,1;1,0,1;0,1,0;0,1,1;1,0,1;1,1,1;0,0,0
0,0,0;0,0,1;0,1,1;1,0,1;1,0,1;1,0,1;1,0,1;0,0,1;1,0,0;1,1,1
0,1,0;0,0,1;1,0,1;0,0,0;0,0,1;1,0,0;0,0,0;1,0,1;0,0,1;0,0,0
0,0,0;1,1,1;0,1,0;0,1,1;1,0,0;1,0,0;1,0,0;1,0,0;1,0,0;0,1,0
0,1,1;0,0,0;0,0,1;0,0,0;1,0,1;1,0,1;0,1,1;1,0,1;1,0,1;0,0,0
0,1,1;1,0,1;1,0,0;1,0,0;0,0,1;0,0,0;1,1,1;0,1,1;1,0,0;0,0,1
0,0,0;1,1,1;0,0,0;0,1,1;0,0,1;1,1,0;0,0,0;0,1,1;1,0,0;1,0,1
0,0,1;0,0,1;1,1,1;0,0,0;1,0,1;1,0,0;0,0,1;0,0,0;1,0,1;1,1,0
0,0,1;1,0,0;0,1,0;0,1,1;0,0,0;1,1,1;0,1,1;1,0,0;0,0,0;0,0,1
0,1,1;0,0,1;1,0,0;0,1,1;1,0,1;1,1,1;0,1,1;1,0,0;1,1,0;0,1,0
0,0,0;1,0,0;0,1,0;0,1,0;0,1,1;1,0,1;0,0,1;1,0,1;0,0,0;0,1,1
0,1,1;0,0,0;1,0,1;0,1,1;1,1,1;1,1,1;0,0,0;0,0,1;0,1,1;0,0,0
0,0,0;0,0,0;1,1,1;1,1,1;0,0,1;0,0,0;0,1,1;1,1,1;0,1,1;0,0,1
0,0,1;1,0,1;1,0,1;1,1,0;0,1,1;1,0,1;1,1,1;1,0,0;1,1,0;0,0,1
0,0,1;1,0,1;1,0,0;1,1,0;0,0,0;0,1,1;0,0,1;0,0,1;0,0,0;1,1,0
0,0,1;1,1,1;1,1,1;0,0,1;1,1,1;1,0,0;1,0,1;1,1,0;0,1,1;0,0,1
0,0,0;1,0,0;0,0,0;1,1,0;0,1,1;1,0,1;1,0,1;1,0,0;0,1,0;0,0,1
0,1,0;0,0,0;0,1,1;1,0,0;0,0,1;1,1,0;0,0,1;0,0,0;1,0,0;0,0,0
0,1,0;0,1,1;1,0,0;0,1,1;0,0,0;0,1,1;0,1,1;1,1,1;1,1,1;0,0,0
0,1,1;1,0,0;1,0,0;0,1,0;0,0,1;0,0,0;0,1,1;1,1,0;0,1,1;1,1,1
0,0,1;1,1,1;0,0,0;0,1,1;0,1,0;0,1,0;0,1,1;0,0,1;1,0,0;1,0,1
0,1,0;0,1,1;0,0,1;0,1,1;1,0,1;1,1,1;0,1,0;0,0,1;0,1,0;0,0,1
0,0,0;1,0,0;0,1,1;1,0,0;0,0,0;1,0,0;1,1,0;0,1,0;0,0,1;0,0,1
0,0,0;0,1,1;1,0,0;1,0,1;1,1,0;0,0,1;1,0,0;0,1,0;0,1,1;1,1,0
0,1,0;0,0,0;0,0,0;0,0,1;0,1,1;1,0,0;0,0,0;1,0,0;1,0,0;0,1,1
0,0,0;0,0,1;1,1,0;0,0,1;0,1,1;1,1,0;0,0,1;0,0,0;1,1,0;0,0,0
0,0,1;1,1,0;0,0,1;0,1,1;1,0,1;0,0,0;0,1,1;1,0,0;1,1,0;0,1,1
0,1,0;0,1,0;0,0,1;1,1,1;0,0,0;0,0,1;1,1,1;1,0,1;1,0,1;0,0,1
0,1,1;0,0,1;1,1,1;0,0,0;0,0,1;0,1,1;0,1,1;1,0,1;1,0,1;1,1,0
0,0,0;0,1,1;1,1,1;1,0,1;0,1,0;0,0,0;0,0,0;0,1,0;0,1,1;0,1,1
0,1,1;0,0,0;0,1,1;1,0,0;0,0,1;0,1,1;1,0,1;1,0,0;1,1,1;1,1,0
0,0,0;0,1,0;0,0,1;1,0,1;1,0,1;1,0,1;0,0,0;0,1,0;0,0,0;0,1,0
0,0,1;1,1,1;1,0,0;1,0,1;0,1,1;1,1,1;1,0,0;0,0,1;1,0,1;0,0,0
0,0,0;1,0,0;1,0,0;0,0,1;1,1,0;0,0,1;1,1,1;0,0,0;0,1,0;0,1,1
0,1,0;0,1,1;1,1,1;1,1,1;1,1,1;0,1,1;0,0,1;1,1,0;0,1,1;0,1,1
0,0,0;0,1,1;1,0,0;1,0,0;0,1,1;1,1,1;0,0,0;0,0,0;0,1,1;0,1,1
0,1,0;0,0,1;1,0,0;1,0,0;1,0,1;1,1,1;1,1,1;0,0,0;1,0,1;1,1,0
0,1,1;1,1,1;0,0,0;1,1,0;0,0,1;0,1,1;1,1,1;1,0,1;0,0,1;1,0,1
0,1,0;0,1,1;0,0,1;1,1,1;1,0,0;1,1,1;1,0,1;0,1,1;0,1,1;1,1,1
0,1,1;0,1,1;1,0,0;0,0,0;1,0,1;1,1,1;0,0,0;1,0,0;0,1,1;0,1,1
0,0,1;1,0,1;1,0,0;0,0,1;1,0,1;1,0,0;1,1,1;0,1,1;0,0,1;0,0,0
0,1,0;0,0,1;0,1,1;1,0,1;1,0,1;0,0,0;1,1,0;0,0,0;0,0,1;1,0,0
0,0,0;0,1,0;0,1,1;0,0,1;1,0,0;1,1,1;1,1,0;0,1,1;1,1,1;0,1,1
0,1,0;0,1,1;0,0,0;1,1,1;0,0,1;1,1,1;1,0,0;0,0,1;0,0,1;0,1,0
0,1,1;1,0,0;1,1,1;1,0,1;0,0,1;1,1,0;0,1,1;0,0,1;0,0,1;1,0,0
0,1,1;1,1,0;0,0,1;1,0,1;1,0,1;0,0,0;0,0,1;0,0,1;0,0,1;0,1,0
0,0,1;0,0,1;1,1,1;0,0,0;0,1,1;0,1,0;0,0,1;0,1,0;0,1,1;1,1,0
0,0,0;1,0,1;0,1,1;0,1,1;1,0,1;1,1,0;0,1,1;1,1,1;1,1,1;1,1,1
0,0,0;1,0,0;0,1,1;0,0,1;1,0,1;0,0,1;0,1,1;0,0,0;0,0,1;0,1,1
0,0,0;1,1,0;0,0,0;0,0,1;0,1,1;0,1,1;0,1,1;1,1,1;1,0,1;0,1,0
0,0,1;1,1,0;0,0,1;1,1,1;1,0,0;0,1,1;1,0,1;1,1,1;1,0,0;0,1,1
0,0,0;1,0,0;1,1,1;0,0,1;0,1,1;0,1,1;1,1,1;1,0,1;0,0,1;0,0,0
0,1,1;1,0,0;0,0,0;1,1,1;0,1,1;0,0,0;0,1,1;0,0,0;0,0,0;1,1,0
0,1,0;0,1,1;0,1,1;0,0,0;1,1,0;0,1,1;0,0,0;1,0,0;0,0,1;0,1,1
0,0,1;0,0,1;0,0,0;1,0,0;1,1,1;0,1,1;0,0,0;1,0,0;1,0,1;0,0,1
0,1,1;0,0,0;1,0,0;1,0,0;1,1,0;0,0,0;0,0,0;0,0,1;0,0,0;0,1,1
0,0,0;0,0,0;0,0,1;0,0,0;1,0,1;1,1,0;0,0,1;1,0,1;0,1,1;0,0,1
0,0,0;1,0,1;0,0,1;1,1,1;1,1,1;0,1,0;0,0,1;0,0,1;1,1,0;0,1,0
0,1,1;1,0,0;0,0,0;1,0,0;0,1,0;0,1,1;0,0,1;1,0,1;0,0,0;1,0,1
0,0,1;1,0,0;1,1,0;0,0,1;1,0,0;0,1,0;0,0,1;0,0,1;1,1,1;1,1,0
0,0,1;0,0,0;0,0,1;0,0,0;0,0,1;1,1,1;1,1,1;0,1,1;0,0,1;1,1,0
0,0,0;1,0,0;0,0,0;1,0,1;0,1,1;0,0,0;1,0,1;0,0,0;1,0,0;0,1,0
0,1,1;1,0,0;0,0,0;0,0,0;1,0,1;1,1,1;1,0,1;1,1,0;0,0,1;0,1,1
---
0,1,0;0,0,1;1,0,0;1,1,0;0,1,0;1,1,0;1,0,0;0,0,1;0,0,1;1,1,1
0,0,1;1,0,1;1,1,0;1,0,1;1,1,1;0,0,0;0,1,0;0,0,0;0,1,1;1,0,1
0,0,0;0,1,1;0,0,1;0,0,1;0,0,1;0,0,0;1,0,0;1,1,0;1,0,0;1,1,0
0,0,1;0,0,1;0,1,1;0,1,1;0,1,0;1,0,0;1,1,1;0,0,1;1,0,1;0,0,1
0,1,1;0,0,0;0,1,1;1,0,0;1,1,0;1,1,1;1,1,0;0,1,0;1,1,1;0,1,0
0,1,1;1,0,0;0,1,1;1,1,0;1,1,0;1,1,1;0,0,0;0,0,0;0,0,0;1,1,0
0,0,1;1,1,0;1,0,1;0,0,0;0,1,1;0,1,0;1,0,1;0,0,1;0,0,1;0,0,1
0,0,0;0,1,0;1,1,0;1,1,0;0,1,1;1,0,1;0,0,1;1,1,0;1,0,0;1,1,0
1,1,0;1,1,0;0,1,1;1,1,0;1,1,1;1,0,0;1,1,0;1,0,0;1,0,0;1,0,1
1,0,0;0,0,0;0,0,1;1,1,1;0,0,1;0,1,0;0,1,1;1,0,0;0,1,1;1,0,0
0,1,1;0,1,0;0,1,0;1,0,0;1,1,1;0,1,1;0,1,0;1,1,0;0,0,0;0,0,1
1,1,0;1,0,1;1,0,1;0,1,0;0,1,0;0,1,0;1,1,1;1,0,0;0,1,1;1,0,1
1,0,1;0,1,0;0,0,0;0,0,0;1,0,0;1,0,0;1,1,0;0,1,1;0,1,0;0,0,0
0,1,0;1,0,0;1,1,0;1,1,0;0,0,0;0,0,0;0,0,1;0,0,0;1,1,0;0,0,0
1,1,1;1,1,1;0,1,0;0,0,1;0,1,1;0,0,0;1,1,1;1,1,1;0,1,0;0,0,0
1,0,1;1,1,1;1,0,0;1,1,0;0,1,1;1,1,1;0,1,1;0,0,0;1,1,0;1,0,1
0,1,1;1,0,0;1,1,0;1,1,0;0,1,1;0,1,0;1,1,0;1,1,0;0,1,1;1,1,0
1,1,0;0,0,1;0,0,1;0,1,0;0,0,1;0,0,0;1,1,0;1,1,0;0,0,0;1,0,1
0,1,0;1,0,0;1,1,0;1,1,1;0,1,1;1,0,1;0,1,1;0,0,0;1,1,1;0,1,1
1,1,1;1,1,0;1,1,1;0,0,1;0,1,0;0,1,0;1,0,1;0,1,1;1,1,1;1,0,0
1,0,0;0,0,0;1,0,1;0,1,1;1,1,1;0,0,1;0,0,1;1,0,1;1,1,1;1,1,0
1,0,0;1,1,0;0,1,0;1,1,1;1,1,0;0,1,1;1,0,0;0,0,1;1,1,0;0,0,1
0,0,1;1,0,0;0,1,0;1,0,1;0,1,1;0,0,1;0,1,0;1,0,0;1,0,1;0,1,1
1,0,1;1,0,1;1,1,1;1,0,0;1,1,0;0,1,0;0,0,1;1,1,1;1,1,0;0,0,1
1,1,1;1,0,1;1,1,0;0,0,0;1,0,1;1,0,0;1,1,1;0,0,1;1,1,1;1,0,0
1,1,1;0,0,1;0,0,1;1,1,0;0,1,1;0,1,1;1,0,1;1,1,1;0,0,1;1,1,0
0,0,0;1,0,0;1,0,0;0,1,1;0,1,0;1,0,1;0,0,1;1,1,0;1,0,0;1,1,1
1,0,1;0,1,0;1,0,0;1,0,0;0,0,0;1,0,1;0,0,1;1,0,0;0,0,1;1,0,0
1,1,0;1,1,1;0,1,1;1,0,1;1,1,0;0,0,1;1,0,1;0,0,1;0,0,0;1,1,0
1,0,0;1,1,1;0,0,1;0,0,0;0,1,1;1,0,0;0,0,0;1,0,1;1,1,1;0,1,1
1,1,0;0,0,0;0,0,1;0,1,1;1,1,0;1,0,0;0,1,0;0,1,0;1,0,1;0,0,1
1,1,1;1,0,0;0,0,0;0,0,0;1,0,1;0,0,1;0,0,1;0,1,0;1,1,1;1,0,0
1,0,0;0,1,0;0,0,0;0,0,0;1,1,0;1,0,1;0,0,1;0,0,0;0,1,1;1,0,0
1,0,1;0,1,0;1,1,1;1,0,1;0,1,0;0,1,0;0,1,1;1,0,1;0,0,0;1,1,1
1,1,0;0,1,0;1,0,1;1,1,0;0,0,0;0,1,1;0,0,0;0,0,0;0,0,0;0,0,1
1,1,1;0,0,1;0,1,1;0,0,0;1,1,0;0,1,0;1,0,1;0,0,0;1,1,0;0,1,0
0,1,0;1,0,1;0,1,0;1,0,0;1,1,0;0,1,1;0,0,1;0,1,0;1,1,1;1,1,1
0,0,0;0,1,1;0,1,1;1,1,1;0,0,0;0,0,1;1,0,0;0,1,0;1,1,1;0,1,0
1,0,0;0,0,0;0,1,0;1,1,1;1,0,0;0,0,1;1,0,0;1,1,1;0,1,0;1,0,1
0,1,0;1,0,1;1,1,0;1,0,0;0,0,1;1,1,1;0,1,0;0,0,1;1,0,0;0,1,1
1,0,0;0,1,0;1,1,0;1,1,1;1,1,1;1,1,0;1,0,0;0,0,1;1,1,0;1,1,0
1,1,0;0,0,1;1,1,1;1,0,1;1,0,0;1,0,1;0,0,0;1,0,0;0,1,1;0,1,1
0,0,0;1,0,0;1,0,0;1,1,1;1,1,0;1,1,1;1,0,1;0,1,0;1,0,1;0,0,1
1,1,1;0,0,1;1,1,0;1,0,0;0,1,0;0,0,0;1,1,0;0,0,0;1,0,1;1,1,1
1,0,1;1,1,0;1,0,1;1,0,0;1,0,0;1,0,1;0,0,1;0,0,0;0,0,0;1,1,0
0,1,0;1,1,1;0,1,1;0,0,0;0,0,0;1,0,0;0,1,1;0,0,1;0,1,1;0,0,1
1,1,1;1,1,0;1,0,0;1,1,0;0,0,1;0,0,0;0,0,0;1,0,1;1,0,1;1,0,1
1,1,0;1,0,0;1,0,1;1,1,0;0,0,0;1,0,1;0,1,1;1,1,0;0,0,0;0,0,1
1,0,1;0,0,0;1,1,1;1,1,0;1,1,1;1,0,1;1,0,0;1,1,0;0,0,1;0,0,0
0,1,1;1,1,0;1,1,1;0,0,0;0,1,1;0,1,1;0,1,1;0,0,0;1,1,0;0,0,1
1,1,0;0,1,1;0,1,0;1,1,1;1,0,0;0,1,0;0,0,1;1,1,1;1,1,1;1,1,0
0,1,0;1,1,1;1,1,0;1,0,0;1,1,1;0,1,0;0,0,0;0,1,1;0,1,0;1,1,1
1,1,1;0,1,1;1,1,0;0,1,0;0,0,1;0,1,1;0,0,1;0,0,0;1,0,0;1,1,0
1,0,0;1,1,1;0,0,0;0,0,0;1,0,1;0,0,0;1,1,0;0,0,0;0,0,0;0,0,1
1,0,1;1,1,1;0,1,0;0,1,0;0,0,0;1,1,0;0,1,1;0,1,0;0,0,1;1,0,0
1,0,0;1,1,1;0,1,1;1,0,0;0,0,1;0,1,1;0,1,1;0,0,1;0,1,1;1,1,1
1,0,1;1,0,1;1,0,1;1,1,1;1,0,1;1,0,0;0,1,1;0,1,0;1,0,0;1,0,1
0,0,1;0,1,0;1,0,1;0,1,1;1,0,0;1,0,0;0,0,0;1,0,1;0,1,1;0,1,1
0,0,1;0,0,1;1,0,0;0,0,1;1,1,0;1,1,0;1,0,0;1,1,0;1,1,0;1,0,0
1,0,0;0,1,0;0,1,0;0,0,1;1,1,0;1,1,0;1,0,0;0,1,0;1,1,1;0,1,0
1,0,0;1,0,0;0,0,1;0,1,1;1,1,1;0,1,0;0,0,0;1,1,1;0,1,1;0,0,0
0,0,0;1,1,1;1,0,1;1,1,0;0,0,1;0,0,1;1,1,0;1,1,1;0,0,1;0,0,1
1,1,0;1,0,1;0,1,0;1,0,1;0,1,0;0,1,0;1,0,1;1,1,0;1,1,0;0,1,0
1,0,0;1,1,1;0,0,1;0,0,0;0,1,1;1,0,1;1,1,1;1,1,1;0,0,1;0,0,0
1,0,0;1,0,1;0,1,0;1,0,0;0,0,0;0,0,0;0,0,1;1,1,1;0,1,0;0,1,1
0,0,0;1,0,1;1,0,0;1,0,0;0,0,1;0,1,0;1,0,1;0,1,1;0,1,1;0,0,1
0,0,0;1,0,1;0,1,1;1,0,0;0,1,0;1,1,1;0,0,0;1,0,1;0,0,0;0,0,0
0,1,1;1,0,1;1,0,0;0,1,0;0,0,0;0,0,1;1,1,1;1,1,0;1,1,0;0,1,1
1,1,1;0,1,0;1,0,0;1,1,1;0,1,0;0,1,1;0,1,1;0,1,0;0,1,0;0,1,1
1,1,0;0,0,1;1,0,1;1,0,0;1,0,0;0,0,0;1,1,1;0,0,0;0,0,1;0,1,0
1,0,1;0,0,0;1,1,0;0,1,0;0,0,1;1,1,0;1,1,0;0,0,0;0,1,1;0,1,0
1,1,1;0,1,0;1,1,1;0,0,1;1,0,0;0,0,1;0,0,1;1,1,1;1,1,0;0,1,1
1,1,0;0,1,0;1,0,1;1,1,1;0,0,0;0,1,0;1,1,0;0,1,0;1,0,0;0,1,1
0,1,1;0,1,0;1,1,0;1,0,0;0,0,0;0,0,1;0,1,0;1,0,1;0,1,0;0,1,0
1,0,1;1,0,0;0,1,0;1,0,1;1,0,1;1,0,0;0,0,0;1,0,0;1,0,1;0,1,0
1,1,1;1,0,0;1,1,0;0,0,1;1,1,1;0,0,1;0,0,1;0,1,0;0,1,1;1,0,0
0,1,1;0,0,1;1,0,0;1,1,0;1,1,0;0,0,1;1,0,0;0,0,0;1,1,1;0,0,1
1,0,0;0,0,1;0,1,0;0,0,1;1,1,1;1,0,1;0,0,1;0,1,1;0,0,0;0,1,0
1,1,1;0,1,1;0,0,1;1,0,1;0,0,1;1,1,1;1,0,0;0,1,1;0,1,1;1,1,0
0,0,1;1,0,1;1,0,0;0,0,1;1,0,0;0,0,0;0,1,1;0,1,1;1,1,0;1,1,1
1,1,0;0,0,0;0,0,1;1,0,1;1,0,1;0,0,0;0,1,0;1,1,0;0,0,0;0,0,1
1,0,1;0,1,0;0,1,0;0,1,1;0,1,0;1,1,1;0,1,1;1,1,0;0,0,1;0,0,1
1,0,0;0,1,1;1,0,1;1,1,0;0,1,1;0,1,1;1,1,0;1,1,1;1,0,0;0,1,0
0,1,0;1,1,0;0,1,1;0,0,1;0,1,0;0,0,1;1,1,0;1,0,1;1,1,1;0,1,1
1,1,1;0,1,0;0,0,0;1,0,0;0,0,0;1,0,1;0,0,0;1,1,0;0,1,0;1,0,0
0,0,0;1,1,0;0,1,0;1,1,0;1,1,0;1,1,1;0,1,0;1,1,1;1,1,0;1,0,1
0,1,0;0,1,1;0,0,0;1,0,1;0,1,0;1,0,1;0,1,0;1,1,1;0,0,0;0,0,1
1,1,0;1,0,1;0,1,1;1,1,1;1,0,0;1,1,0;0,0,0;0,1,0;1,0,1;1,0,0
1,1,1;1,0,0;0,1,0;0,0,0;1,1,1;1,0,0;0,0,1;0,1,1;1,0,1;1,1,0
1,1,1;0,0,0;1,0,0;0,1,0;1,0,0;1,1,1;0,0,0;0,1,0;1,0,1;1,0,0
1,0,1;1,1,0;1,0,1;1,0,1;0,1,1;0,1,0;1,1,0;1,0,1;1,0,1;0,0,1
1,0,0;1,1,1;0,0,0;0,0,0;1,0,0;1,0,0;0,1,1;1,0,1;0,0,0;1,1,0
1,0,0;0,1,1;0,0,0;0,1,0;0,1,1;1,1,0;0,0,1;0,0,1;0,1,1;1,1,1
0,0,0;0,1,0;0,1,1;1,1,1;1,1,1;0,0,1;1,1,0;1,1,0;0,1,1;1,1,0
1,0,0;0,1,1;1,0,0;1,1,0;1,0,0;0,1,0;0,1,1;1,0,1;0,1,0;1,1,1
0,1,1;0,0,1;0,1,0;1,0,0;0,0,1;0,1,1;0,1,1;1,0,1;1,1,1;0,1,0
0,0,1;1,0,0;1,1,0;0,0,0;0,1,0;1,1,0;1,0,0;1,0,0;1,0,1;1,0,1
1,0,1;0,1,0;1,1,0;1,0,0;0,1,1;1,1,0;0,1,0;1,1,1;1,0,1;1,1,1
0,0,0;1,1,0;0,1,0;0,0,1;0,0,1;0,0,1;1,0,1;0,1,0;1,0,1;0,1,0
0,0,1;0,0,0;1,1,0;0,1,0;1,0,0;1,1,1;0,0,1;1,0,1;1,0,1;1,0,0
1,1,0;0,0,0;1,0,1;1,1,0;1,0,1;0,0,1;0,1,1;0,1,1;0,1,0;0,1,0
0,1,1;0,1,0;1,1,1;1,0,1;1,1,1;1,0,1;1,0,1;1,1,1;1,1,1;0,0,1
0,0,1;0,0,0;0,0,1;0,0,0;0,1,1;1,1,1;0,0,1;1,1,0;1,1,0;0,1,1
1,1,0;0,1,0;1,0,1;0,0,1;1,1,0;1,1,0;1,1,1;1,0,0;1,1,1;0,1,1
1,0,1;0,1,0;1,1,0;0,0,0;0,1,0;1,1,0;0,0,0;0,0,0;1,0,0;1,1,1
1,0,1;0,1,1;1,0,1;0,0,0;0,0,0;0,1,1;1,0,0;1,0,1;0,1,0;0,1,0
0,1,0;1,1,0;1,0,0;0,0,0;1,1,0;0,1,0;1,1,1;1,0,0;1,1,0;0,0,1
1,1,0;0,0,0;0,1,0;0,0,1;1,1,1;0,0,1;0,1,1;1,0,1;0,1,0;1,1,1
1,0,1;0,0,0;1,0,0;1,0,1;1,0,1;1,1,0;0,1,0;1,1,0;1,0,1;0,0,1
0,0,1;1,1,0;1,0,0;0,1,1;0,1,0;1,0,1;1,1,1;0,0,1;0,0,1;0,0,1
1,0,1;1,1,0;0,0,0;1,1,0;0,1,0;1,0,0;1,0,0;0,1,0;1,1,1;0,1,1
1,1,0;1,0,1;0,0,1;1,1,1;1,0,1;0,1,1;0,0,0;1,1,0;0,0,0;0,1,0
1,0,1;1,1,0;1,0,0;1,0,1;1,0,1;0,0,1;1,1,1;0,0,1;1,0,1;1,1,0
1,0,0;0,1,1;0,1,0;0,0,0;1,0,1;1,0,1;1,0,1;1,1,0;1,0,1;1,1,0
1,0,0;1,0,0;0,1,0;1,1,0;0,0,1;1,0,1;1,0,0;1,0,0;1,1,1;0,1,0
0,1,1;1,1,0;1,1,1;1,0,1;1,0,0;0,0,1;0,1,1;1,0,1;1,1,1;0,0,0
0,1,0;0,0,1;0,1,0;0,1,1;0,0,0;0,0,0;0,1,1;1,1,0;0,1,0;1,0,0
1,1,0;0,0,1;1,1,1;0,0,1;0,1,0;1,0,0;1,1,0;1,1,0;1,0,0;1,1,1
0,0,0;1,0,1;1,0,0;1,0,1;0,0,1;0,1,0;1,1,0;1,0,0;1,0,1;0,0,1
0,0,1;0,1,0;1,0,0;1,1,1;0,1,0;0,0,1;0,1,1;1,0,0;1,1,0;1,0,1
1,0,1;1,1,1;1,0,0;0,0,1;1,0,1;1,1,1;0,1,0;0,1,1;0,1,0;1,0,1
0,0,0;1,0,0;1,0,0;0,0,0;0,1,1;0,1,0;1,1,0;1,1,0;1,0,1;1,1,0
1,0,1;0,1,0;0,1,1;0,1,0;0,1,0;1,1,0;1,0,0;1,1,1;0,0,0;0,1,0
0,0,1;0,1,1;1,1,1;1,0,1;0,1,0;1,0,0;1,0,1;0,0,0;1,1,0;1,0,0
1,0,1;0,1,0;1,0,1;1,1,0;0,1,0;1,0,1;0,1,1;0,0,1;1,1,1;0,0,0
0,1,1;1,0,0;1,0,1;1,0,0;0,1,1;0,0,1;1,1,1;0,1,0;1,0,1;1,1,1
1,0,0;1,1,0;0,1,1;0,1,0;1,1,0;1,0,0;1,0,1;1,1,0;1,0,1;0,1,1
0,1,0;1,1,1;1,1,0;0,1,1;1,0,1;1,1,1;0,1,1;1,0,1;1,1,0;0,0,0
1,1,1;0,0,1;0,0,1;1,0,0;0,1,0;1,0,1;0,0,0;0,0,1;0,0,1;1,1,0
1,0,0;0,0,1;0,1,1;1,1,0;0,1,0;1,1,0;1,0,1;1,1,1;1,0,0;1,1,1
0,1,0;1,1,1;0,0,1;0,1,1;0,0,1;0,1,1;0,1,1;0,0,1;1,1,0;0,1,1
1,1,1;0,1,0;1,0,1;1,1,0;1,1,0;1,0,0;0,1,1;0,0,0;1,1,0;0,1,0
1,0,1;1,1,1;1,0,0;0,0,0;0,1,1;1,1,1;0,0,0;0,1,0;0,1,0;0,0,1
1,1,0;1,0,1;0,1,1;0,1,1;1,1,1;1,1,0;0,0,1;1,0,1;1,1,0;0,0,1
0,0,1;0,1,0;1,0,1;1,1,0;0,0,1;0,0,1;0,0,1;0,0,0;1,0,0;0,1,1
1,1,0;0,1,1;0,0,1;1,1,1;0,0,1;1,1,1;0,1,0;0,1,0;1,0,0;0,0,0
1,0,1;1,0,1;0,1,1;0,0,1;0,0,0;0,1,0;1,1,1;1,1,1;0,1,1;0,1,1
1,1,1;1,1,0;0,0,0;0,1,1;1,0,0;1,1,0;0,0,1;0,0,0;0,0,1;1,1,0
1,0,0;1,0,0;0,1,1;1,0,1;0,1,0;0,0,0;0,0,0;0,0,0;0,1,1;1,0,0
1,1,1;1,0,1;1,0,0;1,0,0;0,0,1;1,0,1;1,1,0;0,0,0;1,0,1;1,1,0
1,0,1;1,1,0;0,1,0;1,0,1;1,1,0;1,0,0;0,0,1;0,0,1;0,1,1;1,1,0
1,0,0;1,1,1;1,0,0;0,0,0;1,0,1;1,1,0;1,0,0;1,0,0;0,1,1;1,0,1
1,1,0;1,1,1;0,0,1;0,1,0;0,1,0;1,0,0;0,0,0;0,0,1;1,1,0;0,1,1
0,1,1;0,0,1;1,0,0;0,1,0;0,1,0;1,0,0;1,0,1;0,0,1;0,1,1;0,0,1
1,1,1;0,0,0;0,0,1;0,1,1;0,0,0;0,1,1;1,1,0;1,1,1;1,0,1;1,1,0
0,1,1;0,1,0;1,0,1;0,0,1;1,0,1;1,0,1;0,0,0;1,0,0;0,0,1;1,0,1
1,1,0;0,1,1;0,1,1;1,0,0;0,0,0;0,0,1;1,0,1;0,0,0;0,0,1;0,1,1
1,1,1;1,0,0;1,0,1;0,1,0;1,0,0;1,1,0;1,1,0;0,0,1;1,0,0;1,1,0
0,1,1;1,0,0;0,1,0;1,1,0;1,1,1;1,1,1;0,1,1;0,0,0;1,1,1;1,1,1
0,1,0;0,1,1;0,0,1;0,0,1;1,1,1;0,0,1;0,1,0;1,0,1;0,1,0;0,1,1
0,0,0;1,0,1;0,0,1;1,1,1;1,1,0;0,0,0;1,1,1;0,1,0;1,1,1;0,0,0
1,1,0;0,1,1;0,0,1;0,0,0;1,0,0;1,1,1;1,0,0;1,0,0;1,1,1;1,1,0
0,1,0;1,0,0;0,0,1;0,1,0;0,0,0;0,0,0;0,0,1;1,0,0;0,1,1;1,1,0
0,1,0;1,0,1;0,1,0;0,1,0;0,0,1;0,0,1;1,0,1;0,1,1;1,0,0;0,1,0
1,1,0;1,1,1;1,1,1;1,0,1;1,0,0;1,0,1;1,0,1;1,1,1;1,1,0;1,0,0
1,0,0;0,1,1;0,1,1;1,1,1;0,1,1;0,1,1;1,1,0;0,0,1;1,0,0;0,1,0
0,1,0;0,1,0;0,0,0;0,1,1;1,1,1;1,0,0;1,1,0;1,1,0;1,0,1;1,0,0
0,0,0;0,0,0;1,0,0;1,1,1;0,1,1;1,1,1;0,1,0;1,0,0;1,1,1;1,0,1
1,1,0;1,0,1;1,0,0;1,0,0;1,1,0;1,1,0;0,0,0;0,1,1;0,1,0;0,1,0
1,1,0;1,1,1;1,1,0;1,1,0;0,1,1;1,0,0;0,1,1;1,1,0;0,0,0;0,1,1
0,1,0;1,1,1;1,1,1;0,1,0;0,1,1;1,1,0;0,0,0;0,0,0;0,0,1;0,1,1
0,0,0;1,1,1;1,1,0;1,1,0;0,1,0;0,0,0;0,0,0;1,1,0;0,0,1;1,0,1
0,1,0;0,0,1;0,0,1;1,1,0;1,0,1;1,0,1;0,0,1;1,0,1;1,0,1;1,0,0
0,0,0;1,0,1;1,0,1;0,1,1;1,0,0;0,1,1;0,1,0;1,1,0;1,0,0;1,0,1
0,0,1;1,0,1;0,0,0;0,1,1;1,0,1;0,1,0;1,1,1;0,0,1;1,1,0;1,1,1
1,1,1;1,0,0;0,0,1;1,1,0;0,0,0;1,0,1;1,1,1;0,0,1;0,0,0;0,0,1
0,0,0;0,0,1;0,1,0;1,0,1;0,1,1;1,0,1;1,0,1;1,1,1;0,1,0;1,1,1
1,0,0;1,1,1;1,0,0;1,0,1;0,0,1;0,0,1;0,0,1;1,1,1;0,1,1;0,0,1
1,1,1;1,1,1;1,0,1;0,0,0;1,1,0;1,0,1;0,0,1;0,1,1;1,0,0;1,0,0
0,0,0;1,1,0;1,0,1;0,1,1;0,1,0;0,1,0;1,0,1;1,0,1;1,1,0;1,1,0
1,1,0;1,0,0;0,1,0;1,1,1;0,1,0;0,0,0;0,1,1;0,0,1;0,1,1;1,1,1
1,0,0;1,1,0;0,0,0;0,0,0;1,1,0;0,1,1;1,0,0;0,0,0;1,0,1;1,1,0
0,1,0;0,0,1;1,1,0;0,1,0;0,1,0;1,1,0;0,0,0;0,1,0;1,0,0;0,0,0
1,1,0;1,0,0;0,1,0;0,1,1;0,0,1;0,0,0;0,0,1;0,1,0;0,1,1;0,0,1
0,0,1;0,0,1;1,1,1;1,0,1;0,0,1;1,0,0;1,1,0;1,0,0;1,1,1;1,0,0
1,0,0;0,0,0;1,0,1;1,1,1;0,0,0;1,0,1;0,1,0;0,0,0;0,1,0;0,0,0
1,0,1;1,1,1;1,0,0;1,0,0;0,1,1;0,0,1;1,1,1;0,1,0;1,1,0;1,0,1
0,0,1;0,1,0;1,0,1;0,0,1;1,0,0;0,1,1;1,1,0;1,0,1;1,1,1;1,1,0
0,0,0;0,0,0;0,0,0;0,0,0;1,0,1;1,1,0;0,0,0;1,1,1;1,1,0;1,1,1
1,0,1;0,1,0;0,0,1;1,0,1;1,0,0;1,0,1;0,0,1;1,0,1;1,0,1;1,0,0
1,0,1;0,1,1;1,1,0;1,1,0;0,1,0;1,0,1;0,0,0;1,1,1;0,1,1;0,1,0
1,0,1;1,1,0;1,0,0;1,1,1;0,1,0;0,1,1;0,0,0;0,1,1;1,0,1;0,0,0
1,0,1;0,1,0;1,1,0;1,0,1;0,0,0;1,0,1;1,0,1;0,1,0;0,0,1;0,1,0
1,1,0;0,0,0;0,1,0;1,1,1;1,1,0;0,0,1;1,1,1;1,1,1;1,1,1;1,0,0
0,0,0;1,1,1;0,1,1;0,1,0;1,1,1;1,0,0;0,1,1;1,1,0;1,1,1;0,1,1
0,1,0;1,1,0;1,0,0;1,1,0;0,1,0;1,1,1;1,0,0;0,0,0;1,0,0;0,1,1
1,0,0;1,0,0;0,0,0;0,0,0;1,1,0;1,0,1;0,1,1;0,1,0;0,1,0;0,0,1
1,0,1;1,1,0;0,1,1;0,1,1;0,1,0;1,1,0;1,1,0;0,0,0;0,0,0;0,1,1
1,0,0;0,0,0;1,1,0;1,1,0;0,0,1;1,0,1;0,1,0;1,1,0;0,0,0;1,0,0
0,0,0;0,0,1;1,1,1;0,0,1;0,0,0;1,1,1;1,1,1;1,0,1;1,1,0;1,1,1
1,1,1;0,1,0;1,1,0;1,1,0;0,0,0;1,0,1;0,1,0;1,0,1;0,1,1;0,1,0
1,0,1;0,1,1;0,1,0;1,0,1;0,1,0;1,1,1;1,1,0;1,1,1;0,0,0;1,1,0
1,1,0;0,1,0;0,1,1;1,1,0;1,1,0;1,0,0;1,0,1;1,1,0;1,1,1;0,1,0
0,1,0;0,0,0;1,0,0;0,0,1;1,1,0;0,1,0;1,1,1;0,0,1;0,1,0;1,1,0
0,0,1;0,0,1;1,0,0;0,1,0;0,1,0;1,1,1;1,0,0;0,1,1;1,0,0;0,0,1
1,1,0;1,0,0;1,0,0;1,1,1;0,1,0;0,0,1;1,1,1;0,1,1;0,0,0;0,0,0
1,0,1;0,1,0;0,0,1;0,1,1;1,0,1;0,1,0;1,1,0;0,0,1;1,1,1;1,0,1
1,1,0;0,0,1;0,0,1;1,1,0;1,0,1;0,0,0;1,0,1;0,1,1;1,0,1;0,0,1
1,0,1;1,1,0;1,0,1;0,0,0;1,0,1;0,1,0;0,1,0;1,1,0;0,1,1;1,1,1
1,1,1;1,1,1;1,1,1;0,0,0;1,1,0;1,0,1;0,0,0;1,0,1;0,1,1;0,1,0
0,0,1;0,0,1;1,0,1;1,0,1;0,0,1;0,1,1;0,1,0;0,0,0;1,1,1;0,1,0
1,1,1;1,1,0;1,0,1;1,0,0;1,0,1;1,1,1;1,1,0;0,1,1;1,1,1;1,0,1
0,1,0;0,0,0;1,0,1;0,1,1;0,1,1;0,0,0;0,0,1;0,1,1;0,0,1;1,0,1
1,1,1;1,0,1;0,1,1;1,0,0;0,0,1;1,1,1;1,1,0;0,0,0;0,0,0;1,0,1
1,1,0;1,0,0;0,1,1;1,0,1;0,0,0;0,1,1;1,0,1;0,0,1;0,1,1;0,1,1
1,1,1;1,1,0;1,1,1;0,0,0;1,0,1;1,0,0;1,1,0;0,1,1;0,1,1;0,0,0
1,1,0;1,0,0;0,1,1;1,0,0;1,1,1;1,0,1;0,0,1;1,1,1;0,1,1;1,0,1
1,0,0;1,0,0;0,0,1;1,1,1;0,0,1;1,0,1;0,0,0;0,0,0;0,1,1;1,0,0
1,0,1;0,1,0;1,1,1;1,1,0;1,0,1;1,1,0;1,0,1;0,1,0;1,1,1;0,1,0
1,1,0;1,0,0;1,0,1;1,1,0;0,0,1;1,0,1;0,0,0;1,0,0;0,0,1;0,1,0
0,0,1;0,1,0;0,1,0;0,0,0;0,1,0;1,1,0;1,1,0;0,1,1;0,0,0;0,0,1
0,0,0;1,1,0;0,0,1;1,0,0;1,1,0;0,0,0;1,0,1;1,1,0;0,1,0;1,1,0
0,1,0;0,1,0;0,1,1;1,0,0;0,0,1;0,1,1;1,0,0;0,1,1;1,1,0;1,0,0
0,0,1;1,1,0;0,0,0;0,1,0;1,0,1;1,0,1;1,0,0;1,1,0;1,0,1;0,0,1
1,0,1;1,0,1;1,1,1;0,1,0;0,0,0;1,0,0;1,0,1;1,0,0;1,0,0;0,0,0
0,0,1;1,0,1;1,1,0;0,0,1;1,1,1;1,1,0;0,1,0;0,1,0;1,0,1;1,1,1
0,0,1;0,0,1;0,0,1;0,1,1;0,1,0;1,0,1;0,0,1;0,1,0;1,1,1;1,1,0
0,0,1;1,0,0;1,0,0;1,0,0;1,1,0;0,1,0;1,0,1;1,0,1;1,0,0;1,0,1
1,1,0;0,1,1;1,1,0;1,0,1;1,1,1;0,0,0;1,0,1;1,0,1;1,0,0;1,1,0
1,0,0;1,0,1;0,0,0;1,0,0;1,1,0;1,0,0;0,1,0;0,1,0;0,1,0;0,1,1
1,0,0;1,0,1;0,1,0;0,1,0;0,0,1;0,1,1;1,1,1;1,1,1;0,1,0;0,1,0
1,0,0;1,1,1;0,0,1;1,0,0;1,0,1;0,0,1;1,1,1;0,0,1;0,1,1;0,1,1
1,0,1;1,1,1;0,1,1;1,1,0;1,0,1;1,1,1;0,0,0;0,0,0;0,0,0;0,1,0
0,1,0;1,0,0;1,1,1;1,1,0;0,1,0;1,0,0;0,1,1;1,1,1;0,1,0;0,1,0
0,0,1;0,1,1;1,0,0;0,1,0;0,0,0;1,1,0;1,0,0;0,1,1;0,0,0;0,0,0
1,1,1;1,0,1;1,0,0;1,1,1;0,1,0;1,1,0;1,0,1;1,0,1;1,0,1;1,1,1
0,1,0;0,1,0;1,0,0;0,0,0;0,0,0;0,0,1;1,0,1;0,0,0;0,1,1;1,1,1
0,0,0;1,0,0;1,0,1;1,1,1;1,0,0;1,1,0;1,1,0;0,1,1;1,1,0;0,0,1
1,0,0;0,1,0;1,0,1;1,1,1;1,0,0;0,0,1;1,0,1;1,1,0;1,0,0;0,1,0
0,0,0;1,1,0;1,1,1;1,0,1;1,0,0;0,0,0;1,1,1;0,0,1;1,1,0;1,0,1
0,0,0;0,0,1;1,1,0;0,1,0;0,1,1;0,0,1;1,1,0;0,0,0;1,0,0;1,0,1
0,1,0;0,0,1;0,1,0;1,0,0;0,0,1;1,0,0;0,0,0;1,0,0;1,1,0;1,1,0
0,1,1;0,1,0;1,1,0;1,0,0;0,1,0;0,1,0;1,0,1;1,1,1;1,1,1;1,0,0
1,1,0;0,1,0;1,0,1;0,1,0;0,1,0;0,0,0;0,1,0;0,1,0;1,0,0;0,1,1
0,1,1;1,1,0;1,1,0;1,0,1;1,0,1;1,1,1;1,0,1;1,1,0;0,1,0;1,0,0
1,0,0;1,0,1;1,1,1;1,1,1;1,1,0;1,1,1;1,1,0;0,1,0;1,0,1;0,1,1
0,1,1;1,1,0;0,1,1;0,0,0;0,0,1;1,0,1;0,1,1;0,1,0;1,0,1;0,1,0
0,1,1;1,0,0;1,1,0;1,0,1;1,0,0;1,0,0;0,0,0;0,1,1;0,0,1;0,0,0
0,1,1;1,0,1;0,1,0;0,0,0;0,0,1;0,1,1;0,0,1;0,1,0;1,1,1;1,1,1
1,0,1;1,0,0;1,1,0;0,1,0;1,0,1;1,1,1;0,1,0;0,1,0;0,0,0;1,1,0
0,0,0;1,0,1;1,1,0;0,1,0;0,1,1;0,0,0;0,0,0;1,0,1;1,1,0;1,0,1
0,0,0;0,1,0;0,0,1;1,0,0;1,1,0;1,0,0;0,1,0;0,1,1;1,1,0;1,0,0
0,0,0;1,0,0;0,0,1;0,1,0;1,0,1;1,0,0;0,1,0;1,0,0;0,0,1;1,1,1
1,0,0;0,0,1;0,1,1;0,1,0;0,1,1;1,1,1;0,0,1;0,0,1;1,1,0;1,0,1
1,0,0;0,0,0;1,0,1;0,1,1;1,1,1;1,1,0;1,0,1;1,0,0;1,1,1;1,0,0
0,1,0;1,0,0;1,0,1;0,0,0;1,0,0;1,0,1;1,1,1;1,0,0;0,1,0;1,1,0
1,1,1;1,1,1;1,0,0;1,1,1;0,0,1;0,1,1;1,1,1;0,0,0;1,1,0;1,1,1
1,0,0;1,1,1;0,1,1;1,0,0;1,1,1;1,1,0;1,0,1;1,0,0;0,0,0;0,0,1
0,1,0;1,1,1;1,0,0;0,1,0;0,0,0;1,1,0;1,0,1;0,0,0;0,1,1;0,1,0
0,0,0;0,1,0;0,0,0;1,1,1;0,1,1;1,1,1;0,1,1;0,0,1;1,0,0;1,1,0
1,0,1;1,1,1;1,1,1;0,1,1;0,0,1;1,1,1;0,1,0;1,0,0;1,0,0;1,1,1
1,0,0;0,0,1;1,1,0;0,0,1;1,1,0;1,1,0;0,0,1;1,0,1;0,1,0;0,0,1
1,1,1;1,0,1;0,1,0;0,1,0;1,1,0;1,1,0;1,0,1;0,0,1;1,0,0;0,1,0
1,1,1;0,1,1;1,1,0;1,0,1;1,1,0;1,0,0;1,1,1;1,1,0;1,0,1;1,1,1
0,1,1;0,0,0;0,1,1;1,1,1;0,1,1;1,0,1;1,1,1;0,1,0;1,0,1;1,1,0
0,1,0;0,1,1;1,1,1;0,0,1;0,0,1;0,1,0;0,1,0;1,0,1;1,1,0;1,0,1
1,0,0;1,1,0;1,0,0;1,1,0;0,0,0;0,1,1;1,1,0;0,0,1;1,0,1;1,0,1
0,1,0;1,1,1;1,1,0;0,0,1;1,0,1;1,1,0;1,1,1;1,0,0;1,0,1;1,0,1
0,0,0;0,1,1;1,1,0;1,0,0;0,0,1;1,1,1;1,1,0;1,0,1;0,0,1;1,1,1
1,0,1;1,1,1;1,1,1;0,0,1;0,1,0;0,1,0;1,1,1;0,0,0;0,0,0;1,0,1
1,0,1;1,0,0;1,0,1;0,1,0;0,0,0;1,0,1;0,1,1;0,1,1;1,1,1;0,0,1
1,1,0;0,0,1;0,0,1;0,1,0;0,1,0;0,1,0;0,1,1;1,1,1;0,1,0;0,0,0
0,1,0;1,0,0;1,0,1;1,1,1;0,0,1;0,1,0;1,1,1;0,0,0;0,1,0;0,1,1
1,1,0;1,1,1;0,1,1;0,1,0;0,0,0;0,1,0;0,1,1;1,1,0;0,1,0;1,1,0
0,0,1;0,0,1;1,0,0;0,0,0;0,0,1;0,1,0;0,1,0;0,1,0;0,1,0;1,0,1
0,1,1;0,0,1;0,0,0;1,1,1;1,1,1;0,0,1;0,1,0;1,0,0;0,0,0;1,1,0
1,1,1;1,0,1;0,1,0;1,0,1;1,1,0;1,1,0;0,0,0;1,1,1;0,0,0;0,1,1
1,0,0;1,0,0;0,0,1;1,0,0;1,0,1;0,0,1;0,1,0;1,1,0;1,0,0;0,1,1
0,1,0;1,0,0;1,0,1;0,0,1;0,1,0;0,0,1;0,1,1;0,1,1;0,1,1;1,1,0
1,1,1;0,1,1;1,0,0;1,1,1;0,0,0;0,1,0;1,0,1;0,1,1;0,0,0;1,1,1
0,1,0;0,0,0;0,0,0;1,1,1;0,1,0;1,1,0;0,0,1;1,0,1;0,1,1;1,0,1
0,1,0;1,1,1;1,1,1;1,1,0;0,1,1;1,1,1;0,1,1;0,1,0;0,1,0;0,1,1
0,1,0;0,0,1;1,1,1;0,1,0;0,0,0;1,0,1;0,0,1;1,1,0;1,1,1;0,1,1
0,1,0;1,1,0;1,1,1;0,1,1;0,1,1;0,0,0;1,0,1;1,1,0;0,0,1;0,1,0
1,0,0;1,0,1;1,1,1;0,0,0;0,1,1;1,0,0;0,0,0;1,1,0;0,0,1;0,1,0
1,1,0;0,1,0;1,1,0;1,1,1;0,1,0;0,0,1;0,0,0;0,0,0;1,1,0;0,0,1
1,1,1;0,1,1;1,1,0;0,0,1;1,1,1;1,0,0;0,1,0;0,0,1;0,1,0;1,1,0
0,1,1;1,1,1;0,1,0;0,1,0;0,0,0;0,0,0;1,0,0;1,1,0;0,0,0;0,1,0
1,0,1;1,1,1;1,0,0;1,0,0;0,0,0;0,1,1;1,0,0;0,1,0;1,0,0;0,1,1
0,1,1;0,1,1;1,1,0;0,0,1;1,1,1;0,1,1;0,0,0;0,1,0;1,1,1;0,0,1
0,1,0;0,0,1;1,1,1;0,1,1;1,0,1;0,1,0;1,0,1;0,0,1;0,0,1;0,0,1
0,0,0;1,0,1;0,1,0;1,0,1;0,0,1;0,0,1;1,0,0;1,0,0;1,0,0;0,1,0
1,0,0;1,1,0;0,1,1;0,0,0;1,0,1;1,0,0;1,0,0;1,0,0;1,1,0;0,1,0
0,0,0;1,0,0;1,0,1;0,1,1;1,1,0;0,0,1;0,1,0;1,1,1;0,0,0;0,1,0
1,0,1;1,1,0;0,1,0;1,0,0;0,1,0;1,1,1;1,0,1;1,1,0;1,0,0;0,0,1
1,1,1;1,0,0;1,0,0;0,0,1;0,0,0;0,1,1;0,0,1;1,0,1;1,1,1;0,1,0
1,1,1;0,1,0;1,1,1;0,1,1;0,0,0;1,0,1;1,0,0;1,1,0;1,0,1;0,1,0
1,0,0;0,1,1;1,1,0;1,0,0;0,0,1;0,1,1;0,0,1;1,1,1;0,1,0;0,0,1
1,0,0;1,0,0;1,0,0;1,1,0;0,1,1;0,1,0;1,1,0;1,0,1;0,0,0;0,1,1
0,1,1;1,1,0;1,0,0;0,0,0;1,0,1;0,1,1;0,0,0;1,0,0;0,0,0;1,0,1
1,1,0;1,0,0;1,1,1;1,0,0;0,0,0;1,1,0;0,0,0;0,0,1;1,0,0;0,1,1
1,1,0;1,1,0;0,0,0;0,0,1;0,1,1;0,0,0;0,1,0;0,0,0;0,0,0;1,1,0
1,0,0;0,1,1;0,0,0;1,1,0;1,1,0;1,0,1;0,1,0;1,1,0;0,0,0;0,1,0
1,0,1;0,0,1;0,1,0;0,0,0;0,0,0;0,0,1;1,0,0;0,1,1;0,0,0;0,0,0
1,1,1;0,0,1;0,1,1;1,0,1;1,1,1;0,1,0;1,0,1;1,1,0;1,1,0;1,0,0
1,0,1;0,0,1;0,0,1;0,0,0;1,0,1;1,1,0;0,1,0;0,0,0;1,1,1;0,1,0
1,1,0;0,0,1;1,1,1;1,0,1;1,1,0;0,0,0;1,0,0;1,1,1;1,1,1;1,1,1
0,1,0;1,0,0;0,0,1;0,1,1;1,0,1;0,0,0;0,0,1;0,1,1;1,1,0;1,1,0
0,0,0;0,1,0;1,0,1;0,1,1;1,0,1;1,0,1;0,1,1;0,1,0;0,1,1;0,1,0
0,0,1;0,0,1;0,0,1;0,1,0;0,0,1;0,0,0;1,1,0;1,1,1;0,0,0;1,1,1
1,1,0;1,0,1;1,1,0;0,0,0;1,1,0;0,1,1;1,1,0;0,0,0;1,1,1;1,0,0
1,1,1;1,1,1;1,0,0;1,1,0;1,0,1;1,0,0;0,0,0;1,1,1;0,0,1;0,1,0
0,0,1;1,0,0;1,0,0;1,0,0;0,1,0;1,1,1;1,0,1;0,0,1;1,0,0;0,0,0
0,0,1;1,0,1;0,0,1;0,0,0;0,1,1;0,1,1;1,0,1;1,1,0;1,1,1;0,0,1
1,1,0;0,0,0;0,0,0;0,1,0;0,0,0;0,1,1;0,1,1;0,0,1;1,1,1;1,1,1
1,0,0;0,1,0;1,1,1;0,0,1;0,0,1;1,1,1;1,1,0;0,0,0;0,1,0;0,0,0
1,1,1;0,1,1;1,0,1;0,0,0;1,0,1;1,0,1;0,0,1;1,1,1;1,0,1;1,1,1
0,1,1;1,1,1;1,0,1;0,1,0;0,1,0;1,1,1;1,0,1;1,1,0;0,1,0;1,0,0
1,0,1;1,0,1;1,0,0;0,1,0;0,1,0;1,1,0;0,0,1;1,0,0;0,1,1;1,1,0
1,0,1;1,0,1;1,0,1;0,1,0;0,0,1;0,1,0;1,0,1;0,0,0;0,1,1;1,1,1
0,0,0;1,1,0;1,1,0;0,0,1;0,0,0;1,0,1;1,1,1;1,1,1;1,1,1;0,1,0
0,1,0;1,1,1;1,0,0;0,0,1;1,0,0;0,0,0;0,0,0;0,1,1;0,1,0;1,1,0
0,1,1;1,0,1;0,1,0;0,0,1;1,1,0;1,1,0;0,1,0;1,1,1;0,1,1;0,1,1
1,0,1;1,0,0;0,1,0;0,0,1;1,0,1;0,1,0;1,0,0;1,1,0;1,0,1;1,1,0
0,0,0;0,1,1;0,0,1;1,1,0;1,0,1;1,0,0;1,1,0;1,1,0;0,0,0;0,1,0
1,0,0;0,1,1;1,1,0;0,1,0;1,1,1;0,0,0;1,1,1;0,1,1;0,0,0;1,0,1
1,1,1;0,0,1;0,1,1;1,0,1;0,1,0;0,0,1;0,1,1;0,1,1;1,0,1;0,1,0
0,1,0;1,1,0;1,1,0;1,0,0;1,0,0;0,0,0;0,1,0;0,0,1;0,0,1;0,1,1
1,1,1;1,1,0;1,1,1;1,0,0;1,1,0;1,0,0;1,0,1;0,0,1;1,0,0;1,1,1
1,1,1;1,1,0;0,0,0;1,1,0;1,1,0;1,1,0;0,0,1;0,0,1;1,0,0;1,1,0
0,0,1;0,0,0;0,1,0;0,0,0;0,0,0;1,1,1;0,0,1;0,0,1;1,1,1;1,1,1
0,0,1;1,0,1;0,1,0;1,0,1;0,1,0;1,0,0;0,0,0;0,0,1;1,0,1;1,0,1
1,0,1;0,1,1;0,0,0;0,1,0;1,1,0;0,1,0;0,0,1;0,1,1;1,0,0;1,1,1
0,1,1;0,1,1;1,0,0;0,1,0;0,0,0;1,1,0;1,1,1;1,1,1;1,0,0;0,0,0
0,0,1;1,1,1;0,1,1;0,0,0;1,1,0;1,1,0;0,1,1;1,1,1;1,0,1;0,0,1
1,0,0;0,1,0;1,1,1;0,0,1;1,0,0;1,1,1;0,0,0;1,1,1;0,0,1;0,0,0
0,1,1;1,0,0;0,1,0;1,0,0;0,0,0;0,1,0;1,1,1;0,0,0;0,0,0;1,0,0
1,0,0;0,1,1;0,1,1;0,1,1;1,0,1;0,1,0;0,0,1;0,1,1;1,1,1;1,0,0
0,0,1;1,0,0;0,1,1;1,0,1;0,0,1;1,0,1;1,1,0;0,0,0;1,1,1;1,0,0
1,0,1;0,0,1;0,1,1;1,0,1;0,0,1;1,1,1;1,0,0;1,0,0;0,1,1;0,1,0
1,1,1;1,1,0;0,1,0;0,0,1;1,0,0;1,1,0;1,1,1;1,1,0;1,0,1;1,0,1
0,1,1;1,1,1;0,0,0;0,0,0;1,1,1;0,1,1;1,0,1;1,1,1;0,1,0;1,0,0
1,1,1;0,1,1;0,1,1;0,1,1;1,0,1;1,1,0;0,0,0;0,1,1;0,1,1;1,0,1
1,1,1;0,1,0;0,0,1;0,1,0;1,0,0;0,1,0;1,1,1;0,0,1;0,1,0;0,0,0
1,0,0;1,0,1;1,0,0;1,0,0;0,0,1;0,0,0;1,0,0;0,1,0;0,1,0;0,0,1
0,0,0;0,0,0;0,1,1;1,0,1;0,0,0;1,1,0;0,1,1;1,1,1;1,1,0;1,0,0
1,0,0;0,0,1;1,1,1;0,1,0;0,1,1;0,1,0;1,0,0;0,1,1;0,1,1;1,1,0
1,0,1;0,0,1;0,0,0;1,1,1;0,1,0;0,1,0;1,1,1;0,0,0;0,0,1;0,1,0
1,0,0;0,1,0;0,0,0;1,0,1;1,0,0;1,0,0;0,0,0;0,0,1;0,1,0;1,0,0
1,0,0;0,0,1;1,1,1;1,1,1;0,1,0;0,0,0;1,0,1;0,0,0;0,1,1;0,0,0
0,1,1;0,1,1;1,1,0;1,1,0;0,1,0;0,1,1;1,0,0;1,0,0;0,1,1;0,0,0
1,0,0;0,0,0;0,1,1;0,1,1;0,1,1;1,1,1;0,1,0;1,0,0;0,0,1;1,0,0
1,1,1;1,0,1;0,0,1;1,1,1;0,1,0;1,1,0;0,1,0;1,1,0;1,0,0;0,1,0
1,1,1;0,0,0;0,1,0;0,0,0;1,1,0;1,0,1;1,0,1;0,0,1;1,1,1;1,0,0
0,0,0;1,0,1;1,1,1;1,1,1;0,1,1;1,0,1;1,1,1;0,1,0;1,1,1;1,1,0
1,0,1;1,0,0;0,1,0;0,0,0;0,1,1;1,0,1;0,0,1;0,1,0;0,1,1;1,0,1
1,0,0;0,1,0;0,1,0;1,0,1;0,0,1;0,1,1;1,1,1;0,0,0;0,0,0;0,0,0
0,1,1;0,0,1;0,0,1;0,1,0;1,1,1;1,1,0;0,0,1;0,1,0;1,1,1;0,1,1
0,1,0;0,0,0;0,0,1;1,0,0;1,0,1;0,0,0;1,1,1;1,1,0;1,0,1;0,1,1
1,0,1;1,1,1;1,0,0;1,1,1;0,1,1;1,1,1;1,1,1;1,0,1;1,1,1;1,0,0
0,0,0;1,1,0;1,0,0;0,0,0;1,0,0;0,1,0;0,0,1;0,1,1;1,1,1;0,0,1
0,0,1;1,1,0;1,1,1;1,0,1;0,1,1;0,0,1;0,1,1;1,1,1;0,1,1;1,0,1
0,0,0;1,0,0;0,1,0;1,1,1;1,1,1;0,0,0;0,1,1;0,1,0;1,0,0;0,0,1
1,0,0;0,1,0;1,1,0;1,1,1;1,0,1;0,1,0;0,1,1;1,0,0;0,0,1;0,0,0
0,1,1;0,0,1;0,1,1;1,1,0;0,1,0;0,1,0;1,1,1;1,0,0;0,1,0;1,0,0
0,0,1;1,1,1;0,0,0;1,0,1;0,1,0;0,0,0;1,1,0;0,0,1;1,0,0;0,0,0
0,1,1;1,0,0;0,1,0;0,1,0;0,0,1;1,1,0;1,0,1;0,1,0;1,1,1;0,1,1
0,0,0;0,1,0;0,1,1;0,1,0;1,1,1;0,1,1;0,1,1;1,0,1;0,1,1;1,0,1
0,1,1;1,1,1;1,1,1;1,0,1;1,0,0;0,1,1;1,1,0;1,0,1;1,1,0;0,0,1
1,1,0;1,0,0;1,0,1;1,1,1;0,0,0;1,1,0;0,0,1;1,0,1;0,1,1;0,0,1
0,1,1;0,0,0;0,1,0;1,0,0;0,1,1;0,0,1;1,1,1;0,0,1;1,0,0;1,0,1
1,1,0;1,1,0;1,0,0;0,0,0;0,0,1;1,0,1;1,1,0;1,1,0;1,0,1;0,0,1
0,0,0;1,0,0;1,0,1;0,1,1;0,1,0;1,0,0;0,1,1;0,0,1;0,1,0;1,0,0
0,1,1;1,0,0;1,0,1;0,0,1;1,1,0;1,1,1;1,0,1;0,1,0;1,1,0;1,1,1
0,1,0;0,0,1;0,1,0;1,0,0;0,0,0;0,1,0;0,1,1;0,1,1;1,1,0;1,0,1
1,1,0;1,0,1;0,1,0;1,0,1;1,1,1;0,1,1;1,1,1;1,0,0;0,0,1;0,0,1
0,1,1;1,0,0;0,1,0;1,1,1;1,1,0;1,1,1;1,0,0;1,0,1;0,0,1;0,0,0
0,0,1;1,0,0;0,0,1;0,0,0;1,1,1;0,1,1;0,1,0;1,1,0;0,0,0;1,0,0
0,1,1;0,1,1;0,1,1;1,1,0;1,1,0;1,1,1;0,1,1;1,0,1;0,0,0;1,1,1
1,0,1;1,0,1;0,1,0;0,1,0;0,0,0;0,0,1;0,0,1;1,1,1;0,0,0;0,1,1
1,1,1;0,0,0;0,1,0;1,1,0;1,1,0;0,1,1;0,0,0;1,0,1;0,1,0;0,1,0
1,1,0;0,1,0;0,0,1;0,0,0;0,0,1;0,1,1;0,1,1;0,1,1;1,0,0;1,0,1
1,0,1;1,0,1;0,0,0;1,0,1;1,1,0;0,0,1;0,0,0;1,0,0;0,0,1;1,0,0
0,0,0;0,1,1;1,1,0;1,1,0;0,0,0;0,1,0;1,1,1;0,0,0;1,1,1;0,1,0
1,0,1;0,1,1;0,0,1;0,1,0;1,1,1;1,1,0;0,1,0;1,0,0;1,0,1;1,0,1
1,0,0;1,0,1;0,1,1;1,1,0;0,1,0;0,0,1;1,0,1;1,1,0;1,0,0;0,1,0
1,0,1;1,0,1;1,1,1;0,1,0;0,0,0;1,1,1;1,0,1;1,1,0;0,0,1;1,0,1
1,1,1;0,1,1;0,0,0;1,1,0;1,0,1;1,1,1;0,1,1;0,1,0;1,1,0;0,0,0
1,0,0;1,0,1;0,0,0;0,1,1;1,0,1;0,0,1;0,0,1;0,1,0;0,1,1;1,1,1
1,1,1;1,1,1;1,1,0;0,0,0;0,0,0;0,1,0;1,0,1;0,1,1;0,1,0;1,1,1
0,0,1;0,1,1;1,1,0;1,0,1;1,0,1;1,0,0;1,1,0;0,1,1;1,1,0;0,0,1
1,0,0;0,0,1;0,1,1;0,1,1;1,1,1;0,0,0;1,1,0;0,0,0;1,1,1;1,1,0
0,1,1;0,1,1;1,0,1;1,1,0;1,1,0;1,1,1;0,0,1;1,1,0;1,1,0;0,1,0
0,1,0;1,0,1;0,0,1;1,1,0;1,0,0;1,1,1;1,1,1;1,1,1;1,0,1;1,0,0
1,0,0;1,0,1;0,0,1;1,0,1;1,1,1;1,0,1;1,1,0;1,0,0;0,1,0;0,1,0
1,1,0;1,0,1;1,0,0;1,1,0;1,1,1;0,1,0;1,1,0;0,0,1;1,0,1;1,0,0
0,1,1;0,1,1;0,1,0;0,0,0;1,1,0;0,0,1;0,0,1;0,1,0;1,1,0;1,1,1
0,1,0;1,1,1;1,1,1;0,0,0;0,1,1;1,0,0;1,0,1;1,1,0;0,1,1;1,1,0
1,0,1;1,0,1;1,0,0;0,0,0;0,0,0;1,0,1;1,1,1;0,0,1;1,0,1;1,0,1
0,0,0;0,1,0;1,0,1;0,1,0;1,0,1;1,0,0;0,0,1;1,1,0;0,1,1;1,1,0
0,1,1;0,0,0;0,0,1;0,1,1;0,0,1;1,1,0;1,0,1;1,0,0;0,0,0;0,1,0
1,1,0;1,1,1;1,1,1;1,0,1;0,0,0;1,0,0;0,0,0;0,1,0;1,1,1;0,1,0
1,0,1;1,1,1;0,1,1;1,0,0;0,0,1;1,0,1;0,1,1;0,1,0;0,0,1;1,1,1
0,0,1;1,0,0;1,1,1;0,1,0;1,1,1;0,1,0;0,1,0;1,1,1;0,0,0;1,1,1
1,0,0;0,1,1;0,1,1;1,0,0;1,1,0;0,1,0;0,1,0;1,0,0;0,0,1;0,0,0
1,1,0;1,1,0;0,0,1;0,0,0;0,0,1;0,0,1;0,1,1;0,1,1;1,1,1;0,0,0
0,0,0;1,1,0;0,1,1;0,1,0;0,1,0;1,1,1;1,1,0;1,1,1;0,0,0;0,1,1
0,1,0;1,1,1;0,1,0;0,0,0;1,0,0;0,0,1;0,0,0;0,0,0;0,1,0;1,1,1
0,1,0;1,1,1;0,0,1;1,0,1;0,0,0;0,0,1;0,0,0;0,1,0;1,1,1;0,0,0
0,0,1;1,1,0;1,1,1;0,0,0;0,0,1;1,0,0;1,0,0;0,0,1;0,1,1;1,1,1
0,0,0;1,1,0;1,1,0;1,1,1;0,0,1;1,0,0;0,0,0;1,1,0;0,0,1;0,0,0
1,1,0;1,1,0;0,0,0;0,1,0;0,1,0;0,0,1;1,1,1;1,1,0;0,1,1;0,0,0
0,0,1;0,1,0;0,1,1;1,1,0;0,1,0;1,1,1;0,1,1;0,1,1;1,0,0;1,1,1
0,0,1;1,0,1;0,1,1;0,0,0;1,1,1;0,1,1;1,0,1;0,1,1;1,1,0;1,1,1
1,0,1;1,0,0;1,0,0;1,1,0;0,1,0;1,0,1;0,1,1;0,1,1;1,0,0;1,1,1
1,0,1;0,1,1;0,1,1;1,1,0;1,1,1;0,1,1;1,1,1;1,0,1;1,0,0;0,1,1
1,0,0;1,0,0;0,1,1;0,0,1;1,0,0;0,1,0;1,0,1;1,0,0;1,0,1;1,0,0
0,1,1;1,1,0;0,1,1;1,1,0;1,0,0;1,1,0;0,0,1;0,1,0;1,1,1;1,1,0
0,0,1;1,1,0;0,1,1;0,0,1;1,1,1;1,0,0;0,0,1;0,1,0;1,1,0;1,0,0
0,0,1;0,0,0;0,0,1;1,1,1;0,1,1;1,1,0;1,1,0;1,0,0;0,0,1;0,0,1
1,0,0;0,1,1;1,0,0;1,1,1;0,0,1;0,1,0;1,1,0;1,1,0;1,1,0;0,1,1
0,1,0;1,1,1;0,0,1;0,1,1;1,1,0;0,1,0;1,0,0;1,0,0;0,1,0;0,1,1
1,1,0;0,0,1;1,1,1;1,0,0;1,1,0;1,1,0;1,1,0;1,1,0;1,1,0;0,1,1
1,0,0;1,1,1;1,0,0;0,1,1;1,1,1;1,1,0;1,1,1;0,1,0;1,0,1;0,0,0
0,0,1;1,0,1;0,0,0;0,1,1;1,1,0;1,1,1;1,1,0;0,0,1;1,1,0;0,0,1
1,1,0;1,0,1;0,1,1;1,1,1;1,1,0;1,1,0;1,0,1;1,1,1;0,0,1;0,1,1
1,1,0;1,1,1;0,0,0;0,0,1;0,1,1;0,1,0;1,1,0;0,0,0;1,1,1;1,1,0
0,0,0;1,0,1;0,0,1;0,1,1;1,0,0;1,1,0;1,0,1;0,1,0;0,1,0;1,1,0
0,1,1;0,0,0;0,1,0;1,1,0;1,1,0;0,0,0;1,0,1;1,0,0;0,0,1;1,0,1
0,1,0;0,0,0;0,1,1;0,1,1;0,1,1;0,1,0;1,1,1;1,1,1;0,0,1;1,1,0
1,0,0;0,1,0;0,0,0;1,0,1;0,1,1;1,0,0;1,0,1;1,1,1;0,1,1;1,0,0
1,0,1;0,1,1;1,0,0;0,0,0;0,1,0;1,0,1;1,0,0;1,0,0;0,0,0;1,0,1
1,0,1;0,1,1;1,1,1;1,0,1;1,0,0;1,1,0;1,0,0;1,0,1;1,0,1;0,1,1
0,1,1;0,0,1;1,1,1;0,0,0;0,1,1;1,1,0;1,1,0;0,1,1;1,1,0;0,0,0
0,0,0;0,1,1;1,1,1;0,0,0;0,0,1;0,1,1;1,0,0;1,1,1;0,1,0;1,1,1
0,0,0;0,0,0;0,0,1;0,1,0;1,1,1;0,1,0;1,1,0;0,1,1;0,0,0;1,1,1
1,0,0;0,1,1;1,0,0;1,1,0;0,1,1;0,1,1;0,0,0;0,1,1;0,1,0;0,0,0
1,0,0;1,0,0;0,1,1;0,1,1;0,1,0;1,0,0;0,1,0;1,1,0;0,0,0;1,0,1
1,1,1;0,0,0;0,1,1;0,1,0;0,0,0;0,0,1;0,0,0;0,1,1;1,0,1;0,0,1
0,0,0;1,1,0;1,0,1;1,1,0;1,0,1;0,1,0;1,0,1;0,1,0;1,0,1;0,1,1
1,1,0;0,0,1;1,0,1;1,1,0;0,0,1;1,1,1;0,0,0;1,1,1;1,0,0;1,1,1
1,1,1;0,1,1;1,0,0;0,1,1;1,0,1;0,1,0;0,0,0;1,0,1;0,0,0;0,1,0
1,1,1;0,0,0;1,1,1;1,1,0;1,0,0;0,1,1;0,0,1;1,0,0;1,0,0;1,1,1
1,1,1;0,1,1;0,0,1;1,0,0;0,0,0;0,1,1;0,0,0;1,1,1;1,1,0;0,0,1
0,1,0;1,0,0;1,0,1;0,1,1;0,0,1;0,0,1;1,1,0;0,0,0;0,0,0;1,1,1
0,0,1;0,1,0;1,1,1;1,1,0;0,0,1;1,1,0;0,1,0;0,1,1;0,0,1;1,0,1
1,0,0;0,1,0;0,0,0;0,1,0;0,0,1;0,0,0;0,1,0;1,0,0;0,1,1;0,0,1
1,1,1;1,1,0;1,0,0;0,0,1;0,1,1;1,0,1;1,1,0;1,1,0;0,0,0;1,0,1
0,1,0;0,0,0;1,0,0;0,0,0;0,0,1;0,1,1;1,0,1;0,1,1;1,1,1;1,0,0
0,1,1;0,0,1;0,0,1;0,0,1;1,0,1;0,1,0;1,0,0;0,1,1;0,0,1;1,1,1
1,0,1;1,0,1;1,0,0;1,0,1;0,1,1;0,0,0;1,0,1;1,1,0;0,1,0;0,0,0
0,0,1;1,0,0;0,1,1;0,1,1;1,1,1;1,1,0;0,1,1;1,0,0;1,1,0;1,1,0
0,0,0;1,1,1;0,0,1;1,0,1;1,0,1;0,1,0;1,1,0;0,1,1;0,0,1;1,1,0
1,0,1;0,1,0;1,1,0;0,0,1;0,1,0;0,0,0;1,0,0;1,0,0;1,1,0;0,0,0
1,0,0;0,1,0;1,0,0;0,1,0;1,1,1;1,1,1;1,1,1;0,1,1;0,1,0;1,1,1
1,1,0;1,0,0;1,0,0;0,0,0;0,1,1;1,1,0;0,1,1;0,1,1;0,1,1;0,1,0
0,0,0;1,1,0;1,1,0;1,0,0;0,1,1;0,1,1;1,0,1;0,1,1;1,0,0;1,1,1
1,0,0;1,0,0;0,0,1;0,1,1;0,0,1;1,1,0;1,0,0;1,1,1;0,0,0;0,1,1
1,0,1;0,0,0;1,1,1;1,0,0;1,0,1;1,1,0;0,1,1;1,0,1;0,0,1;1,0,1
1,0,1;0,1,0;0,0,0;1,0,0;0,0,0;1,1,0;0,0,1;1,0,1;1,1,0;1,0,0
1,0,1;1,0,0;0,1,0;1,0,0;0,0,0;0,0,0;1,1,0;1,0,1;0,0,1;0,0,0
1,1,0;0,0,1;1,1,0;0,1,0;0,1,1;1,1,1;0,1,0;0,1,0;0,0,1;0,1,1
1,0,0;0,0,1;1,0,0;1,0,0;1,1,0;1,0,1;0,0,0;0,1,0;1,0,0;0,1,1
0,1,0;0,1,0;1,1,1;1,0,1;0,0,0;1,0,1;0,1,0;1,0,0;0,0,0;0,0,0
0,1,1;0,1,0;0,1,0;1,1,0;0,0,0;0,0,0;0,0,0;0,0,0;1,1,0;0,1,0
0,1,0;1,1,0;0,1,1;1,0,1;0,1,1;0,1,1;0,1,0;1,0,1;0,1,1;1,1,0
1,1,1;1,1,0;1,1,1;1,1,0;0,0,0;0,0,0;1,1,0;0,1,0;1,0,0;1,0,0
1,1,0;1,0,1;1,0,1;1,0,0;1,0,1;1,1,1;0,1,0;0,0,0;0,0,0;0,0,1
0,1,1;1,0,1;0,1,0;0,1,0;1,1,1;0,0,0;0,0,1;1,1,1;1,1,1;0,0,1
0,0,0;0,0,1;1,1,0;1,0,1;0,0,0;0,1,1;1,1,0;0,0,0;0,1,0;1,0,1
0,1,0;1,0,0;1,1,1;1,0,1;1,1,1;1,1,0;1,0,0;1,1,0;0,1,0;0,1,1
1,0,0;1,0,1;0,0,0;1,0,0;1,0,0;1,1,1;0,0,0;1,0,1;1,0,0;1,0,0
1,1,0;1,1,1;0,0,1;1,1,0;0,0,0;0,0,0;0,0,0;0,1,0;0,1,1;0,1,1
0,1,0;0,1,1;0,0,1;0,1,1;1,0,0;1,0,0;1,1,0;1,1,0;1,1,1;0,0,0
0,1,0;0,1,0;1,0,1;0,0,1;1,1,1;0,1,0;0,0,1;1,0,1;0,1,1;0,1,0
0,0,1;0,0,1;1,1,0;1,1,1;1,1,1;0,1,0;1,0,1;1,1,0;0,1,0;0,0,1
1,0,1;0,0,0;1,1,0;1,1,1;0,1,1;1,1,1;0,0,0;1,0,0;0,0,1;0,0,1
1,0,0;1,1,0;0,1,1;1,1,1;0,0,0;1,1,1;1,0,1;1,1,0;1,1,1;1,1,0
0,1,0;0,0,1;0,0,1;1,1,0;1,0,1;0,0,1;1,1,0;1,1,0;0,1,1;0,0,1
0,0,0;1,0,0;0,0,0;1,1,1;0,0,0;0,0,0;1,1,1;1,1,0;0,1,0;1,1,0
0,1,0;0,1,0;1,1,1;0,0,1;1,0,1;0,1,0;0,1,1;1,1,0;1,1,1;0,1,0
0,0,1;1,0,0;0,0,1;1,0,1;0,1,0;1,0,0;1,0,1;0,1,0;0,0,0;0,1,0
1,1,1;0,0,0;1,0,0;0,0,1;1,0,0;1,1,0;0,0,1;1,1,0;1,1,0;1,0,1
1,0,0;1,1,1;0,1,0;0,0,0;1,1,0;1,1,1;1,0,1;1,0,1;1,0,0;0,1,1
0,1,0;1,0,1;1,0,1;1,1,0;1,0,1;0,0,0;0,0,0;1,0,0;1,1,0;1,0,1
1,0,1;0,0,1;1,1,0;1,0,0;1,0,0;0,0,0;0,0,0;1,0,1;1,1,0;1,1,1
1,1,0;0,1,1;0,0,1;1,1,1;0,0,0;1,0,0;1,0,1;1,1,1;1,1,1;1,0,1
0,1,1;1,0,0;1,0,1;1,1,0;1,0,1;1,0,0;0,1,0;0,1,1;1,0,1;0,1,1
1,0,0;1,0,0;0,1,0;1,0,0;0,1,1;0,1,1;1,0,1;1,1,0;0,1,1;1,1,1
0,1,0;1,1,0;0,0,0;1,0,0;0,0,0;0,1,0;0,0,0;1,0,0;0,1,1;1,0,0
0,1,0;1,0,0;0,1,1;0,1,0;1,1,1;1,0,0;0,0,0;1,1,1;0,1,0;1,1,1
0,1,0;1,0,1;0,1,0;0,0,1;1,1,1;0,1,1;0,0,0;0,0,1;0,0,1;0,0,0
0,0,1;1,1,0;1,0,0;1,0,0;1,0,0;1,0,1;0,0,1;1,0,1;0,0,1;1,1,0
1,1,1;0,0,0;0,0,0;1,0,0;1,0,0;1,0,0;1,0,0;0,1,0;1,0,0;1,1,0
1,1,1;0,0,0;0,0,1;1,0,0;1,0,0;0,0,1;0,1,0;1,1,1;1,1,0;1,1,0
0,1,1;0,1,0;1,0,1;0,1,1;0,0,1;0,0,0;0,0,1;0,0,1;1,0,1;0,0,1
0,0,0;0,1,0;1,1,0;1,1,0;0,0,1;0,1,0;0,1,0;1,0,0;0,0,0;0,0,0
0,0,0;0,0,0;0,0,1;1,1,0;0,0,0;1,1,0;0,0,1;0,1,0;1,0,0;1,0,1
0,0,1;1,1,1;1,1,1;0,0,0;0,1,1;1,1,1;1,1,0;1,0,0;1,1,0;1,1,1
1,0,1;1,0,0;1,0,0;1,0,1;1,0,1;0,1,1;1,1,1;1,0,1;1,0,1;0,1,0
0,0,0;1,1,0;1,1,0;1,0,0;0,0,0;0,0,1;1,1,0;1,1,0;0,0,0;1,1,0
0,1,0;1,1,1;0,1,1;0,1,0;1,1,1;0,1,0;0,0,0;0,1,1;0,1,0;0,0,1
0,1,0;1,1,1;0,0,1;1,1,0;1,0,0;1,0,0;0,1,1;0,1,0;0,1,0;1,0,1
1,1,0;0,0,0;1,0,1;1,0,0;0,0,1;1,1,1;0,1,0;0,0,0;0,0,1;1,0,1
1,1,0;1,0,0;1,1,1;1,1,1;0,1,1;0,1,1;1,1,1;1,0,1;0,0,1;0,0,1
1,0,1;1,0,1;1,0,0;1,0,1;1,1,0;0,0,0;0,0,0;0,0,1;1,1,0;0,1,1
1,1,0;0,1,1;0,1,0;0,1,1;0,1,1;0,0,1;1,1,0;1,1,0;0,1,0;0,0,1
0,0,0;0,1,0;1,0,1;0,1,0;0,1,0;0,1,0;1,0,1;1,0,0;1,0,0;0,1,0
1,0,0;1,0,0;1,0,1;1,0,0;1,0,1;0,1,0;0,1,1;1,1,1;0,0,0;0,0,1
0,0,1;0,0,0;0,1,0;0,0,0;0,1,0;1,1,1;0,0,1;1,1,0;0,0,0;1,0,1