Transaction_over_threshold_performed,Transaction_over_threshold_approved
---
0,1;0,1;1,1;1,0;1,0;1,1;1,0;0,1;1,1;0,0
0,1;1,0;1,0;1,1;0,0;0,0;1,1;1,1;0,0;0,0
1,1;1,0;0,1;0,1;1,1;0,1;0,0;1,1;0,1;0,0
0,1;0,0;1,0;0,0;0,0;1,0;0,1;1,1;0,1;0,0
0,1;0,0;0,1;0,1;1,0;0,1;1,1;0,1;0,0;0,0
0,1;0,0;1,0;0,0;0,1;1,0;0,1;0,0;0,1;0,0
1,1;1,0;1,1;1,0;0,1;1,0;0,1;1,0;0,0;0,0
1,1;1,0;0,1;0,0;0,1;0,1;0,0;0,0;1,1;0,0
0,1;0,0;1,0;0,1;0,0;0,0;1,0;1,1;1,0;0,1
1,1;0,0;0,0;0,0;1,0;0,0;1,0;1,0;1,1;1,0
0,1;0,1;0,1;1,0;1,0;0,1;0,1;1,0;0,0;1,1
0,1;0,0;1,0;0,1;0,1;1,1;0,1;1,0;0,1;1,1
0,0;1,1;0,0;1,1;1,1;0,0;1,1;1,1;0,1;1,1
0,1;1,1;0,0;0,0;0,0;0,0;1,1;1,0;0,1;0,0
0,0;1,1;1,1;0,0;1,0;1,1;0,1;0,0;1,0;0,1
0,1;1,0;0,1;1,1;1,1;1,1;1,0;1,1;1,1;0,1
1,1;1,1;1,0;1,0;0,1;1,0;1,0;0,1;1,1;1,1
0,1;1,1;0,1;0,1;1,1;1,0;0,0;1,1;0,1;0,1
1,1;1,0;0,0;1,1;1,0;1,0;1,1;1,1;1,0;0,0
0,0;1,1;1,0;1,1;0,1;1,1;0,1;1,0;0,1;1,1
0,0;0,1;1,1;1,1;1,0;1,1;0,1;1,0;1,1;1,1
0,0;0,1;0,1;0,0;1,1;0,1;0,1;1,0;0,0;0,1
0,0;1,1;1,0;1,0;0,1;1,1;1,0;0,0;0,1;0,0
1,1;1,0;1,1;1,0;1,1;0,1;0,1;0,1;1,0;0,1
1,1;1,1;1,0;0,0;1,1;0,1;1,1;0,0;1,0;1,0
0,1;1,0;0,1;1,1;1,0;0,0;0,1;0,1;0,0;0,0
0,0;0,0;0,1;1,0;0,1;1,0;0,0;0,1;1,0;0,1
0,1;1,1;1,0;0,0;1,1;1,1;0,0;0,0;1,0;0,0
0,0;1,1;0,1;1,1;0,0;0,1;1,0;1,1;1,0;0,0
0,1;0,0;0,0;0,1;0,0;1,1;1,0;0,1;0,1;0,1
0,1;0,1;0,1;0,0;1,0;0,1;0,1;1,1;1,0;0,0
0,0;1,1;1,0;1,0;1,1;1,0;1,0;1,1;1,1;0,0
0,1;1,0;1,0;0,1;0,0;0,1;0,1;1,1;1,0;0,1
1,1;1,0;0,0;0,1;1,1;0,1;0,1;1,0;1,0;0,0
1,1;1,0;0,0;1,1;0,1;1,0;1,1;1,0;1,1;0,0
0,0;0,1;1,1;0,0;0,0;1,1;1,0;0,0;0,0;1,0
0,0;0,1;0,1;0,0;1,0;1,1;1,0;0,0;1,1;0,0
1,1;1,0;1,1;0,0;1,0;1,1;0,1;1,0;0,1;1,1
1,1;1,0;1,1;0,0;1,0;0,1;1,0;1,1;1,0;0,1
1,1;0,0;0,1;1,0;0,1;1,1;0,0;0,0;1,1;0,0
0,0;0,1;1,1;0,1;1,0;0,0;0,1;1,1;1,0;1,1
1,1;0,1;0,1;0,1;0,1;1,0;1,0;1,0;1,0;0,1
1,1;0,1;0,0;1,1;0,0;1,0;0,0;1,0;0,0;1,1
0,0;1,1;0,1;0,1;0,1;1,1;0,0;1,0;1,1;1,0
1,1;0,0;0,1;0,1;1,1;0,1;0,0;1,0;0,0;1,1
1,1;0,0;0,1;0,1;1,0;0,0;0,0;0,1;1,1;1,0
0,0;0,1;0,0;1,1;1,1;1,1;1,1;1,0;0,0;0,0
0,1;0,1;1,0;0,1;0,0;0,0;1,1;1,0;0,1;0,0
0,1;1,1;0,1;1,0;1,1;1,0;0,0;1,1;1,1;1,0
0,0;1,1;0,0;1,1;0,0;1,1;0,0;1,1;1,0;1,1
1,1;0,0;1,1;1,0;0,0;1,1;0,0;1,0;1,1;0,1
1,1;1,1;0,0;1,1;1,1;1,0;0,1;1,0;1,0;0,1
1,1;1,1;1,1;1,1;1,0;0,1;0,0;0,1;1,1;1,1
0,0;0,0;0,1;1,0;0,0;0,0;0,0;1,0;0,1;0,0
0,1;1,0;1,1;1,1;1,0;1,0;1,1;0,0;0,0;1,0
0,1;0,1;1,0;0,0;1,0;1,0;1,0;1,0;1,1;1,1
0,0;0,0;1,1;0,0;1,0;0,0;1,0;1,1;0,1;1,0
0,1;0,0;1,1;1,0;1,1;0,1;0,1;0,0;0,0;0,1
0,0;0,1;0,1;0,1;1,1;0,0;0,1;1,0;1,1;1,1
0,0;0,1;1,0;0,0;1,1;1,0;1,1;1,1;0,0;1,1
1,1;1,1;0,1;1,0;0,1;0,1;1,1;0,0;1,1;0,1
0,1;0,0;1,0;1,1;0,1;0,1;1,1;0,1;0,1;0,1
1,1;1,0;1,1;0,0;1,1;1,0;0,0;1,1;1,1;0,1
0,0;0,1;0,1;1,1;0,1;0,1;0,1;1,0;1,0;0,1
0,1;0,1;0,1;1,0;0,1;0,0;0,1;1,0;0,1;0,0
0,1;0,0;1,1;0,1;1,1;1,0;0,0;0,1;0,1;1,1
1,1;0,0;0,1;0,1;1,1;0,1;1,1;0,1;1,1;1,1
0,1;1,1;1,1;1,1;0,1;0,0;1,1;0,1;0,0;1,1
0,1;0,0;1,1;0,1;0,1;1,1;0,0;0,0;1,1;1,1
0,1;0,1;1,0;1,1;0,1;0,0;1,0;1,0;1,0;1,1
0,0;1,1;0,0;1,0;0,0;1,1;1,0;0,0;1,1;1,0
1,1;1,0;1,1;1,0;1,1;1,1;1,1;0,0;1,1;0,1
1,1;1,0;0,1;0,1;0,1;0,0;0,1;1,1;0,1;1,0
0,1;0,1;1,1;1,1;1,0;0,0;1,0;1,1;0,0;1,1
1,1;1,1;1,1;1,0;0,1;0,0;1,1;0,1;1,1;1,0
1,1;1,1;0,0;0,0;0,1;0,0;0,0;0,1;1,0;0,0
0,1;0,1;0,0;1,0;1,0;1,1;1,0;0,1;1,0;0,1
0,0;0,0;1,1;1,1;0,0;1,1;0,0;0,1;1,1;0,1
0,1;0,1;0,1;0,1;0,0;1,1;1,0;1,1;0,1;0,1
0,0;0,1;1,0;0,1;1,1;1,0;1,1;0,0;1,1;1,0
1,1;1,1;1,0;0,0;0,0;1,1;1,0;0,1;1,0;0,1
0,0;1,1;0,1;0,0;1,0;0,0;0,1;1,0;0,1;1,0
0,1;0,1;0,0;1,0;0,0;0,0;1,1;1,0;1,0;1,1
1,1;0,0;0,1;1,1;0,1;0,1;1,0;1,0;0,0;1,0
0,0;1,1;1,0;1,1;0,1;0,0;0,0;0,1;1,0;0,0
0,1;0,1;1,0;1,1;0,0;0,0;1,1;0,0;0,1;0,1
0,0;1,1;1,1;0,0;0,1;0,0;1,0;1,1;1,1;1,1
1,1;0,0;0,0;1,1;0,0;0,0;0,1;1,0;1,0;0,0
0,0;1,1;0,0;0,1;1,0;0,0;1,0;1,0;1,1;0,0
1,1;1,0;0,0;0,1;0,1;1,0;0,0;1,0;0,0;0,1
0,1;1,0;1,1;0,1;1,0;1,1;0,1;0,1;0,0;1,0
0,1;1,0;0,0;0,0;1,0;0,1;0,1;1,0;1,1;1,0
1,1;1,1;1,0;1,0;0,0;0,1;0,0;0,0;1,1;0,0
0,1;0,0;0,0;0,1;0,0;1,0;1,0;1,1;1,0;0,1
0,0;0,1;0,0;1,0;1,1;1,1;1,1;1,1;0,1;0,1
0,0;0,0;0,1;0,1;1,1;1,1;1,1;0,1;0,0;1,0
1,1;0,1;0,1;1,1;1,1;0,0;1,0;0,0;0,0;1,0
1,1;0,0;0,1;0,0;1,0;1,0;0,0;1,0;1,1;1,0
1,1;1,0;0,1;0,0;1,0;0,1;1,0;0,0;1,0;1,1
1,1;1,1;1,1;1,0;0,0;0,1;0,0;0,0;0,0;0,1
0,1;0,0;0,0;1,1;1,1;1,1;0,0;1,0;0,0;1,0
1,1;1,0;1,0;1,0;1,1;0,0;1,0;0,0;1,0;1,1
0,1;0,0;1,0;1,0;0,1;0,0;1,0;0,1;1,1;1,0
0,0;0,1;1,1;0,1;0,0;1,1;1,1;1,0;0,0;0,1
0,1;0,1;1,1;0,1;0,1;0,1;1,0;0,1;0,0;0,1
1,1;0,1;1,0;0,0;1,1;1,0;1,1;1,1;1,0;0,1
1,1;0,0;0,1;0,1;0,1;1,1;1,1;1,1;0,0;0,0
0,1;0,0;1,1;1,0;1,0;0,1;1,0;1,0;1,1;1,1
0,0;0,0;1,1;0,1;0,1;1,1;0,0;0,1;1,0;1,1
1,1;0,1;1,1;0,1;1,1;1,0;1,1;1,1;0,1;0,1
1,1;1,0;1,1;0,1;0,1;1,1;0,1;1,0;1,1;0,0
1,1;0,1;1,0;1,1;1,0;1,1;0,1;1,0;0,0;1,1
1,1;1,0;0,0;1,1;0,0;1,0;1,1;0,1;1,0;0,1
0,1;0,1;0,0;1,1;0,1;0,0;1,0;1,1;1,1;0,1
0,1;0,1;1,0;0,1;1,1;0,1;0,1;0,1;1,1;0,0
1,1;1,0;1,1;0,0;1,1;0,1;1,0;1,1;1,1;0,1
0,1;1,1;0,1;0,0;0,0;1,0;0,0;1,0;0,0;1,1
1,1;1,1;1,0;0,0;1,0;0,0;0,1;1,1;1,1;1,1
0,0;0,1;0,0;1,0;1,0;1,1;0,1;0,0;1,1;0,1
0,0;0,1;0,1;0,0;1,1;1,1;0,1;0,0;0,0;0,1
0,1;1,1;1,1;0,1;1,1;0,0;1,1;0,0;0,0;0,0
0,1;1,1;1,0;0,0;0,0;0,1;0,0;0,1;0,1;1,0
0,1;0,0;0,1;1,1;0,1;0,1;1,1;0,1;0,0;0,1
0,1;1,1;0,1;1,0;0,1;1,0;1,1;1,1;1,1;0,0
0,0;0,0;1,1;1,0;0,1;1,1;1,1;1,1;1,1;1,0
0,0;0,1;0,1;1,0;0,1;1,0;0,0;1,0;0,0;0,0
1,1;1,1;0,0;0,0;1,0;1,0;1,1;0,1;1,1;1,1
0,1;1,1;1,0;1,0;0,1;1,1;1,0;1,0;1,0;1,0
0,0;1,1;1,0;1,0;1,0;1,0;1,1;1,0;1,1;1,0
0,0;1,1;0,0;0,1;0,1;0,1;1,1;1,1;0,0;1,0
1,1;1,1;0,0;0,0;0,0;1,1;0,1;0,1;0,0;0,1
0,1;1,0;0,0;1,0;1,0;1,1;1,1;0,1;1,0;0,0
0,0;1,1;0,0;1,0;1,0;0,1;1,0;1,1;0,1;0,1
0,1;0,0;0,0;1,1;1,1;1,1;0,1;0,0;0,0;0,1
0,1;0,1;0,0;1,1;0,0;0,0;1,1;1,1;1,1;1,0
0,1;0,1;1,1;0,0;1,0;0,0;1,0;1,0;1,0;1,0
0,1;0,1;0,1;0,1;1,1;1,1;1,1;0,0;1,0;0,0
0,0;0,1;1,0;0,0;0,1;0,1;0,1;1,1;0,1;0,1
1,1;1,1;0,0;0,0;1,0;1,0;0,0;1,1;1,0;1,1
0,1;1,0;1,0;0,1;0,0;0,1;0,1;1,1;1,0;1,1
0,0;0,1;1,1;0,1;1,1;1,0;0,0;0,0;0,1;1,1
0,0;1,1;1,0;0,0;0,1;0,1;1,0;0,0;1,0;0,0
0,1;1,1;1,0;0,0;1,1;0,0;1,1;1,1;0,0;1,0
1,1;1,0;0,1;0,0;1,1;0,1;1,1;0,1;0,1;1,1
1,1;0,1;0,1;1,1;0,1;0,1;1,0;0,0;0,0;0,0
0,0;0,1;1,1;0,0;1,1;0,0;0,0;1,1;0,0;1,0
0,1;0,1;0,1;1,0;0,0;1,1;1,1;1,1;0,1;1,0
1,1;1,1;0,0;1,0;1,1;1,1;1,0;1,0;0,0;0,1
0,1;0,1;0,1;0,1;1,0;1,1;1,1;1,1;1,0;0,0
0,1;1,0;0,0;1,1;1,0;0,0;0,0;1,1;1,1;0,1
0,1;1,1;1,1;1,1;0,0;0,0;0,1;1,0;0,0;0,1
0,1;0,0;1,0;0,1;1,0;1,0;1,0;1,1;0,1;1,0
0,0;1,1;1,0;0,0;1,0;1,0;1,0;0,0;1,0;0,0
1,1;1,0;1,1;1,1;0,0;1,0;1,1;0,0;1,1;0,0
1,1;0,0;1,0;0,0;0,1;1,0;0,1;0,0;0,0;1,1
0,0;1,1;1,1;1,1;0,1;1,1;0,0;0,1;1,1;0,0
0,0;0,1;0,0;0,0;0,1;0,0;1,1;1,1;1,1;0,1
0,1;0,1;0,1;1,1;1,1;0,1;1,1;0,0;0,0;0,1
0,1;0,1;1,0;0,0;0,1;1,0;1,1;0,0;1,1;0,0
0,0;0,0;1,1;1,1;0,0;0,0;0,1;1,1;1,1;0,1
1,1;1,0;0,1;0,1;0,1;1,1;1,1;1,0;0,1;0,0
0,1;1,0;1,1;0,1;1,1;1,1;0,1;1,1;0,1;0,1
1,1;0,1;0,1;1,1;1,1;0,0;0,1;0,1;0,0;1,0
1,1;0,1;1,1;0,0;0,0;1,1;0,1;0,0;0,1;1,1
0,0;0,0;0,1;1,0;1,1;1,1;1,0;0,1;0,0;0,1
0,0;1,1;0,1;1,0;0,0;0,1;0,1;0,1;0,1;0,0
0,1;1,0;1,1;1,1;1,0;1,0;1,0;0,0;0,0;0,0
1,1;1,0;1,1;0,0;1,1;0,0;1,1;1,1;0,0;0,1
1,1;1,1;1,0;0,0;1,1;1,0;0,1;1,1;0,1;1,1
1,1;1,0;0,1;1,0;0,1;1,0;1,0;1,1;0,0;0,1
0,1;0,1;1,1;0,0;1,0;1,1;0,1;0,1;1,1;0,1
0,1;1,0;1,0;0,1;0,1;1,1;1,1;0,1;0,1;0,1
0,0;0,1;0,1;0,0;1,0;1,1;1,0;1,1;1,1;1,0
0,1;0,0;1,0;1,1;1,0;1,0;1,1;1,1;1,1;0,0
1,1;0,0;0,1;0,0;1,0;0,0;0,1;0,0;0,1;0,1
1,1;0,0;0,0;0,1;0,0;0,1;0,0;1,0;1,1;1,1
0,1;1,1;0,0;1,1;1,0;0,1;0,0;0,0;0,1;1,0
1,1;1,1;1,1;1,0;0,0;1,1;1,0;0,1;0,1;0,0
1,1;1,1;0,1;1,1;1,1;1,0;0,0;0,0;1,1;1,1
1,1;0,1;0,0;0,1;1,0;0,1;0,1;1,1;0,1;1,1
1,1;1,0;0,1;0,1;1,1;0,0;1,0;0,0;1,1;1,0
0,1;0,1;0,1;0,0;0,1;0,1;0,0;1,1;0,1;1,0
0,1;0,0;1,0;1,0;1,0;1,1;0,0;0,0;0,1;1,1
0,1;0,1;1,1;0,1;1,0;1,0;1,1;1,1;0,1;0,1
1,1;0,0;1,0;1,1;1,1;0,0;0,0;1,1;1,1;1,1
1,1;1,1;0,0;1,1;0,0;0,1;1,0;0,0;1,1;0,1
1,1;0,0;0,1;0,0;1,0;1,1;0,0;0,1;1,0;0,1
0,0;0,0;0,1;1,1;0,1;1,1;1,0;1,0;1,1;1,0
1,1;1,1;0,0;1,1;1,1;0,1;0,1;1,0;1,1;1,1
0,1;0,1;1,0;1,0;0,1;1,0;0,0;0,1;0,1;0,0
0,0;1,1;1,1;1,0;1,1;1,0;1,0;0,1;0,0;1,0
0,0;1,1;1,0;1,0;0,0;0,1;1,1;1,1;0,1;1,0
1,1;1,0;1,1;1,1;1,1;0,1;0,1;1,1;1,0;0,1
1,1;0,1;0,0;0,1;0,0;1,1;1,0;1,0;0,1;0,0
0,0;0,0;0,1;0,0;1,0;0,1;1,1;1,0;0,1;0,1
0,1;1,0;1,1;0,1;1,1;0,1;0,0;1,1;1,1;1,1
0,0;0,1;0,0;0,0;1,1;1,0;1,0;0,1;1,1;1,1
1,1;0,1;0,0;1,1;0,1;1,1;0,0;1,0;0,1;0,1
1,1;1,1;1,1;0,0;1,0;1,0;0,1;0,1;0,0;1,1
1,1;0,0;1,1;0,0;0,0;1,0;0,0;1,1;1,1;1,1
0,0;0,0;1,1;0,1;0,1;0,1;0,1;0,0;0,0;1,0
0,1;1,0;0,0;1,0;0,0;1,0;1,0;0,0;0,1;0,1
1,1;0,1;0,0;0,0;1,1;1,0;1,0;1,0;1,1;0,0
1,1;0,1;0,1;1,1;0,0;1,1;0,1;0,0;1,1;1,0
0,1;1,0;0,0;1,0;1,1;1,1;1,1;1,1;1,1;1,1
0,1;1,1;0,0;0,1;1,0;1,0;0,1;1,0;0,1;1,0
0,1;0,0;0,1;0,1;1,1;0,0;1,1;1,0;1,1;0,0
0,1;0,0;0,0;0,0;0,0;1,1;0,1;0,0;1,1;1,1
1,1;1,0;0,1;0,0;1,0;0,0;1,0;1,1;1,0;0,1
0,0;0,0;0,0;1,1;1,1;0,1;0,0;1,1;0,0;0,1
1,1;1,0;0,0;0,0;1,1;0,0;1,0;0,1;1,1;1,1
1,1;1,1;0,0;1,0;0,1;0,1;0,0;0,1;1,1;1,1
1,1;0,1;0,0;0,1;1,1;1,0;1,1;1,0;1,1;1,0
1,1;0,0;1,0;1,1;1,1;0,0;0,1;1,1;0,1;0,0
1,1;1,1;0,0;0,1;1,1;1,0;0,1;0,1;1,0;1,1
1,1;0,0;0,0;0,0;0,1;1,0;0,1;0,1;0,1;0,0
0,1;0,1;0,0;1,0;1,0;0,0;0,1;1,0;0,0;1,0
0,1;0,1;0,0;1,0;1,1;1,0;0,1;1,0;0,0;0,1
0,1;0,1;0,1;1,0;0,1;0,1;1,1;0,0;1,1;0,1
1,1;0,0;0,1;1,1;0,0;0,1;1,0;0,0;1,1;1,1
1,1;0,1;1,0;0,0;0,0;0,0;1,0;0,0;0,0;1,0
0,1;0,0;0,0;0,1;0,1;1,1;0,1;1,1;0,1;0,0
1,1;1,0;0,0;1,0;0,1;0,1;1,0;0,0;1,1;1,1
0,1;0,1;0,0;0,0;1,0;1,1;0,0;0,0;0,0;0,0
0,1;1,1;0,0;0,0;0,1;1,0;0,0;1,1;1,1;1,1
0,0;0,1;0,1;0,1;0,1;0,1;1,0;1,0;0,1;0,0
0,0;0,1;1,0;1,0;0,1;0,1;0,0;1,1;0,0;0,1
0,0;1,1;1,0;1,1;1,1;0,0;1,1;0,1;0,1;0,0
0,1;0,0;1,1;0,1;1,1;0,0;1,0;1,0;1,0;1,1
0,1;0,0;0,1;0,0;0,1;1,0;1,1;1,1;0,0;1,1
0,1;1,0;1,1;1,0;1,1;1,0;0,1;1,0;1,0;1,1
1,1;1,0;1,0;1,1;1,0;1,0;1,0;0,1;0,1;0,1
0,1;1,1;1,0;1,1;0,1;1,1;0,0;0,1;0,0;0,0
1,1;1,1;1,1;0,1;1,1;1,1;0,0;0,1;0,0;1,0
1,1;1,1;0,1;0,0;1,1;0,1;1,0;1,0;0,1;0,0
1,1;1,0;1,0;0,0;0,0;0,0;0,0;1,0;1,0;0,0
0,0;0,1;0,1;1,0;0,1;1,1;0,1;0,1;1,1;0,1
0,1;0,1;1,0;1,0;0,0;1,0;1,0;0,0;1,0;0,0
0,0;0,1;0,1;1,0;1,1;0,1;1,1;0,1;0,0;1,1
1,1;1,1;1,1;1,0;0,0;0,1;1,0;1,0;0,0;0,1
1,1;0,0;1,0;0,1;0,1;1,0;0,0;0,0;1,0;0,1
0,1;0,0;1,1;1,0;0,1;1,0;1,1;1,1;1,0;1,1
1,1;1,0;0,1;0,0;1,0;0,1;1,1;0,1;1,0;1,0
0,1;0,1;1,0;0,0;1,1;1,1;1,0;1,0;1,0;0,0
0,0;0,0;0,1;1,0;0,1;1,1;1,0;0,1;1,0;1,0
1,1;1,1;1,0;0,0;0,0;1,0;0,1;1,1;1,1;0,1
1,1;1,0;1,1;0,0;1,1;1,1;0,0;0,0;1,0;1,0
0,1;1,0;0,0;1,0;1,1;1,0;1,1;0,0;1,0;1,0
0,0;1,1;1,1;1,1;1,1;0,0;1,1;0,1;1,1;1,1
0,1;0,0;0,0;0,1;0,1;1,1;1,0;0,0;1,0;0,0
1,1;0,0;1,0;1,1;1,0;1,1;0,1;1,0;0,0;1,1
0,0;0,1;0,1;0,0;0,1;0,0;0,1;1,0;1,1;1,1
0,1;1,1;0,1;1,1;0,0;0,0;1,1;1,0;0,1;0,0
1,1;1,0;1,1;1,1;0,0;1,1;1,0;1,1;0,1;1,1
0,1;0,1;1,1;1,0;0,0;0,0;0,1;0,0;0,1;0,0
0,1;1,1;0,0;1,1;1,1;0,1;1,1;0,1;0,1;0,0
0,1;0,0;0,0;0,1;1,1;1,0;0,0;0,0;0,0;1,0
0,0;0,1;0,1;1,0;0,0;1,0;0,1;1,1;1,1;0,0
1,1;0,1;1,0;1,0;1,0;1,0;1,1;1,1;0,0;1,0
0,1;0,1;1,0;1,1;1,1;0,1;1,1;1,1;1,0;0,0
1,1;0,1;1,0;1,0;1,1;1,1;0,0;1,1;1,1;0,1
0,1;1,1;1,1;1,0;0,1;0,1;0,0;1,0;1,0;0,1
0,0;0,0;0,1;0,0;1,0;0,0;1,1;1,1;1,1;1,1
1,1;1,1;1,0;0,1;1,0;1,1;1,1;0,0;0,1;1,0
0,0;0,1;0,1;1,0;1,0;1,0;1,1;1,0;1,0;0,1
0,1;0,0;1,1;0,1;0,1;1,0;0,1;0,0;0,1;1,0
0,0;1,1;0,0;0,0;1,1;0,0;0,0;1,1;0,1;0,0
1,1;0,0;0,1;1,0;1,1;1,1;1,0;0,1;1,1;0,0
0,0;0,1;1,1;1,0;1,1;1,0;0,1;1,0;1,1;1,1
1,1;1,1;1,1;0,0;0,1;0,0;1,0;0,0;1,1;1,1
0,0;0,0;0,1;1,1;0,1;1,1;1,0;0,1;1,1;0,0
1,1;0,1;1,0;1,1;1,1;1,0;1,0;1,1;0,1;0,1
0,1;1,1;0,1;1,0;0,0;1,0;1,0;0,1;1,1;0,0
0,1;0,1;0,0;1,1;1,1;0,0;1,1;1,0;0,0;1,1
1,1;1,0;1,1;1,1;1,1;1,0;0,0;1,0;1,0;0,0
1,1;1,0;0,0;1,0;0,0;1,1;0,0;1,0;1,1;0,0
1,1;0,1;1,1;0,1;0,0;0,1;1,1;1,1;0,1;0,0
1,1;0,1;1,1;0,0;0,1;1,0;0,0;0,0;1,0;1,1
0,0;0,0;1,1;0,0;1,1;1,0;0,0;1,1;1,1;0,0
0,1;0,0;0,1;1,1;1,1;0,1;0,0;0,1;1,0;1,1
0,0;1,1;0,0;0,0;0,1;1,0;0,1;0,1;0,0;0,0
1,1;1,0;0,1;1,0;1,0;1,0;1,0;0,1;1,0;1,0
0,1;1,0;1,1;0,0;1,0;1,1;1,1;0,0;0,1;0,1
0,1;0,0;0,0;0,0;0,0;0,1;1,0;0,1;1,1;0,0
0,0;1,1;0,1;0,1;0,0;1,0;1,0;1,0;1,1;0,1
0,0;1,1;0,1;1,1;0,0;0,0;1,1;0,0;0,0;0,1
0,0;1,1;1,1;0,0;1,1;1,0;1,1;0,0;1,1;1,0
1,1;0,1;1,0;0,0;1,0;1,1;0,1;1,0;0,0;0,0
0,1;1,1;0,1;0,0;1,1;1,0;0,0;0,0;0,1;0,0
1,1;1,1;0,0;1,1;0,1;0,1;0,0;0,1;0,1;0,1
0,1;0,0;1,1;0,1;1,1;0,0;1,0;0,0;1,0;0,0
0,1;0,1;1,1;0,0;1,0;1,0;1,0;1,1;0,1;1,1
1,1;0,0;1,0;1,1;0,0;1,1;1,0;0,0;1,0;0,0
0,0;0,1;1,1;1,1;0,1;0,1;1,1;1,0;0,1;1,0
1,1;0,0;1,1;0,0;1,0;1,1;0,0;1,0;0,1;1,0
1,1;1,1;0,1;1,1;1,1;0,0;0,0;0,0;1,0;0,1
1,1;0,0;0,0;0,1;1,0;1,1;0,0;1,0;1,1;1,0
1,1;1,1;0,0;1,0;0,1;1,1;1,0;0,1;0,1;0,1
1,1;0,1;0,1;0,1;1,1;0,1;1,1;0,0;1,0;0,0
1,1;0,0;1,1;0,1;1,0;0,1;0,0;0,0;1,0;0,0
0,0;1,1;1,1;1,1;1,1;0,1;1,0;1,0;1,1;0,0
0,0;0,1;1,1;1,0;1,1;1,0;0,0;0,0;0,1;1,0
0,1;0,0;0,1;0,1;0,0;0,0;1,0;0,1;0,0;0,0
0,1;0,0;1,1;1,1;1,1;1,0;0,1;0,1;1,0;1,0
0,0;0,0;0,1;1,1;1,1;1,1;0,0;1,1;0,0;0,1
1,1;0,1;1,1;1,0;1,0;1,0;0,0;1,1;0,0;1,1
0,0;0,1;1,0;1,0;1,0;0,0;0,1;1,1;0,1;1,1
1,1;1,1;0,0;0,0;0,0;1,1;1,1;0,1;1,1;1,0
0,0;1,1;1,1;0,1;0,1;1,0;0,1;0,1;1,1;1,0
1,1;0,0;0,1;0,1;0,1;0,1;0,1;0,1;1,1;1,1
1,1;0,1;0,0;0,1;1,0;1,1;1,1;1,1;0,1;0,0
0,0;0,1;0,0;0,0;0,0;0,1;1,0;1,0;0,1;0,0
0,1;1,0;0,0;0,1;1,0;1,1;0,1;1,1;1,0;1,0
0,0;0,1;1,0;0,0;0,0;1,0;1,1;1,0;1,1;0,1
0,0;1,1;0,1;1,1;1,0;0,0;1,0;1,0;1,0;1,0
0,1;0,1;0,1;0,0;0,0;1,0;1,1;0,1;0,1;0,1
0,0;1,1;0,0;0,0;1,0;0,1;1,0;0,0;0,1;0,1
0,0;0,1;1,1;0,1;1,0;1,0;0,0;0,0;1,1;0,0
0,1;1,1;1,0;0,1;0,1;0,0;0,1;1,1;0,1;0,1
1,1;0,1;1,0;0,0;0,1;0,0;1,0;0,0;0,1;0,1
1,1;0,0;1,0;0,1;0,1;1,0;0,0;1,1;0,0;0,0
1,1;0,1;0,0;1,1;0,1;1,1;0,0;0,1;1,0;1,1
0,0;1,1;0,0;0,1;1,1;1,1;1,1;1,0;1,0;0,0
0,1;1,1;1,1;0,1;0,1;0,0;1,0;0,0;0,1;0,0
1,1;0,0;1,1;0,1;0,1;1,0;0,0;1,0;1,1;1,0
0,1;1,1;0,1;1,1;1,1;0,0;0,1;0,1;1,1;1,1
0,1;1,0;0,1;0,0;1,0;1,1;1,1;0,0;1,1;0,0
1,1;1,0;0,0;1,1;0,0;0,1;1,1;0,0;0,0;0,1
0,1;1,1;0,1;0,1;1,0;1,1;1,1;0,1;1,0;1,0
0,1;0,1;1,1;0,0;0,1;0,0;0,0;1,0;1,0;0,1
0,0;1,1;1,0;1,1;0,0;1,0;0,0;1,1;1,1;1,0
1,1;0,1;0,1;0,1;1,1;0,1;1,1;0,0;0,1;0,1
0,0;1,1;1,1;1,1;1,1;0,1;1,0;1,1;0,1;0,1
0,1;0,0;1,1;0,1;0,0;1,1;0,0;1,1;1,0;0,1
1,1;0,1;1,0;1,0;0,0;1,1;0,0;0,1;0,1;0,0
0,0;0,1;1,0;1,0;1,0;1,0;0,1;1,0;0,0;0,0
1,1;0,1;0,0;1,1;0,0;0,0;0,1;1,0;1,0;0,1
1,1;1,0;0,0;0,1;0,1;0,1;0,0;0,0;1,0;1,1
0,1;0,1;1,0;1,1;1,0;1,0;1,0;0,1;1,0;0,0
1,1;0,0;1,1;0,1;1,0;1,1;1,1;0,1;1,0;1,0
1,1;1,1;0,1;1,0;1,1;0,1;1,0;1,1;0,1;1,1
1,1;0,0;0,0;1,0;1,0;1,0;0,0;0,1;0,1;1,0
0,0;0,1;1,0;1,0;0,1;0,1;0,1;0,0;1,0;0,1
0,0;0,0;0,0;1,1;0,1;0,0;0,1;0,0;0,1;0,0
1,1;1,0;1,0;1,0;1,0;1,0;0,0;0,0;0,1;0,1
1,1;0,0;1,1;0,1;1,0;0,1;1,1;1,0;0,0;1,1
1,1;1,1;1,1;0,0;0,0;1,0;0,1;1,1;0,1;1,0
0,1;0,1;1,0;1,0;1,1;0,0;0,1;0,0;1,0;0,1
1,1;1,1;1,0;1,1;0,1;1,0;1,0;1,1;0,1;1,1
0,0;0,0;0,1;0,0;1,0;0,0;1,0;0,0;1,0;0,0
0,0;0,0;0,1;1,1;1,1;0,1;0,1;0,0;1,1;0,1
0,0;1,1;1,0;1,1;1,0;1,1;0,0;1,1;1,0;0,0
0,1;1,1;0,0;1,1;1,1;0,1;1,1;0,1;0,1;1,1
0,1;1,0;1,0;1,1;1,0;0,1;1,1;0,1;1,1;0,0
0,0;1,1;0,1;0,1;1,1;0,0;1,0;1,1;0,1;0,1
1,1;1,1;1,0;0,0;1,1;1,1;0,1;1,0;1,1;0,1
0,1;0,0;1,0;1,1;0,1;1,1;0,1;0,0;1,1;0,0
0,1;0,0;0,1;1,0;0,0;0,0;1,0;0,0;1,0;0,1
0,1;0,1;0,1;0,0;1,0;0,0;0,0;1,1;1,0;0,0
0,0;0,1;1,1;1,1;1,0;1,0;0,1;1,1;1,0;0,0
0,1;0,0;1,0;0,0;1,0;1,0;0,0;0,0;1,0;0,0
0,1;0,0;0,1;0,0;0,1;1,0;0,1;1,0;1,0;0,1
1,1;1,1;1,1;0,1;0,1;1,0;1,1;0,1;0,1;1,0
0,1;0,0;1,1;1,1;0,1;0,1;1,0;1,0;1,1;0,1
1,1;1,0;1,0;1,1;0,1;0,0;0,1;0,1;0,1;1,0
1,1;1,0;1,1;0,1;1,1;0,1;1,0;0,1;0,0;1,1
0,1;0,1;0,1;0,0;0,0;1,0;0,0;1,1;0,0;1,1
1,1;0,0;0,1;0,1;0,1;1,0;0,0;1,0;0,1;1,0
1,1;1,1;0,0;1,0;1,0;1,0;0,1;1,1;0,1;0,1
0,1;0,0;0,0;1,1;1,0;0,1;0,1;0,1;0,0;0,0
1,1;0,1;1,1;1,0;0,1;0,1;0,0;1,0;0,0;1,0
0,0;0,1;1,1;1,1;1,1;0,0;0,0;1,1;1,1;1,0
1,1;1,0;0,0;0,1;0,1;0,1;1,0;0,1;1,0;1,0
1,1;0,1;1,1;0,1;0,0;1,1;1,0;1,1;1,1;1,1
1,1;0,0;0,0;0,0;1,1;1,1;0,0;1,0;0,1;1,0
0,1;1,0;0,0;0,1;0,0;0,1;1,0;1,0;0,0;0,1
0,1;0,0;0,1;0,1;0,0;1,1;0,0;0,1;1,1;1,0
0,1;1,1;0,1;1,1;0,1;1,0;0,0;0,0;0,0;1,0
0,0;0,0;1,1;0,1;1,1;0,0;1,0;1,0;1,1;0,1
0,0;1,1;1,0;1,0;1,0;0,1;1,0;1,0;0,0;0,1
1,1;1,0;0,1;0,0;0,0;1,0;1,0;1,1;0,0;0,0
0,1;0,1;0,0;0,0;1,1;1,1;0,1;1,0;0,1;0,0
0,1;0,1;1,0;1,1;1,1;1,0;0,0;1,0;1,1;0,0
0,0;0,1;1,1;0,1;0,1;1,0;0,1;1,0;0,1;1,1
0,1;1,1;0,0;0,1;1,0;0,0;0,1;1,1;0,1;1,0
1,1;0,1;0,1;1,1;1,0;1,0;0,0;0,0;0,1;1,0
1,1;0,1;1,1;0,1;0,0;0,0;1,1;1,1;0,1;0,0
1,1;1,1;0,1;0,1;1,1;1,0;1,1;1,1;1,1;0,1
0,0;1,1;0,0;0,1;0,1;1,1;0,0;1,1;1,1;1,0
0,0;0,0;0,1;1,1;0,0;1,0;0,1;1,1;1,1;1,0
0,1;1,0;0,0;0,1;0,1;0,1;1,1;0,1;0,1;1,0
1,1;0,1;1,0;1,1;1,1;1,0;0,0;1,1;1,1;0,1
0,0;0,1;0,0;1,0;0,0;1,1;0,0;1,0;1,1;1,0
0,1;0,1;0,0;0,0;0,1;0,0;0,1;0,1;1,0;0,1
1,1;1,1;0,1;1,1;0,1;1,1;0,1;1,0;0,1;0,0
0,0;1,1;1,0;1,0;0,0;0,0;1,0;0,1;1,1;1,1
0,0;0,1;1,0;1,0;1,0;1,0;1,1;0,0;1,0;0,1
1,1;1,1;1,1;0,1;0,1;1,0;1,0;0,0;1,0;0,1
0,0;1,1;1,1;1,0;0,0;1,0;0,0;1,0;0,0;0,1
1,1;1,1;1,1;1,1;1,0;0,1;1,0;0,1;1,0;0,0
---
0,0;0,0;1,0;1,0;1,1;1,1;0,0;0,0;1,0;0,1
1,0;0,0;1,1;0,1;1,0;1,1;1,0;0,1;1,1;0,0
1,0;1,0;0,0;0,1;1,1;1,1;0,1;0,0;0,0;1,0
1,0;1,0;1,1;0,0;1,0;1,1;1,0;1,1;0,0;1,1
1,0;1,0;0,0;0,0;1,0;1,0;1,1;0,1;0,0;1,1
1,0;1,1;0,1;1,0;0,1;1,0;0,1;0,1;1,1;0,0
1,0;0,0;1,1;1,1;1,1;1,0;1,0;0,0;0,1;1,1
1,0;1,0;0,0;1,1;0,0;0,1;1,0;1,0;0,1;0,0
1,0;1,0;0,0;0,0;0,0;0,1;0,0;0,0;0,1;0,0
1,0;0,1;0,0;1,0;1,1;0,0;1,0;0,1;0,1;0,1
1,0;1,1;1,1;1,0;1,1;1,1;1,0;1,0;1,1;1,0
1,0;1,0;1,1;0,1;0,0;0,1;1,1;1,1;1,0;0,0
1,0;1,1;1,1;1,1;1,0;0,1;1,1;1,1;1,1;1,0
1,0;1,1;1,1;1,0;1,0;0,0;0,1;0,0;0,0;0,1
1,0;0,0;1,0;1,1;1,0;1,0;0,1;0,0;1,0;1,1
1,0;1,0;1,0;0,0;0,0;1,0;1,0;1,0;0,1;0,0
1,0;0,0;1,0;0,1;1,1;0,0;1,1;1,1;0,0;1,1
0,0;1,0;0,1;1,1;1,0;1,1;0,1;1,1;1,1;0,0
1,0;1,0;1,1;0,1;0,0;1,1;1,1;1,0;1,1;1,1
1,0;0,0;0,0;0,0;0,1;1,1;1,0;0,1;0,0;1,1
0,0;1,0;0,0;1,1;1,0;0,1;1,0;0,1;1,1;1,1
1,0;0,0;1,1;1,1;0,1;1,0;1,0;1,0;1,0;0,0
1,0;0,1;0,1;1,0;1,0;1,1;1,1;1,1;0,1;1,0
0,0;1,0;0,0;0,0;1,0;0,1;0,1;0,1;1,1;1,1
1,0;0,1;0,1;0,1;1,1;1,0;1,0;0,0;0,0;1,0
1,0;1,0;0,0;0,0;0,0;0,1;1,0;1,0;1,0;0,0
1,0;1,1;0,1;0,1;1,1;1,0;1,0;1,0;1,1;0,1
1,0;0,0;1,1;1,0;1,0;1,0;1,0;0,1;1,0;0,1
1,0;1,1;1,0;1,1;0,0;0,1;1,1;0,1;0,0;0,1
1,0;0,1;0,0;1,0;1,0;1,1;1,0;1,0;0,0;1,1
1,0;0,1;1,0;1,0;1,0;0,1;1,1;0,0;0,1;1,0
1,0;1,0;0,0;0,0;1,0;0,1;0,1;0,1;1,1;1,0
0,0;1,0;1,0;0,0;1,0;0,0;1,1;1,1;1,0;1,0
1,0;1,0;0,1;0,0;0,0;1,1;0,0;0,1;1,1;0,1
1,0;1,0;1,0;0,0;0,1;0,0;0,0;1,1;1,0;1,1
1,0;1,1;0,1;1,0;1,1;0,0;0,0;1,0;0,1;1,0
1,0;1,0;1,0;1,1;1,0;1,1;1,1;0,1;0,1;0,1
0,0;1,0;1,0;1,1;0,0;0,1;0,1;1,1;1,0;0,0
1,0;0,1;1,1;1,1;0,1;0,0;0,1;0,1;0,1;1,1
1,0;0,0;1,0;1,0;0,1;1,0;0,0;0,0;1,1;0,0
1,0;0,1;1,0;1,1;1,1;1,0;0,1;1,0;0,0;1,1
1,0;1,1;1,0;1,0;1,1;0,1;0,0;0,1;1,1;0,1
1,0;0,0;1,0;0,0;1,0;1,1;0,1;0,0;0,0;1,0
0,0;1,0;1,0;0,0;1,0;0,0;0,0;0,1;0,0;1,1
1,0;0,0;0,1;1,0;0,1;1,0;0,0;1,0;0,0;1,0
1,0;1,1;1,1;0,1;1,0;0,1;1,1;0,0;1,1;0,1
0,0;1,0;0,1;1,0;0,1;0,1;1,0;0,0;1,1;1,1
1,0;0,1;0,0;0,0;0,1;1,0;0,1;0,1;1,1;1,0
0,0;1,0;0,1;1,1;1,0;1,1;0,0;1,0;1,1;1,0
1,0;0,1;1,0;1,0;1,1;1,1;1,1;0,1;0,0;1,1
0,0;1,0;0,1;1,1;1,0;0,1;0,1;0,1;1,0;1,0
1,0;0,0;0,1;0,0;0,0;0,0;0,0;1,0;1,0;0,1
1,0;0,1;1,1;0,1;1,0;1,0;1,1;0,1;1,1;1,1
1,0;1,0;0,1;0,1;1,0;0,0;0,1;0,1;0,1;1,1
1,0;1,0;0,0;1,1;1,1;0,1;0,0;0,0;1,1;0,0
0,0;0,0;0,0;1,0;1,1;0,0;1,1;1,0;1,1;0,0
0,0;0,0;1,0;1,0;1,1;1,0;1,1;0,1;0,1;0,1
1,0;1,0;1,0;0,0;0,1;0,1;1,0;0,1;1,0;1,1
1,0;1,0;0,0;0,1;1,1;1,0;0,1;0,1;1,1;0,0
1,0;1,0;1,1;1,1;0,1;0,0;0,0;0,0;1,0;0,1
1,0;1,0;0,1;0,0;1,0;0,0;1,1;1,0;0,0;0,0
1,0;0,1;0,1;0,1;1,0;1,0;1,1;0,0;1,0;1,1
1,0;0,0;0,0;1,0;0,1;1,1;1,1;0,1;0,1;0,0
1,0;0,1;1,1;0,0;1,0;0,1;0,0;0,0;0,1;0,0
1,0;1,1;0,1;1,1;1,1;1,1;1,0;0,1;1,0;0,0
1,0;0,0;1,0;1,1;0,0;0,1;0,0;0,0;1,1;0,0
0,0;1,0;1,0;1,0;0,1;0,1;1,1;1,0;1,0;0,1
1,0;0,1;0,0;1,0;0,0;0,1;0,0;0,0;0,1;1,0
0,0;1,0;1,1;0,1;0,1;1,1;1,1;0,1;1,0;1,1
1,0;0,1;1,1;1,0;0,1;0,1;1,1;0,0;1,1;0,0
1,0;1,1;0,1;1,0;0,0;1,0;1,0;0,0;0,0;0,0
1,0;1,0;1,0;1,1;1,0;0,1;1,0;0,1;1,1;1,1
1,0;1,1;0,0;0,0;1,1;0,1;1,1;0,1;0,1;1,1
1,0;0,0;0,1;0,1;1,0;0,1;1,0;1,0;0,0;1,1
1,0;0,1;1,0;0,1;0,0;0,0;1,0;0,1;1,0;1,1
0,0;1,0;1,1;0,1;0,0;1,0;0,0;1,1;0,0;1,1
1,0;1,0;0,1;0,1;0,0;1,1;0,0;1,0;1,0;1,1
0,0;0,0;1,0;0,0;0,1;1,1;0,1;1,0;0,0;1,1
1,0;0,0;0,1;0,1;0,0;0,0;1,0;1,0;1,1;0,1
1,0;0,1;0,0;0,0;1,1;0,1;1,0;0,0;0,1;0,0
0,0;1,0;0,0;1,1;1,0;1,1;1,1;1,0;1,1;0,1
0,0;0,0;0,0;1,0;0,0;1,0;0,0;1,1;0,0;0,0
1,0;1,1;1,0;1,1;0,1;1,1;1,1;0,1;0,0;1,0
0,0;1,0;0,1;1,0;1,0;0,1;1,1;1,0;1,1;1,1
0,0;1,0;0,1;0,0;0,1;0,0;0,0;0,0;1,1;0,1
1,0;1,0;0,0;0,0;1,0;1,1;1,1;1,1;0,1;1,0
0,0;0,0;0,0;1,0;0,1;0,1;1,0;1,0;0,0;0,1
1,0;1,0;1,0;0,0;1,0;1,1;1,1;1,1;0,0;0,1
1,0;0,1;0,0;0,1;1,0;0,0;0,1;1,0;1,0;1,0
1,0;0,1;0,0;0,0;1,0;1,0;1,1;0,1;1,1;0,1
0,0;1,0;0,0;0,1;1,1;0,1;1,1;0,1;1,0;1,1
1,0;1,0;0,0;1,1;1,0;0,0;1,0;0,0;0,1;1,0
0,0;0,0;1,0;0,1;1,1;1,0;0,0;1,0;1,1;0,0
1,0;0,1;0,1;1,0;0,1;0,1;0,1;1,0;1,1;1,0
0,0;1,0;0,1;1,1;0,0;0,1;0,0;1,0;0,1;0,1
1,0;0,1;0,0;0,1;0,0;0,1;0,1;1,1;1,0;0,0
1,0;1,0;1,0;0,0;1,0;0,1;1,1;0,1;1,1;0,1
1,0;0,1;0,0;1,1;1,0;0,1;0,1;1,0;1,1;1,1
0,0;0,0;0,0;1,0;0,0;0,0;0,0;1,0;1,1;1,0
1,0;1,0;0,1;0,0;1,0;1,1;1,0;1,1;1,0;0,0
1,0;0,1;1,0;1,0;0,0;0,0;1,1;0,1;0,1;1,0
0,0;0,0;0,0;0,0;0,0;1,0;0,0;0,0;0,0;1,0
0,0;1,0;0,0;0,1;1,1;0,0;1,1;0,0;0,1;0,1
1,0;1,1;0,0;0,0;1,0;0,1;0,1;0,0;1,1;0,0
1,0;1,1;0,1;0,0;1,0;1,1;0,1;0,1;1,1;0,0
1,0;0,1;0,1;1,1;1,0;1,1;0,0;0,1;0,1;0,0
0,0;1,0;1,0;0,1;0,1;1,1;1,0;1,1;0,1;1,1
0,0;0,0;1,0;1,0;1,1;0,1;1,0;0,1;0,0;0,0
0,0;0,0;0,0;1,0;0,0;1,1;1,0;1,0;0,0;0,1
1,0;0,0;1,0;0,1;0,0;0,1;0,0;1,0;0,1;0,0
1,0;0,0;1,1;0,1;0,1;1,0;0,0;1,1;1,0;1,1
1,0;0,0;0,0;0,1;1,1;1,0;0,0;1,0;0,1;1,1
1,0;1,0;0,0;0,1;0,1;1,0;1,1;1,1;0,0;1,0
1,0;0,0;0,1;0,0;0,1;1,0;1,0;0,1;1,1;0,0
1,0;0,1;0,1;1,1;1,1;0,0;0,1;0,0;1,1;1,0
1,0;1,0;1,1;0,0;0,1;0,1;1,0;0,1;0,0;1,1
1,0;0,1;0,1;0,1;1,1;0,0;0,0;1,0;1,0;1,0
1,0;0,0;0,1;1,1;0,0;1,1;0,0;1,1;0,1;1,0
0,0;1,0;1,0;0,1;1,0;0,0;1,0;1,1;1,0;0,0
1,0;0,0;0,0;0,0;1,0;1,1;0,0;1,1;0,1;1,1
1,0;0,1;1,0;1,0;0,1;1,0;0,1;0,0;0,1;1,1
1,0;0,0;0,1;1,1;0,1;1,1;0,0;1,1;0,0;1,1
0,0;1,0;0,1;1,1;0,1;1,1;0,1;1,1;0,0;0,1
1,0;1,1;1,0;0,0;0,1;0,0;0,0;1,1;0,1;0,1
1,0;1,0;0,1;0,1;1,0;1,1;1,1;1,0;1,0;0,1
0,0;1,0;0,1;0,1;1,1;0,1;0,0;0,0;1,0;1,0
1,0;1,1;0,1;1,1;0,1;0,0;0,1;1,0;0,1;0,1
0,0;0,0;0,0;1,0;0,0;1,1;0,1;0,0;0,1;1,1
0,0;1,0;0,0;0,0;0,1;1,0;0,1;1,0;0,1;1,1
1,0;0,1;0,1;0,1;1,0;0,1;1,0;0,0;0,0;1,0
1,0;0,1;1,1;1,1;0,0;1,0;0,0;1,0;1,1;1,1
0,0;1,0;0,1;0,0;1,1;0,1;1,1;1,0;1,0;1,0
0,0;0,0;1,0;0,1;1,0;0,0;0,0;0,0;1,0;0,0
1,0;1,1;0,1;0,0;1,0;1,0;0,0;0,1;0,0;0,1
0,0;0,0;1,0;1,1;0,1;0,0;1,0;0,1;0,1;1,0
1,0;0,0;0,1;0,0;0,1;0,0;0,0;1,1;0,1;1,0
0,0;0,0;1,0;0,1;0,0;1,0;1,1;0,1;1,0;0,0
0,0;1,0;1,1;1,1;0,0;1,1;1,1;0,1;1,0;0,1
1,0;0,1;0,1;0,1;1,0;0,1;1,0;1,0;0,1;0,1
0,0;1,0;1,0;1,0;0,1;0,0;0,0;0,1;0,0;1,1
1,0;1,1;1,0;1,0;0,0;1,0;0,1;1,1;1,0;0,0
1,0;1,0;1,1;1,1;0,0;0,1;1,1;1,1;1,1;0,0
1,0;0,0;1,1;0,1;1,0;0,0;1,1;1,1;0,0;1,1
1,0;1,0;0,0;1,1;1,1;0,0;0,0;0,0;0,1;0,0
1,0;1,0;0,1;1,1;0,0;0,1;0,1;0,1;1,0;0,1
1,0;0,0;0,0;0,0;1,1;1,0;0,1;0,1;1,0;1,1
0,0;1,0;1,1;0,0;0,1;1,0;1,0;0,1;1,1;0,1
0,0;0,0;0,0;1,0;0,1;1,0;0,0;0,1;0,1;0,1
1,0;0,0;0,1;0,1;0,1;1,0;1,0;0,1;0,0;0,1
1,0;1,0;1,0;1,1;1,1;1,1;1,0;1,0;1,0;1,0
1,0;0,1;0,0;0,1;1,0;1,0;1,0;1,1;0,1;1,0
0,0;1,0;0,0;0,1;0,0;1,0;1,1;1,1;1,0;0,1
1,0;1,0;0,0;1,1;0,0;1,1;1,1;0,0;0,1;1,1
1,0;1,0;1,0;0,0;1,0;0,0;0,0;1,1;1,1;1,1
1,0;1,0;1,1;1,0;1,0;0,0;0,0;1,1;1,1;0,0
0,0;0,0;1,0;1,1;0,0;1,0;0,1;0,1;1,1;1,1
0,0;0,0;1,0;0,1;0,0;0,0;0,1;0,0;1,0;1,1
1,0;1,1;1,0;1,1;1,1;1,0;0,1;0,0;0,0;1,0
1,0;0,0;1,1;1,0;1,1;1,0;1,0;1,0;1,1;1,1
1,0;0,0;1,0;0,0;1,0;0,0;1,1;0,1;1,0;0,0
1,0;0,1;1,1;0,1;0,1;0,0;0,0;1,0;1,0;0,0
1,0;1,0;1,0;0,1;1,1;0,1;0,0;1,1;0,0;1,1
0,0;1,0;1,0;1,1;0,0;1,0;1,0;0,0;1,1;0,0
0,0;0,0;0,0;0,0;1,0;0,0;0,0;1,0;1,0;0,0
0,0;1,0;0,0;1,1;0,0;1,0;1,1;1,0;0,1;0,1
1,0;0,1;1,0;1,0;0,1;0,0;0,0;0,0;1,1;0,0
0,0;0,0;1,0;0,0;1,1;1,1;1,0;1,0;0,1;0,0
1,0;1,0;0,1;0,1;1,0;0,1;0,0;0,1;1,0;0,0
1,0;1,0;1,0;0,0;1,0;1,1;1,1;1,1;1,1;1,0
1,0;0,1;1,1;0,1;0,0;0,0;0,0;1,1;0,0;0,0
0,0;1,0;0,0;0,1;0,0;1,0;1,1;0,0;1,1;0,1
1,0;1,1;1,1;0,1;1,1;0,0;0,0;0,0;0,1;1,0
1,0;0,0;1,1;1,1;1,0;0,0;0,0;1,0;1,1;1,1
0,0;1,0;1,0;0,0;0,1;1,0;0,0;1,1;1,0;1,1
1,0;0,0;1,1;0,0;0,0;0,1;1,1;0,0;1,1;0,0
1,0;1,0;0,1;1,1;1,1;0,1;0,0;0,0;1,1;0,1
1,0;1,0;1,0;1,0;0,1;0,1;1,0;0,0;0,1;1,1
0,0;1,0;0,0;1,0;0,1;1,0;0,1;0,1;1,1;0,0
1,0;1,0;0,0;0,0;0,1;0,0;1,1;1,1;1,0;1,1
1,0;1,1;0,1;1,0;1,1;0,1;0,1;0,1;0,1;1,0
1,0;0,1;0,0;0,1;1,0;0,0;1,0;0,0;1,0;1,0
0,0;1,0;0,0;1,1;0,1;0,1;1,1;0,1;0,0;1,1
1,0;0,1;1,1;0,0;0,1;1,0;0,0;0,0;1,0;1,1
1,0;0,1;1,0;1,0;1,0;1,0;1,1;1,1;1,1;1,1
1,0;0,1;0,1;0,0;0,0;1,0;0,1;0,0;0,1;1,0
1,0;0,1;0,1;0,0;0,0;1,1;1,1;0,0;1,0;1,1
1,0;1,1;1,0;1,1;0,0;0,1;0,1;1,0;1,0;0,1
1,0;0,0;0,0;1,0;1,1;1,1;1,1;0,1;1,1;1,0
1,0;0,1;0,0;0,1;1,0;1,0;0,0;1,0;1,0;1,1
0,0;1,0;1,1;0,0;0,0;0,0;0,1;1,0;0,0;1,1
0,0;1,0;1,1;0,1;1,1;0,0;0,0;1,1;1,1;0,0
1,0;0,0;0,1;1,1;1,1;0,0;1,1;0,1;1,0;0,0
1,0;1,1;0,1;0,0;0,1;0,1;0,1;0,0;1,1;1,0
0,0;1,0;0,1;0,1;1,0;0,1;1,0;1,0;0,0;1,0
1,0;1,0;0,0;1,1;0,0;0,1;1,0;0,1;0,0;0,1
0,0;1,0;0,0;1,1;1,1;1,1;1,0;0,0;0,1;1,0
1,0;0,1;0,0;1,1;1,0;0,1;0,1;1,0;1,0;1,0
1,0;0,0;1,0;0,1;1,0;1,1;1,1;0,1;0,1;1,0
0,0;1,0;0,0;1,0;0,1;0,1;0,1;0,0;0,1;1,0
1,0;0,1;1,1;1,1;1,0;0,0;1,1;0,1;1,0;1,1
1,0;0,0;1,1;1,0;0,1;1,1;1,1;0,0;1,0;1,0
1,0;0,1;0,1;1,1;1,0;1,1;0,1;0,1;1,0;0,0
0,0;1,0;0,0;0,0;1,0;1,0;0,1;0,0;1,1;0,1
1,0;1,1;1,1;0,1;1,1;0,1;0,0;1,0;1,1;1,1
1,0;1,1;0,0;0,1;0,0;1,0;0,0;0,0;0,1;0,1
1,0;0,1;0,0;0,0;0,0;1,1;1,1;1,0;1,1;1,1
0,0;1,0;0,0;1,1;1,1;0,1;0,1;1,0;1,1;0,0
1,0;1,0;1,0;1,0;1,0;0,0;0,1;1,0;1,0;0,1
1,0;1,1;0,0;1,1;0,0;1,1;1,0;1,1;1,0;1,0
1,0;0,0;1,1;0,1;1,1;0,0;0,0;1,1;0,0;0,1
1,0;0,0;1,1;1,0;0,0;0,0;1,0;1,1;1,1;1,1
1,0;0,1;0,1;0,0;0,0;0,1;0,0;1,0;1,0;1,0
0,0;1,0;0,1;1,0;1,1;0,0;0,1;0,0;1,0;1,1
1,0;0,0;1,1;1,1;1,1;0,0;1,1;0,1;1,0;1,1
1,0;0,1;0,1;1,0;0,0;0,1;1,0;0,0;1,1;1,1
1,0;1,1;1,1;0,0;1,1;1,0;0,0;1,1;0,0;1,0
1,0;0,0;1,1;1,1;1,1;0,1;1,1;0,0;1,0;1,0
1,0;0,1;1,0;0,1;0,0;1,0;0,1;1,0;0,1;0,0
1,0;0,0;0,0;1,1;1,1;1,1;1,1;1,0;0,1;1,0
1,0;1,0;0,1;1,1;0,0;1,1;1,0;0,1;0,1;0,0
1,0;0,0;1,0;0,1;0,0;0,0;0,1;0,0;0,0;0,1
1,0;0,1;0,0;1,0;0,0;0,1;0,1;0,1;1,1;0,0
1,0;0,0;1,1;1,0;0,0;1,0;1,0;1,0;1,0;0,1
1,0;0,1;0,1;0,1;0,1;1,1;1,1;0,1;0,1;1,0
1,0;1,0;1,1;0,1;1,1;1,0;1,1;0,0;0,1;1,1
1,0;1,0;1,1;0,1;0,0;1,1;1,1;0,1;0,0;0,1
1,0;1,0;0,0;0,0;0,1;0,1;0,1;1,1;0,1;0,0
1,0;0,0;0,1;1,0;0,1;1,1;0,0;0,1;0,1;0,0
1,0;1,1;0,1;0,1;1,0;0,0;1,0;1,0;0,1;1,0
1,0;1,0;0,1;0,1;0,0;1,0;0,0;1,1;0,1;1,0
1,0;1,0;1,1;1,0;0,0;1,1;1,1;0,0;0,0;0,0
1,0;1,1;0,1;0,1;0,0;1,1;0,0;1,0;1,1;0,1
0,0;1,0;0,1;0,0;0,0;1,1;1,0;0,0;0,0;0,1
1,0;0,1;1,1;0,1;1,0;0,0;1,0;1,1;1,1;0,1
1,0;1,1;0,1;0,0;0,0;1,0;0,0;1,1;1,1;0,0
1,0;0,1;0,1;0,1;0,1;0,0;0,1;0,0;1,0;1,1
1,0;1,0;0,0;1,1;0,0;1,1;1,1;1,0;0,1;0,1
1,0;0,1;1,0;0,1;1,0;1,0;1,0;1,1;0,0;1,1
0,0;1,0;0,0;1,0;1,0;1,1;1,0;0,1;0,0;1,0
1,0;1,1;1,1;0,1;0,1;0,1;0,1;1,1;0,1;0,0
1,0;0,0;0,0;0,0;0,0;1,0;0,1;0,0;0,1;1,1
1,0;1,1;1,0;0,0;0,1;1,0;1,1;0,0;1,0;1,0
1,0;1,1;0,0;1,1;1,0;1,1;1,1;0,1;1,1;0,0
1,0;1,1;1,0;1,1;0,0;0,0;0,0;1,0;1,1;1,0
1,0;0,1;1,0;1,0;1,0;1,0;1,0;0,0;0,1;0,0
0,0;0,0;1,0;0,1;1,0;1,1;1,0;1,1;0,1;1,0
0,0;1,0;1,0;0,1;1,0;0,0;0,0;0,0;1,0;0,1
1,0;1,1;1,1;0,1;0,1;0,0;0,0;1,0;1,0;1,1
0,0;1,0;1,1;0,1;0,0;0,1;1,0;1,0;0,0;1,0
1,0;1,1;1,0;1,1;1,1;1,0;0,0;1,1;1,1;0,1
0,0;1,0;1,0;1,1;1,0;0,1;0,0;1,1;0,0;0,0
1,0;1,1;0,0;0,1;1,1;0,1;0,0;0,1;1,0;0,1
1,0;0,1;0,0;1,0;0,1;0,1;0,1;0,1;0,0;1,1
1,0;1,1;1,0;0,1;0,0;1,1;0,1;1,1;0,1;0,0
0,0;0,0;1,0;1,0;1,0;0,1;1,0;0,0;0,1;1,0
1,0;1,0;1,0;1,1;1,1;0,0;0,0;1,0;1,1;1,1
0,0;1,0;1,1;1,1;1,1;0,1;0,1;1,0;0,0;1,1
1,0;0,0;0,1;1,0;1,1;0,0;1,0;1,1;1,0;1,1
0,0;0,0;1,0;0,1;1,1;0,1;0,1;0,0;1,0;1,1
0,0;0,0;1,0;1,0;1,0;0,0;0,1;0,0;1,1;1,1
0,0;1,0;0,0;1,1;1,1;1,1;0,0;0,1;0,1;0,1
1,0;1,0;0,1;1,1;1,0;1,1;0,1;1,1;0,1;0,1
1,0;0,1;0,0;0,0;1,0;1,1;0,1;0,1;1,1;1,0
1,0;1,0;0,1;1,1;1,1;0,0;0,0;0,0;1,0;0,0
1,0;0,0;0,0;1,0;1,0;1,1;0,0;0,0;0,0;0,1
0,0;1,0;0,0;0,1;0,0;1,1;0,1;0,1;1,0;1,1
0,0;1,0;0,1;1,0;0,1;0,1;1,0;0,0;1,0;1,1
1,0;0,0;1,1;1,0;1,0;1,1;1,0;1,1;0,0;1,1
1,0;0,0;0,1;1,0;0,1;0,1;0,0;0,0;1,1;1,1
1,0;0,0;0,0;0,0;0,1;1,0;0,1;0,0;0,1;1,0
1,0;1,0;1,0;1,0;1,1;0,1;1,1;1,1;1,0;1,0
1,0;1,0;0,0;0,0;0,0;0,0;1,0;0,1;0,0;0,1
1,0;0,1;0,0;1,1;1,1;0,0;1,0;1,1;0,0;1,0
1,0;0,0;0,0;0,1;0,0;1,0;0,0;0,0;1,0;0,1
1,0;1,1;0,1;1,1;1,1;0,0;1,0;0,0;1,1;0,1
1,0;0,1;0,0;0,1;0,0;1,1;1,0;1,1;0,1;1,0
1,0;0,1;0,0;0,0;1,0;0,1;1,0;1,1;1,1;1,1
1,0;0,1;0,1;1,0;0,1;1,1;0,0;1,1;0,1;0,1
1,0;0,0;0,0;1,1;0,0;1,0;0,1;0,1;0,1;0,0
1,0;1,0;1,0;1,0;1,0;1,1;0,0;1,1;1,1;0,0
1,0;1,0;0,0;1,0;1,0;1,0;1,1;1,1;0,1;0,0
1,0;0,0;0,1;1,0;0,0;0,1;1,1;0,0;1,1;1,1
1,0;0,1;0,1;0,0;0,1;1,1;1,0;0,1;1,0;1,0
1,0;0,0;0,1;1,1;1,0;0,0;1,1;1,1;1,1;1,1
1,0;1,0;1,1;0,1;1,0;0,0;1,1;0,1;0,1;1,1
0,0;0,0;0,0;1,0;1,1;1,0;0,1;1,0;1,0;1,0
0,0;0,0;1,0;1,0;0,1;1,1;1,1;0,1;0,0;1,0
1,0;1,1;0,1;0,1;0,1;0,0;1,1;1,1;1,0;1,1
1,0;1,1;1,1;0,0;0,1;0,1;0,1;1,0;1,0;1,0
1,0;0,1;0,1;0,1;1,1;1,0;1,1;0,1;0,0;0,0
1,0;1,0;1,0;1,0;1,1;1,0;1,1;1,0;1,0;0,1
1,0;1,1;1,0;0,1;0,1;0,1;0,0;1,0;0,1;1,1
1,0;1,0;1,0;0,0;1,0;0,0;0,0;1,1;0,1;0,0
1,0;0,0;1,0;0,1;0,1;1,1;1,1;0,1;1,1;0,0
0,0;1,0;1,1;1,1;1,1;1,0;1,1;0,1;0,0;0,1
1,0;1,0;0,1;1,0;1,0;0,1;0,1;0,0;1,1;0,0
1,0;1,0;1,1;0,1;1,1;0,1;1,0;0,0;1,1;1,0
1,0;1,1;0,1;0,0;0,1;0,1;0,0;1,1;0,1;1,0
1,0;1,0;1,0;1,0;0,1;0,0;0,0;0,1;0,1;0,0
0,0;0,0;1,0;0,0;0,1;0,0;0,1;0,0;0,0;1,0
1,0;0,1;0,0;1,0;1,0;0,1;1,0;0,0;1,0;1,1
0,0;1,0;0,1;0,0;1,1;1,1;0,1;1,1;1,0;0,1
0,0;1,0;1,1;1,0;1,1;0,1;0,0;0,1;1,1;0,0
1,0;0,1;0,1;0,1;1,0;0,0;1,0;1,1;0,0;0,0
1,0;1,1;1,1;0,1;1,0;1,1;0,0;1,0;0,1;0,1
1,0;0,0;1,1;0,0;1,0;1,1;1,1;0,1;1,1;0,1
0,0;1,0;0,0;1,1;1,0;1,1;1,1;0,1;1,0;1,0
0,0;0,0;1,0;0,0;0,0;0,1;0,0;0,0;0,1;0,0
1,0;1,1;0,1;1,1;1,1;0,1;0,1;1,1;0,1;1,0
0,0;1,0;1,1;0,0;0,1;0,1;1,1;0,0;1,1;0,1
1,0;1,0;1,1;1,0;1,0;1,1;1,0;1,1;1,1;1,1
1,0;0,1;1,1;0,1;0,1;1,0;0,0;1,1;0,1;0,0
0,0;1,0;1,0;0,0;1,1;0,0;0,1;1,0;0,1;1,1
0,0;1,0;0,1;0,0;1,1;1,0;0,1;0,0;0,0;1,0
0,0;1,0;0,0;1,1;1,1;1,0;1,1;0,1;0,0;0,1
1,0;0,1;0,0;1,1;0,0;0,0;1,1;0,1;1,1;1,1
1,0;1,1;0,1;0,1;0,1;0,1;1,0;0,1;0,1;1,0
0,0;1,0;1,1;1,0;1,1;1,1;0,0;1,0;0,1;1,0
1,0;0,0;0,1;0,0;0,1;1,0;1,0;1,1;0,0;1,1
1,0;0,0;1,1;1,0;1,0;1,1;0,1;1,0;1,1;0,1
1,0;1,0;0,1;0,1;0,1;1,0;1,1;1,1;0,1;1,0
1,0;1,0;1,1;0,1;0,0;0,1;0,0;1,0;0,0;0,0
1,0;0,0;1,0;1,1;1,1;1,0;0,1;0,1;0,1;0,0
1,0;0,0;0,0;1,0;0,1;0,1;1,0;0,1;1,1;0,0
0,0;1,0;1,1;1,1;0,1;1,1;1,1;0,1;0,0;0,0
1,0;1,0;0,1;1,0;0,0;1,1;0,1;1,1;0,0;0,0
1,0;1,1;1,0;0,1;1,0;1,1;1,1;0,0;0,1;0,0
1,0;1,0;1,1;1,1;0,1;1,0;0,0;0,0;0,1;0,1
1,0;0,1;1,1;1,0;0,0;1,0;1,1;0,1;0,1;1,1
1,0;0,1;0,0;1,0;0,0;0,0;0,1;1,1;1,1;1,0
1,0;1,1;0,1;0,0;0,1;0,0;0,1;1,0;0,1;0,1
1,0;0,1;1,0;0,0;1,0;1,0;0,1;1,0;0,1;1,1
1,0;1,0;1,0;1,0;1,0;0,0;0,1;0,0;1,1;1,0
1,0;0,0;0,0;0,0;0,1;0,1;1,1;1,0;0,0;1,1
1,0;0,1;1,1;0,0;1,1;0,1;0,1;1,1;0,0;1,0
1,0;1,1;1,1;0,1;1,0;0,1;1,0;1,1;1,1;0,1
0,0;0,0;1,0;1,0;0,1;0,0;0,1;0,1;1,1;0,0
1,0;0,1;1,0;0,1;0,0;1,1;1,0;1,1;0,0;0,0
0,0;1,0;0,0;1,0;1,1;0,0;0,0;0,0;0,1;0,1
1,0;0,0;0,0;0,0;0,0;1,0;1,1;0,0;1,0;0,0
1,0;0,0;1,0;0,1;1,1;0,1;0,0;0,1;0,0;0,0
1,0;0,1;0,0;0,1;0,1;1,1;0,1;0,0;1,1;1,0
0,0;0,0;0,0;1,0;0,1;1,0;0,0;1,0;0,1;0,1
1,0;0,0;1,1;1,0;0,1;0,0;1,1;0,0;0,1;1,1
1,0;0,0;1,0;1,0;0,0;1,1;0,1;1,0;0,1;0,0
1,0;1,0;0,0;0,1;0,0;0,0;0,1;1,0;1,0;1,1
1,0;1,1;0,0;0,0;1,0;1,1;0,1;1,0;1,1;1,1
1,0;0,0;1,1;0,1;1,0;0,0;0,1;0,1;1,0;0,1
1,0;0,1;0,1;1,1;1,1;1,0;1,0;0,0;0,0;1,1
1,0;0,1;0,0;1,1;1,1;0,0;0,0;1,1;0,1;0,1
1,0;0,0;0,0;1,0;0,0;1,0;0,0;1,0;1,0;1,1
1,0;1,0;0,1;1,0;0,1;1,1;1,0;0,1;1,1;1,0
1,0;0,0;0,0;1,0;1,0;1,1;1,0;0,0;1,0;0,1
0,0;1,0;0,1;1,0;1,0;1,0;1,1;0,0;1,0;0,0
1,0;1,0;1,1;1,1;1,1;0,0;1,0;0,0;1,0;1,0
0,0;1,0;1,0;0,0;1,1;1,1;0,1;0,1;0,1;0,0
1,0;0,1;0,1;0,0;1,0;1,0;1,1;1,1;0,1;1,1
1,0;1,1;0,1;0,1;1,0;1,0;0,1;1,0;0,0;0,0
1,0;0,1;0,1;0,1;1,1;1,1;1,0;0,1;1,1;0,0
0,0;1,0;0,0;1,0;1,1;0,1;1,0;0,0;1,0;0,0
1,0;0,0;1,1;0,1;0,0;0,0;1,0;1,0;1,1;1,1
1,0;1,0;1,0;0,1;1,0;1,1;0,0;0,0;1,1;1,1
1,0;0,1;0,0;1,1;1,0;0,0;0,1;0,1;1,1;0,0
1,0;1,1;1,0;0,0;0,1;0,1;1,1;1,0;1,0;1,0
1,0;1,1;0,0;1,1;1,0;0,1;0,0;1,1;0,0;1,0
1,0;1,0;0,0;1,0;1,0;0,1;1,1;1,0;1,1;0,1
1,0;0,1;1,1;0,1;1,0;1,0;0,1;0,1;1,0;1,1
1,0;0,1;0,0;0,1;1,1;0,1;1,1;0,1;1,0;1,0
1,0;0,0;0,1;0,1;0,1;0,0;1,1;1,1;0,0;1,1
0,0;0,0;0,0;1,0;1,1;0,1;1,0;0,0;1,0;0,1
0,0;1,0;1,1;1,1;0,1;1,0;0,0;1,0;1,0;0,0
1,0;0,0;0,0;0,1;0,1;1,1;1,0;0,1;1,1;0,1
1,0;1,1;0,0;1,1;0,1;0,1;1,0;1,1;0,0;0,1
1,0;1,0;1,0;0,0;0,0;1,1;0,0;1,1;0,0;0,0
1,0;0,0;0,0;0,1;1,0;1,1;1,0;1,0;1,0;1,0
0,0;1,0;1,0;1,0;0,0;1,0;0,0;0,0;1,1;0,0
1,0;0,1;1,1;1,0;0,1;1,0;0,0;1,0;0,1;1,0
1,0;0,1;0,1;0,0;0,1;0,0;0,0;1,0;1,0;0,0
0,0;1,0;0,1;1,1;0,1;0,0;1,1;1,0;0,0;1,1
1,0;1,0;1,0;0,0;1,0;0,0;0,1;0,0;1,1;1,1
0,0;1,0;0,0;1,1;1,1;1,1;0,1;1,0;0,0;1,0
0,0;1,0;0,0;1,0;0,1;0,0;0,1;0,1;1,0;1,1
1,0;1,0;1,1;0,0;0,0;0,1;0,1;0,0;0,1;0,1
0,0;1,0;0,0;1,0;1,1;0,0;0,0;0,0;0,1;1,1
1,0;0,1;0,1;1,1;0,0;0,0;0,1;0,0;1,0;0,0
1,0;0,1;0,1;1,0;0,0;1,0;1,1;0,1;1,1;0,1
0,0;1,0;1,0;0,0;0,0;0,0;1,0;0,0;1,0;1,0
1,0;1,0;1,0;1,0;1,1;0,1;0,0;1,0;0,0;1,0
0,0;1,0;1,1;1,0;1,0;1,1;0,0;1,0;0,0;1,1
1,0;0,0;0,1;1,0;1,1;1,1;1,1;0,0;0,1;1,0
1,0;1,0;0,0;0,0;1,0;1,1;0,0;1,0;1,0;1,0
1,0;0,1;0,1;0,0;0,1;1,0;1,1;0,1;0,1;0,0
0,0;0,0;1,0;1,0;0,0;0,0;1,0;0,1;0,1;0,0
1,0;0,0;0,1;0,0;1,1;0,1;0,0;0,0;0,1;0,0
1,0;1,0;1,1;1,1;0,0;0,0;1,1;0,0;0,1;0,0
1,0;1,1;0,1;1,1;1,1;0,1;0,0;1,0;0,1;0,0
1,0;1,1;1,0;1,0;1,0;1,1;0,1;1,0;0,0;1,0
1,0;1,1;1,1;1,0;0,1;0,0;0,0;0,0;1,1;1,0
1,0;1,0;1,0;1,0;0,1;1,1;1,1;0,1;0,0;1,1
1,0;0,0;1,0;1,1;0,1;0,1;1,1;0,1;0,0;0,1
