(1) =>(member_activates_role1,Y(=>(member_activates_role2,member_deactivates_role2)))
(2) H(=>(member_activates_role1,Y(=>(member_activates_role2,member_deactivates_role2))))
(3) S(Y(=>(member_activates_role2,member_deactivates_role2)),!(member_activates_role1))
(4) =>(member_activates_role1,H(=>(member_activates_role1,Y(=>(member_activates_role2,member_deactivates_role2)))))
(5) =>(member_activates_role1,Y(=>(member_activates_role2,|(member_deactivates_role2,H(member_activates_role1)))))
(6) =>(member_activates_role1,Y(=>(member_activates_role2,S(H(member_activates_role1),member_deactivates_role2))))
(7) =>(member_activates_role1,Y(=>(member_activates_role2,S(H(member_activates_role2),member_deactivates_role2))))
(8) =>(member_activates_role1,Y(=>(|(member_activates_role2,H(member_activates_role1)),member_deactivates_role2)))
(9) =>(member_activates_role1,Y(=>(S(H(member_activates_role1),member_activates_role2),member_deactivates_role2)))
(10) =>(member_activates_role1,S(H(member_activates_role2),Y(=>(member_activates_role2,member_deactivates_role2))))
(11) =>(member_activates_role1,S(&(member_activates_role2,member_deactivates_role2),Y(=>(member_activates_role2,member_deactivates_role2))))
(12) |(member_deactivates_role2,H(=>(member_activates_role1,Y(=>(member_activates_role2,member_deactivates_role2)))))
(13) S(member_deactivates_role2,H(=>(member_activates_role1,Y(=>(member_activates_role2,member_deactivates_role2)))))
(14) S(Y(member_deactivates_role2),=>(member_activates_role1,Y(!(member_activates_role2))))
(15) S(Y(!(member_activates_role2)),=>(member_activates_role1,Y(member_deactivates_role2)))
(16) =>(S(H(member_activates_role2),member_activates_role1),Y(=>(member_activates_role2,member_deactivates_role2)))
(17) H(=>(member_activates_role1,S(&(member_activates_role2,member_deactivates_role2),Y(=>(member_activates_role2,member_deactivates_role2)))))
(18) !(&(member_activates_role1,=>(Y(=>(member_activates_role2,member_deactivates_role2)),H(member_activates_role1))))
(19) !(S(member_activates_role2,!(=>(member_activates_role1,Y(=>(member_activates_role2,member_deactivates_role2))))))
(20) !(S(member_deactivates_role2,!(=>(member_activates_role1,Y(=>(member_activates_role2,member_deactivates_role2))))))
