(1) =>(member_activates_role1,Y(=>(member_activates_role2,member_deactivates_role2)))
(2) H(=>(member_activates_role1,Y(=>(member_activates_role2,member_deactivates_role2))))
(3) S(Y(=>(member_activates_role2,member_deactivates_role2)),!(member_activates_role1))
(4) |(member_activates_role1,H(=>(member_activates_role1,Y(=>(member_activates_role2,member_deactivates_role2)))))
(5) =>(member_activates_role1,H(=>(member_activates_role1,Y(=>(member_activates_role2,member_deactivates_role2)))))
(6) S(member_activates_role1,H(=>(member_activates_role1,Y(=>(member_activates_role2,member_deactivates_role2)))))
(7) =>(member_activates_role1,Y(=>(member_activates_role2,|(member_deactivates_role2,Y(member_activates_role1)))))
(8) =>(member_activates_role1,Y(=>(member_activates_role2,|(member_deactivates_role2,H(member_activates_role1)))))
(9) =>(member_activates_role1,Y(=>(member_activates_role2,S(Y(member_activates_role1),member_deactivates_role2))))
(10) =>(member_activates_role1,Y(=>(member_activates_role2,S(H(member_activates_role1),member_deactivates_role2))))
(11) =>(member_activates_role1,Y(=>(member_activates_role2,S(H(member_activates_role2),member_deactivates_role2))))
(12) =>(member_activates_role1,Y(S(Y(member_activates_role1),=>(member_activates_role2,member_deactivates_role2))))
(13) =>(member_activates_role1,Y(=>(|(member_activates_role2,H(member_activates_role1)),member_deactivates_role2)))
(14) =>(member_activates_role1,Y(=>(S(H(member_activates_role1),member_activates_role2),member_deactivates_role2)))
(15) =>(member_activates_role1,=>(O(member_activates_role2),Y(=>(member_activates_role2,member_deactivates_role2))))
(16) |(member_activates_role2,H(=>(member_activates_role1,Y(=>(member_activates_role2,member_deactivates_role2)))))
(17) =>(member_activates_role2,H(=>(member_activates_role1,Y(=>(member_activates_role2,member_deactivates_role2)))))
(18) S(member_activates_role2,H(=>(member_activates_role1,Y(=>(member_activates_role2,member_deactivates_role2)))))
(19) =>(member_deactivates_role2,H(=>(member_activates_role1,Y(=>(member_activates_role2,member_deactivates_role2)))))
(20) =>(Y(member_activates_role1),Y(Y(=>(member_activates_role2,member_deactivates_role2))))
